<?xml version="1.0" encoding="UTF-8"?>
<beans xmlns="http://www.springframework.org/schema/beans"
       xmlns:xsi="http://www.w3.org/2001/XMLSchema-instance"
       xsi:schemaLocation="http://www.springframework.org/schema/beans http://www.springframework.org/schema/beans/spring-beans.xsd">

    <bean id="dataSource" class="org.springframework.jdbc.datasource.DriverManagerDataSource">
        <property id="driverClassName" value="org.hsqldb.jdbcDriver"/>
        <property id="url" value="jdbc:hsqldb:mem:test"/>
        <property id="username" value="sa"/>
        <property id="password" value=""/>
    </bean>

    <bean id="sessionFactory" class="org.springframework.orm.hibernate3.annotation.AnnotationSessionFactoryBean">
        <property id="dataSource" ref="dataSource"/>
        <property id="packagesToScan" value="com.bigsale.model"/>
        <property id="hibernateProperties">
            <props>
                <prop key="hibernate.dialect">org.hibernate.dialect.HSQLDialect</prop>
                <prop key="hibernate.format_sql">true</prop>
                <prop key="hibernate.hbm2ddl.auto">create</prop>
                <prop key="hibernate.show_sql">true</prop>
                <prop key="hibernate.use_sql_comments">true</prop>
            </props>
        </property>
        <property id="annotatedClasses">
            <list>
                <value>com.bigsale.model.User</value>
            </list>
        </property>
    </bean>

    <bean id="transactionManager" class="org.springframework.orm.hibernate3.HibernateTransactionManager">
        <property id="sessionFactory" ref="sessionFactory"/>
    </bean>
</beans>