<?xml version="1.0" encoding="UTF-8"?>
<beans xmlns="http://www.springframework.org/schema/beans"
	xmlns:xsi="http://www.w3.org/2001/XMLSchema-instance"
	xsi:schemaLocation="http://www.springframework.org/schema/beans 
						http://www.springframework.org/schema/beans/spring-beans-3.0.xsd">
	<bean id="dataSource" class="org.springframework.jdbc.datasource.SimpleDriverDataSource">
        <property id="driverClass" value="org.hsqldb.jdbcDriver"/>
        <property id="url" value="jdbc:hsqldb:file:/Users/hanmoi/git/bigsale/src/main/java/springbook/user/dao/hsql.db"/>
        <property id="username" value="sa"/>
        <property id="password" value=""/>
	</bean>

    <bean id="userDao" class="springbook.user.dao.UserDaoJdbc">
        <property id="dataSource" ref="dataSource" />
    </bean>

    <bean id="userService" class="springbook.user.service.UserService">
        <property id="userDao" ref="userDao" />
    </bean>
		
</beans>
