<?xml version="1.0" encoding="UTF-8" ?>
<testsuite failures="0" time="2.515" errors="4" skipped="0" tests="4" name="AdminAddUserFormControllerTest">
  <properties>
    <property name="java.runtime.name" value="Java(TM) SE Runtime Environment"/>
    <property name="sun.boot.library.path" value="/Library/Java/JavaVirtualMachines/1.7.0.jdk/Contents/Home/jre/lib"/>
    <property name="java.vm.version" value="23.1-b03"/>
    <property name="user.country.format" value="AU"/>
    <property name="gopherProxySet" value="false"/>
    <property name="java.vm.vendor" value="Oracle Corporation"/>
    <property name="java.vendor.url" value="http://java.oracle.com/"/>
    <property name="path.separator" value=":"/>
    <property name="java.vm.name" value="Java HotSpot(TM) 64-Bit Server VM"/>
    <property name="file.encoding.pkg" value="sun.io"/>
    <property name="user.country" value="US"/>
    <property name="sun.java.launcher" value="SUN_STANDARD"/>
    <property name="sun.os.patch.level" value="unknown"/>
    <property name="java.vm.specification.name" value="Java Virtual Machine Specification"/>
    <property name="user.dir" value="/Users/hanmoi/git/bigsale"/>
    <property name="java.runtime.version" value="1.7.0_05-b06"/>
    <property name="java.awt.graphicsenv" value="sun.awt.CGraphicsEnvironment"/>
    <property name="basedir" value="/Users/hanmoi/git/bigsale"/>
    <property name="java.endorsed.dirs" value="/Library/Java/JavaVirtualMachines/1.7.0.jdk/Contents/Home/jre/lib/endorsed"/>
    <property name="os.arch" value="x86_64"/>
    <property name="surefire.real.class.path" value="/Users/hanmoi/git/bigsale/target/surefire/surefirebooter4822783642545283485.jar"/>
    <property name="java.io.tmpdir" value="/var/folders/6c/5n4pnsb92pbblrdyw_jyfnk40000gn/T/"/>
    <property name="line.separator" value="
"/>
    <property name="java.vm.specification.vendor" value="Oracle Corporation"/>
    <property name="os.name" value="Mac OS X"/>
    <property name="sun.jnu.encoding" value="US-ASCII"/>
    <property name="java.library.path" value="/Applications/IntelliJ IDEA 11.app/Contents/Resources/Java:/System/Library/PrivateFrameworks/JavaApplicationLauncher.framework/Resources:/Users/hanmoi/Library/Java/Extensions:/Library/Java/Extensions:/Network/Library/Java/Extensions:/System/Library/Java/Extensions:/usr/lib/java:."/>
    <property name="surefire.test.class.path" value="/Users/hanmoi/git/bigsale/target/test-classes:/Users/hanmoi/git/bigsale/target/classes:/Users/hanmoi/.m2/repository/org/slf4j/slf4j-api/1.6.1/slf4j-api-1.6.1.jar:/Users/hanmoi/.m2/repository/log4j/log4j/1.2.16/log4j-1.2.16.jar:/Users/hanmoi/.m2/repository/org/slf4j/jcl-over-slf4j/1.6.1/jcl-over-slf4j-1.6.1.jar:/Users/hanmoi/.m2/repository/ch/qos/logback/logback-classic/0.9.26/logback-classic-0.9.26.jar:/Users/hanmoi/.m2/repository/ch/qos/logback/logback-core/0.9.26/logback-core-0.9.26.jar:/Users/hanmoi/.m2/repository/ch/qos/logback/logback-access/0.9.26/logback-access-0.9.26.jar:/Users/hanmoi/.m2/repository/org/springframework/spring-test/3.1.2.RELEASE/spring-test-3.1.2.RELEASE.jar:/Users/hanmoi/.m2/repository/org/springframework/spring-web/3.1.2.RELEASE/spring-web-3.1.2.RELEASE.jar:/Users/hanmoi/.m2/repository/aopalliance/aopalliance/1.0/aopalliance-1.0.jar:/Users/hanmoi/.m2/repository/org/springframework/spring-beans/3.1.2.RELEASE/spring-beans-3.1.2.RELEASE.jar:/Users/hanmoi/.m2/repository/org/springframework/spring-context/3.1.2.RELEASE/spring-context-3.1.2.RELEASE.jar:/Users/hanmoi/.m2/repository/org/springframework/spring-aop/3.1.2.RELEASE/spring-aop-3.1.2.RELEASE.jar:/Users/hanmoi/.m2/repository/org/springframework/spring-core/3.1.2.RELEASE/spring-core-3.1.2.RELEASE.jar:/Users/hanmoi/.m2/repository/commons-logging/commons-logging/1.1.1/commons-logging-1.1.1.jar:/Users/hanmoi/.m2/repository/org/springframework/spring-webmvc/3.1.2.RELEASE/spring-webmvc-3.1.2.RELEASE.jar:/Users/hanmoi/.m2/repository/org/springframework/spring-asm/3.1.2.RELEASE/spring-asm-3.1.2.RELEASE.jar:/Users/hanmoi/.m2/repository/org/springframework/spring-context-support/3.1.2.RELEASE/spring-context-support-3.1.2.RELEASE.jar:/Users/hanmoi/.m2/repository/org/springframework/spring-expression/3.1.2.RELEASE/spring-expression-3.1.2.RELEASE.jar:/Users/hanmoi/.m2/repository/org/springframework/spring-jdbc/3.1.2.RELEASE/spring-jdbc-3.1.2.RELEASE.jar:/Users/hanmoi/.m2/repository/org/springframework/spring-tx/3.1.2.RELEASE/spring-tx-3.1.2.RELEASE.jar:/Users/hanmoi/.m2/repository/org/springframework/spring-orm/3.1.2.RELEASE/spring-orm-3.1.2.RELEASE.jar:/Users/hanmoi/.m2/repository/javax/servlet/jstl/1.1.2/jstl-1.1.2.jar:/Users/hanmoi/.m2/repository/taglibs/standard/1.1.2/standard-1.1.2.jar:/Users/hanmoi/.m2/repository/org/hibernate/hibernate-core/3.5.6-Final/hibernate-core-3.5.6-Final.jar:/Users/hanmoi/.m2/repository/antlr/antlr/2.7.6/antlr-2.7.6.jar:/Users/hanmoi/.m2/repository/commons-collections/commons-collections/3.1/commons-collections-3.1.jar:/Users/hanmoi/.m2/repository/dom4j/dom4j/1.6.1/dom4j-1.6.1.jar:/Users/hanmoi/.m2/repository/xml-apis/xml-apis/1.0.b2/xml-apis-1.0.b2.jar:/Users/hanmoi/.m2/repository/javax/transaction/jta/1.1/jta-1.1.jar:/Users/hanmoi/.m2/repository/org/hibernate/hibernate-annotations/3.5.6-Final/hibernate-annotations-3.5.6-Final.jar:/Users/hanmoi/.m2/repository/org/hibernate/javax/persistence/hibernate-jpa-2.0-api/1.0.0.Final/hibernate-jpa-2.0-api-1.0.0.Final.jar:/Users/hanmoi/.m2/repository/org/hibernate/hibernate-cglib-repack/2.1_3/hibernate-cglib-repack-2.1_3.jar:/Users/hanmoi/.m2/repository/org/hibernate/hibernate-validator/4.0.2.GA/hibernate-validator-4.0.2.GA.jar:/Users/hanmoi/.m2/repository/javax/xml/bind/jaxb-api/2.1/jaxb-api-2.1.jar:/Users/hanmoi/.m2/repository/javax/xml/stream/stax-api/1.0-2/stax-api-1.0-2.jar:/Users/hanmoi/.m2/repository/javax/activation/activation/1.1/activation-1.1.jar:/Users/hanmoi/.m2/repository/com/sun/xml/bind/jaxb-impl/2.1.3/jaxb-impl-2.1.3.jar:/Users/hanmoi/.m2/repository/org/hibernate/hibernate-commons-annotations/3.2.0.Final/hibernate-commons-annotations-3.2.0.Final.jar:/Users/hanmoi/.m2/repository/org/hibernate/hibernate-entitymanager/3.5.6-Final/hibernate-entitymanager-3.5.6-Final.jar:/Users/hanmoi/.m2/repository/cglib/cglib/2.2/cglib-2.2.jar:/Users/hanmoi/.m2/repository/asm/asm/3.1/asm-3.1.jar:/Users/hanmoi/.m2/repository/javassist/javassist/3.9.0.GA/javassist-3.9.0.GA.jar:/Users/hanmoi/.m2/repository/c3p0/c3p0/0.9.1.2/c3p0-0.9.1.2.jar:/Users/hanmoi/.m2/repository/javax/servlet/servlet-api/2.5/servlet-api-2.5.jar:/Users/hanmoi/.m2/repository/javax/javaee-api/6.0/javaee-api-6.0.jar:/Users/hanmoi/.m2/repository/javax/validation/validation-api/1.0.0.GA/validation-api-1.0.0.GA.jar:/Users/hanmoi/.m2/repository/mysql/mysql-connector-java/5.1.9/mysql-connector-java-5.1.9.jar:/Users/hanmoi/.m2/repository/hsqldb/hsqldb/1.8.0.7/hsqldb-1.8.0.7.jar:/Users/hanmoi/.m2/repository/org/easytesting/fest-assert/1.4/fest-assert-1.4.jar:/Users/hanmoi/.m2/repository/org/easytesting/fest-util/1.1.6/fest-util-1.1.6.jar:/Users/hanmoi/.m2/repository/junit/junit-dep/4.8.1/junit-dep-4.8.1.jar:/Users/hanmoi/.m2/repository/org/hamcrest/hamcrest-core/1.1/hamcrest-core-1.1.jar:/Users/hanmoi/.m2/repository/org/mockito/mockito-core/1.8.5/mockito-core-1.8.5.jar:/Users/hanmoi/.m2/repository/org/objenesis/objenesis/1.0/objenesis-1.0.jar:/Users/hanmoi/.m2/repository/org/dbunit/dbunit/2.4.7/dbunit-2.4.7.jar:/Users/hanmoi/.m2/repository/junit/junit/3.8.2/junit-3.8.2.jar:/Users/hanmoi/.m2/repository/org/apache/tiles/tiles-api/2.2.2/tiles-api-2.2.2.jar:/Users/hanmoi/.m2/repository/org/apache/tiles/tiles-core/2.2.2/tiles-core-2.2.2.jar:/Users/hanmoi/.m2/repository/commons-digester/commons-digester/2.0/commons-digester-2.0.jar:/Users/hanmoi/.m2/repository/commons-beanutils/commons-beanutils/1.8.0/commons-beanutils-1.8.0.jar:/Users/hanmoi/.m2/repository/org/apache/tiles/tiles-jsp/2.2.2/tiles-jsp-2.2.2.jar:/Users/hanmoi/.m2/repository/org/apache/tiles/tiles-template/2.2.2/tiles-template-2.2.2.jar:/Users/hanmoi/.m2/repository/org/apache/tiles/tiles-servlet/2.2.2/tiles-servlet-2.2.2.jar:/Users/hanmoi/.m2/repository/org/projectlombok/lombok/0.11.4/lombok-0.11.4.jar:"/>
    <property name="java.specification.name" value="Java Platform API Specification"/>
    <property name="java.class.version" value="51.0"/>
    <property name="sun.management.compiler" value="HotSpot 64-Bit Tiered Compilers"/>
    <property name="maven.repo.local" value="/Users/hanmoi/.m2/repository"/>
    <property name="os.version" value="10.8.2"/>
    <property name="http.nonProxyHosts" value="local|*.local|169.254/16|*.169.254/16"/>
    <property name="user.home" value="/Users/hanmoi"/>
    <property name="user.timezone" value="Australia/Melbourne"/>
    <property name="java.awt.printerjob" value="sun.lwawt.macosx.CPrinterJob"/>
    <property name="java.specification.version" value="1.7"/>
    <property name="file.encoding" value="US-ASCII"/>
    <property name="user.name" value="hanmoi"/>
    <property name="java.class.path" value="/Users/hanmoi/git/bigsale/target/test-classes:/Users/hanmoi/git/bigsale/target/classes:/Users/hanmoi/.m2/repository/org/slf4j/slf4j-api/1.6.1/slf4j-api-1.6.1.jar:/Users/hanmoi/.m2/repository/log4j/log4j/1.2.16/log4j-1.2.16.jar:/Users/hanmoi/.m2/repository/org/slf4j/jcl-over-slf4j/1.6.1/jcl-over-slf4j-1.6.1.jar:/Users/hanmoi/.m2/repository/ch/qos/logback/logback-classic/0.9.26/logback-classic-0.9.26.jar:/Users/hanmoi/.m2/repository/ch/qos/logback/logback-core/0.9.26/logback-core-0.9.26.jar:/Users/hanmoi/.m2/repository/ch/qos/logback/logback-access/0.9.26/logback-access-0.9.26.jar:/Users/hanmoi/.m2/repository/org/springframework/spring-test/3.1.2.RELEASE/spring-test-3.1.2.RELEASE.jar:/Users/hanmoi/.m2/repository/org/springframework/spring-web/3.1.2.RELEASE/spring-web-3.1.2.RELEASE.jar:/Users/hanmoi/.m2/repository/aopalliance/aopalliance/1.0/aopalliance-1.0.jar:/Users/hanmoi/.m2/repository/org/springframework/spring-beans/3.1.2.RELEASE/spring-beans-3.1.2.RELEASE.jar:/Users/hanmoi/.m2/repository/org/springframework/spring-context/3.1.2.RELEASE/spring-context-3.1.2.RELEASE.jar:/Users/hanmoi/.m2/repository/org/springframework/spring-aop/3.1.2.RELEASE/spring-aop-3.1.2.RELEASE.jar:/Users/hanmoi/.m2/repository/org/springframework/spring-core/3.1.2.RELEASE/spring-core-3.1.2.RELEASE.jar:/Users/hanmoi/.m2/repository/commons-logging/commons-logging/1.1.1/commons-logging-1.1.1.jar:/Users/hanmoi/.m2/repository/org/springframework/spring-webmvc/3.1.2.RELEASE/spring-webmvc-3.1.2.RELEASE.jar:/Users/hanmoi/.m2/repository/org/springframework/spring-asm/3.1.2.RELEASE/spring-asm-3.1.2.RELEASE.jar:/Users/hanmoi/.m2/repository/org/springframework/spring-context-support/3.1.2.RELEASE/spring-context-support-3.1.2.RELEASE.jar:/Users/hanmoi/.m2/repository/org/springframework/spring-expression/3.1.2.RELEASE/spring-expression-3.1.2.RELEASE.jar:/Users/hanmoi/.m2/repository/org/springframework/spring-jdbc/3.1.2.RELEASE/spring-jdbc-3.1.2.RELEASE.jar:/Users/hanmoi/.m2/repository/org/springframework/spring-tx/3.1.2.RELEASE/spring-tx-3.1.2.RELEASE.jar:/Users/hanmoi/.m2/repository/org/springframework/spring-orm/3.1.2.RELEASE/spring-orm-3.1.2.RELEASE.jar:/Users/hanmoi/.m2/repository/javax/servlet/jstl/1.1.2/jstl-1.1.2.jar:/Users/hanmoi/.m2/repository/taglibs/standard/1.1.2/standard-1.1.2.jar:/Users/hanmoi/.m2/repository/org/hibernate/hibernate-core/3.5.6-Final/hibernate-core-3.5.6-Final.jar:/Users/hanmoi/.m2/repository/antlr/antlr/2.7.6/antlr-2.7.6.jar:/Users/hanmoi/.m2/repository/commons-collections/commons-collections/3.1/commons-collections-3.1.jar:/Users/hanmoi/.m2/repository/dom4j/dom4j/1.6.1/dom4j-1.6.1.jar:/Users/hanmoi/.m2/repository/xml-apis/xml-apis/1.0.b2/xml-apis-1.0.b2.jar:/Users/hanmoi/.m2/repository/javax/transaction/jta/1.1/jta-1.1.jar:/Users/hanmoi/.m2/repository/org/hibernate/hibernate-annotations/3.5.6-Final/hibernate-annotations-3.5.6-Final.jar:/Users/hanmoi/.m2/repository/org/hibernate/javax/persistence/hibernate-jpa-2.0-api/1.0.0.Final/hibernate-jpa-2.0-api-1.0.0.Final.jar:/Users/hanmoi/.m2/repository/org/hibernate/hibernate-cglib-repack/2.1_3/hibernate-cglib-repack-2.1_3.jar:/Users/hanmoi/.m2/repository/org/hibernate/hibernate-validator/4.0.2.GA/hibernate-validator-4.0.2.GA.jar:/Users/hanmoi/.m2/repository/javax/xml/bind/jaxb-api/2.1/jaxb-api-2.1.jar:/Users/hanmoi/.m2/repository/javax/xml/stream/stax-api/1.0-2/stax-api-1.0-2.jar:/Users/hanmoi/.m2/repository/javax/activation/activation/1.1/activation-1.1.jar:/Users/hanmoi/.m2/repository/com/sun/xml/bind/jaxb-impl/2.1.3/jaxb-impl-2.1.3.jar:/Users/hanmoi/.m2/repository/org/hibernate/hibernate-commons-annotations/3.2.0.Final/hibernate-commons-annotations-3.2.0.Final.jar:/Users/hanmoi/.m2/repository/org/hibernate/hibernate-entitymanager/3.5.6-Final/hibernate-entitymanager-3.5.6-Final.jar:/Users/hanmoi/.m2/repository/cglib/cglib/2.2/cglib-2.2.jar:/Users/hanmoi/.m2/repository/asm/asm/3.1/asm-3.1.jar:/Users/hanmoi/.m2/repository/javassist/javassist/3.9.0.GA/javassist-3.9.0.GA.jar:/Users/hanmoi/.m2/repository/c3p0/c3p0/0.9.1.2/c3p0-0.9.1.2.jar:/Users/hanmoi/.m2/repository/javax/servlet/servlet-api/2.5/servlet-api-2.5.jar:/Users/hanmoi/.m2/repository/javax/javaee-api/6.0/javaee-api-6.0.jar:/Users/hanmoi/.m2/repository/javax/validation/validation-api/1.0.0.GA/validation-api-1.0.0.GA.jar:/Users/hanmoi/.m2/repository/mysql/mysql-connector-java/5.1.9/mysql-connector-java-5.1.9.jar:/Users/hanmoi/.m2/repository/hsqldb/hsqldb/1.8.0.7/hsqldb-1.8.0.7.jar:/Users/hanmoi/.m2/repository/org/easytesting/fest-assert/1.4/fest-assert-1.4.jar:/Users/hanmoi/.m2/repository/org/easytesting/fest-util/1.1.6/fest-util-1.1.6.jar:/Users/hanmoi/.m2/repository/junit/junit-dep/4.8.1/junit-dep-4.8.1.jar:/Users/hanmoi/.m2/repository/org/hamcrest/hamcrest-core/1.1/hamcrest-core-1.1.jar:/Users/hanmoi/.m2/repository/org/mockito/mockito-core/1.8.5/mockito-core-1.8.5.jar:/Users/hanmoi/.m2/repository/org/objenesis/objenesis/1.0/objenesis-1.0.jar:/Users/hanmoi/.m2/repository/org/dbunit/dbunit/2.4.7/dbunit-2.4.7.jar:/Users/hanmoi/.m2/repository/junit/junit/3.8.2/junit-3.8.2.jar:/Users/hanmoi/.m2/repository/org/apache/tiles/tiles-api/2.2.2/tiles-api-2.2.2.jar:/Users/hanmoi/.m2/repository/org/apache/tiles/tiles-core/2.2.2/tiles-core-2.2.2.jar:/Users/hanmoi/.m2/repository/commons-digester/commons-digester/2.0/commons-digester-2.0.jar:/Users/hanmoi/.m2/repository/commons-beanutils/commons-beanutils/1.8.0/commons-beanutils-1.8.0.jar:/Users/hanmoi/.m2/repository/org/apache/tiles/tiles-jsp/2.2.2/tiles-jsp-2.2.2.jar:/Users/hanmoi/.m2/repository/org/apache/tiles/tiles-template/2.2.2/tiles-template-2.2.2.jar:/Users/hanmoi/.m2/repository/org/apache/tiles/tiles-servlet/2.2.2/tiles-servlet-2.2.2.jar:/Users/hanmoi/.m2/repository/org/projectlombok/lombok/0.11.4/lombok-0.11.4.jar:"/>
    <property name="java.vm.specification.version" value="1.7"/>
    <property name="sun.arch.data.model" value="64"/>
    <property name="java.home" value="/Library/Java/JavaVirtualMachines/1.7.0.jdk/Contents/Home/jre"/>
    <property name="sun.java.command" value="/Users/hanmoi/git/bigsale/target/surefire/surefirebooter4822783642545283485.jar /Users/hanmoi/git/bigsale/target/surefire/surefire1753695931822889257tmp /Users/hanmoi/git/bigsale/target/surefire/surefire5696241491371051421tmp"/>
    <property name="java.specification.vendor" value="Oracle Corporation"/>
    <property name="user.language" value="en"/>
    <property name="awt.toolkit" value="sun.lwawt.macosx.LWCToolkit"/>
    <property name="java.vm.info" value="mixed mode"/>
    <property name="java.version" value="1.7.0_05"/>
    <property name="java.ext.dirs" value="/Users/hanmoi/Library/Java/Extensions:/Library/Java/JavaVirtualMachines/1.7.0.jdk/Contents/Home/jre/lib/ext:/Library/Java/Extensions:/Network/Library/Java/Extensions:/System/Library/Java/Extensions:/usr/lib/java"/>
    <property name="sun.boot.class.path" value="/Library/Java/JavaVirtualMachines/1.7.0.jdk/Contents/Home/jre/lib/resources.jar:/Library/Java/JavaVirtualMachines/1.7.0.jdk/Contents/Home/jre/lib/rt.jar:/Library/Java/JavaVirtualMachines/1.7.0.jdk/Contents/Home/jre/lib/sunrsasign.jar:/Library/Java/JavaVirtualMachines/1.7.0.jdk/Contents/Home/jre/lib/jsse.jar:/Library/Java/JavaVirtualMachines/1.7.0.jdk/Contents/Home/jre/lib/jce.jar:/Library/Java/JavaVirtualMachines/1.7.0.jdk/Contents/Home/jre/lib/charsets.jar:/Library/Java/JavaVirtualMachines/1.7.0.jdk/Contents/Home/jre/lib/jfr.jar:/Library/Java/JavaVirtualMachines/1.7.0.jdk/Contents/Home/jre/lib/JObjC.jar:/Library/Java/JavaVirtualMachines/1.7.0.jdk/Contents/Home/jre/classes"/>
    <property name="java.vendor" value="Oracle Corporation"/>
    <property name="localRepository" value="/Users/hanmoi/.m2/repository"/>
    <property name="file.separator" value="/"/>
    <property name="java.vendor.url.bug" value="http://bugreport.sun.com/bugreport/"/>
    <property name="sun.cpu.endian" value="little"/>
    <property name="sun.io.unicode.encoding" value="UnicodeBig"/>
    <property name="socksNonProxyHosts" value="local|*.local|169.254/16|*.169.254/16"/>
    <property name="ftp.nonProxyHosts" value="local|*.local|169.254/16|*.169.254/16"/>
    <property name="sun.cpu.isalist" value=""/>
  </properties>
  <testcase time="2.099" classname="AdminAddUserFormControllerTest" name="shallLoadBeansFromContextFile">
    <error message="Error creating bean with name &apos;userRepository&apos;: Injection of autowired dependencies failed; nested exception is org.springframework.beans.factory.BeanCreationException: Could not autowire method: public void com.bigsale.orm.dao.UserRepository.setSessionFactory(org.hibernate.SessionFactory); nested exception is org.springframework.beans.factory.BeanCreationException: Error creating bean with name &apos;sessionFactory&apos; defined in class path resource [hibernate.xml]: Invocation of init method failed; nested exception is java.lang.ClassFormatError: Absent Code attribute in method that is not native or abstract in class file javax/validation/Validation" type="org.springframework.beans.factory.BeanCreationException">org.springframework.beans.factory.BeanCreationException: Error creating bean with name &apos;userRepository&apos;: Injection of autowired dependencies failed; nested exception is org.springframework.beans.factory.BeanCreationException: Could not autowire method: public void com.bigsale.orm.dao.UserRepository.setSessionFactory(org.hibernate.SessionFactory); nested exception is org.springframework.beans.factory.BeanCreationException: Error creating bean with name &apos;sessionFactory&apos; defined in class path resource [hibernate.xml]: Invocation of init method failed; nested exception is java.lang.ClassFormatError: Absent Code attribute in method that is not native or abstract in class file javax/validation/Validation
	at org.springframework.beans.factory.annotation.AutowiredAnnotationBeanPostProcessor.postProcessPropertyValues(AutowiredAnnotationBeanPostProcessor.java:287)
	at org.springframework.beans.factory.support.AbstractAutowireCapableBeanFactory.populateBean(AbstractAutowireCapableBeanFactory.java:1106)
	at org.springframework.beans.factory.support.AbstractAutowireCapableBeanFactory.doCreateBean(AbstractAutowireCapableBeanFactory.java:517)
	at org.springframework.beans.factory.support.AbstractAutowireCapableBeanFactory.createBean(AbstractAutowireCapableBeanFactory.java:456)
	at org.springframework.beans.factory.support.AbstractBeanFactory$1.getObject(AbstractBeanFactory.java:294)
	at org.springframework.beans.factory.support.DefaultSingletonBeanRegistry.getSingleton(DefaultSingletonBeanRegistry.java:225)
	at org.springframework.beans.factory.support.AbstractBeanFactory.doGetBean(AbstractBeanFactory.java:291)
	at org.springframework.beans.factory.support.AbstractBeanFactory.getBean(AbstractBeanFactory.java:193)
	at org.springframework.beans.factory.support.DefaultListableBeanFactory.preInstantiateSingletons(DefaultListableBeanFactory.java:609)
	at org.springframework.context.support.AbstractApplicationContext.finishBeanFactoryInitialization(AbstractApplicationContext.java:918)
	at org.springframework.context.support.AbstractApplicationContext.refresh(AbstractApplicationContext.java:469)
	at ConfigurableDispatcherServlet.createWebApplicationContext(ConfigurableDispatcherServlet.java:78)
	at org.springframework.web.servlet.FrameworkServlet.createWebApplicationContext(FrameworkServlet.java:645)
	at org.springframework.web.servlet.FrameworkServlet.initWebApplicationContext(FrameworkServlet.java:508)
	at org.springframework.web.servlet.FrameworkServlet.initServletBean(FrameworkServlet.java:449)
	at org.springframework.web.servlet.HttpServletBean.init(HttpServletBean.java:133)
	at javax.servlet.GenericServlet.init(GenericServlet.java:241)
	at AbstractDispatcherServletTest.buildDispatcherServlet(AbstractDispatcherServletTest.java:89)
	at AbstractDispatcherServletTest.runService(AbstractDispatcherServletTest.java:95)
	at AdminAddUserFormControllerTest.shallLoadBeansFromContextFile(AdminAddUserFormControllerTest.java:17)
	at sun.reflect.NativeMethodAccessorImpl.invoke0(Native Method)
	at sun.reflect.NativeMethodAccessorImpl.invoke(NativeMethodAccessorImpl.java:57)
	at sun.reflect.DelegatingMethodAccessorImpl.invoke(DelegatingMethodAccessorImpl.java:43)
	at java.lang.reflect.Method.invoke(Method.java:601)
	at org.junit.runners.model.FrameworkMethod$1.runReflectiveCall(FrameworkMethod.java:44)
	at org.junit.internal.runners.model.ReflectiveCallable.run(ReflectiveCallable.java:15)
	at org.junit.runners.model.FrameworkMethod.invokeExplosively(FrameworkMethod.java:41)
	at org.junit.internal.runners.statements.InvokeMethod.evaluate(InvokeMethod.java:20)
	at org.junit.internal.runners.statements.RunAfters.evaluate(RunAfters.java:31)
	at org.junit.runners.BlockJUnit4ClassRunner.runChild(BlockJUnit4ClassRunner.java:76)
	at org.junit.runners.BlockJUnit4ClassRunner.runChild(BlockJUnit4ClassRunner.java:50)
	at org.junit.runners.ParentRunner$3.run(ParentRunner.java:193)
	at org.junit.runners.ParentRunner$1.schedule(ParentRunner.java:52)
	at org.junit.runners.ParentRunner.runChildren(ParentRunner.java:191)
	at org.junit.runners.ParentRunner.access$000(ParentRunner.java:42)
	at org.junit.runners.ParentRunner$2.evaluate(ParentRunner.java:184)
	at org.junit.runners.ParentRunner.run(ParentRunner.java:236)
	at org.apache.maven.surefire.junit4.JUnit4TestSet.execute(JUnit4TestSet.java:35)
	at org.apache.maven.surefire.junit4.JUnit4Provider.executeTestSet(JUnit4Provider.java:115)
	at org.apache.maven.surefire.junit4.JUnit4Provider.invoke(JUnit4Provider.java:97)
	at sun.reflect.NativeMethodAccessorImpl.invoke0(Native Method)
	at sun.reflect.NativeMethodAccessorImpl.invoke(NativeMethodAccessorImpl.java:57)
	at sun.reflect.DelegatingMethodAccessorImpl.invoke(DelegatingMethodAccessorImpl.java:43)
	at java.lang.reflect.Method.invoke(Method.java:601)
	at org.apache.maven.surefire.booter.ProviderFactory$ClassLoaderProxy.invoke(ProviderFactory.java:103)
	at $Proxy0.invoke(Unknown Source)
	at org.apache.maven.surefire.booter.SurefireStarter.invokeProvider(SurefireStarter.java:150)
	at org.apache.maven.surefire.booter.SurefireStarter.runSuitesInProcess(SurefireStarter.java:91)
	at org.apache.maven.surefire.booter.ForkedBooter.main(ForkedBooter.java:69)
Caused by: org.springframework.beans.factory.BeanCreationException: Could not autowire method: public void com.bigsale.orm.dao.UserRepository.setSessionFactory(org.hibernate.SessionFactory); nested exception is org.springframework.beans.factory.BeanCreationException: Error creating bean with name &apos;sessionFactory&apos; defined in class path resource [hibernate.xml]: Invocation of init method failed; nested exception is java.lang.ClassFormatError: Absent Code attribute in method that is not native or abstract in class file javax/validation/Validation
	at org.springframework.beans.factory.annotation.AutowiredAnnotationBeanPostProcessor$AutowiredMethodElement.inject(AutowiredAnnotationBeanPostProcessor.java:593)
	at org.springframework.beans.factory.annotation.InjectionMetadata.inject(InjectionMetadata.java:87)
	at org.springframework.beans.factory.annotation.AutowiredAnnotationBeanPostProcessor.postProcessPropertyValues(AutowiredAnnotationBeanPostProcessor.java:284)
	... 48 more
Caused by: org.springframework.beans.factory.BeanCreationException: Error creating bean with name &apos;sessionFactory&apos; defined in class path resource [hibernate.xml]: Invocation of init method failed; nested exception is java.lang.ClassFormatError: Absent Code attribute in method that is not native or abstract in class file javax/validation/Validation
	at org.springframework.beans.factory.support.AbstractAutowireCapableBeanFactory.initializeBean(AbstractAutowireCapableBeanFactory.java:1455)
	at org.springframework.beans.factory.support.AbstractAutowireCapableBeanFactory.doCreateBean(AbstractAutowireCapableBeanFactory.java:519)
	at org.springframework.beans.factory.support.AbstractAutowireCapableBeanFactory.createBean(AbstractAutowireCapableBeanFactory.java:456)
	at org.springframework.beans.factory.support.AbstractBeanFactory$1.getObject(AbstractBeanFactory.java:294)
	at org.springframework.beans.factory.support.DefaultSingletonBeanRegistry.getSingleton(DefaultSingletonBeanRegistry.java:225)
	at org.springframework.beans.factory.support.AbstractBeanFactory.doGetBean(AbstractBeanFactory.java:291)
	at org.springframework.beans.factory.support.AbstractBeanFactory.getBean(AbstractBeanFactory.java:193)
	at org.springframework.beans.factory.support.DefaultListableBeanFactory.findAutowireCandidates(DefaultListableBeanFactory.java:876)
	at org.springframework.beans.factory.support.DefaultListableBeanFactory.doResolveDependency(DefaultListableBeanFactory.java:818)
	at org.springframework.beans.factory.support.DefaultListableBeanFactory.resolveDependency(DefaultListableBeanFactory.java:735)
	at org.springframework.beans.factory.annotation.AutowiredAnnotationBeanPostProcessor$AutowiredMethodElement.inject(AutowiredAnnotationBeanPostProcessor.java:551)
	... 50 more
Caused by: java.lang.ClassFormatError: Absent Code attribute in method that is not native or abstract in class file javax/validation/Validation
	at java.lang.ClassLoader.defineClass1(Native Method)
	at java.lang.ClassLoader.defineClass(ClassLoader.java:791)
	at java.security.SecureClassLoader.defineClass(SecureClassLoader.java:142)
	at java.net.URLClassLoader.defineClass(URLClassLoader.java:449)
	at java.net.URLClassLoader.access$100(URLClassLoader.java:71)
	at java.net.URLClassLoader$1.run(URLClassLoader.java:361)
	at java.net.URLClassLoader$1.run(URLClassLoader.java:355)
	at java.security.AccessController.doPrivileged(Native Method)
	at java.net.URLClassLoader.findClass(URLClassLoader.java:354)
	at java.lang.ClassLoader.loadClass(ClassLoader.java:423)
	at sun.misc.Launcher$AppClassLoader.loadClass(Launcher.java:308)
	at java.lang.ClassLoader.loadClass(ClassLoader.java:356)
	at java.lang.Class.forName0(Native Method)
	at java.lang.Class.forName(Class.java:264)
	at org.hibernate.util.ReflectHelper.classForName(ReflectHelper.java:170)
	at org.hibernate.cfg.beanvalidation.BeanValidationActivator.applyDDL(BeanValidationActivator.java:80)
	at org.hibernate.cfg.AnnotationConfiguration.applyBeanValidationConstraintsOnDDL(AnnotationConfiguration.java:477)
	at org.hibernate.cfg.AnnotationConfiguration.applyConstraintsToDDL(AnnotationConfiguration.java:429)
	at org.hibernate.cfg.AnnotationConfiguration.secondPassCompile(AnnotationConfiguration.java:403)
	at org.hibernate.cfg.Configuration.buildMappings(Configuration.java:1206)
	at org.springframework.orm.hibernate3.LocalSessionFactoryBean.buildSessionFactory(LocalSessionFactoryBean.java:717)
	at org.springframework.orm.hibernate3.AbstractSessionFactoryBean.afterPropertiesSet(AbstractSessionFactoryBean.java:188)
	at org.springframework.beans.factory.support.AbstractAutowireCapableBeanFactory.invokeInitMethods(AbstractAutowireCapableBeanFactory.java:1514)
	at org.springframework.beans.factory.support.AbstractAutowireCapableBeanFactory.initializeBean(AbstractAutowireCapableBeanFactory.java:1452)
	... 60 more
</error>
    <system-out>@HL
@HL-------------------------------------------------------
@HL T E S T S
@HL-------------------------------------------------------
@SLRunning AdminAddUserFormControllerTest
23:46:43,130 |-INFO in ch.qos.logback.classic.LoggerContext[default] - Could NOT find resource [logback.groovy]
23:46:43,130 |-INFO in ch.qos.logback.classic.LoggerContext[default] - Found resource [logback-test.xml] at [file:/Users/hanmoi/git/bigsale/target/classes/logback-test.xml]
23:46:43,234 |-INFO in ch.qos.logback.classic.joran.action.ConfigurationAction - debug attribute not set
23:46:43,241 |-INFO in ch.qos.logback.core.joran.action.AppenderAction - About to instantiate appender of type [ch.qos.logback.core.ConsoleAppender]
23:46:43,246 |-INFO in ch.qos.logback.core.joran.action.AppenderAction - Naming appender as [STDOUT]
23:46:43,324 |-WARN in ch.qos.logback.core.ConsoleAppender[STDOUT] - This appender no longer admits a layout as a sub-component, set an encoder instead.
23:46:43,324 |-WARN in ch.qos.logback.core.ConsoleAppender[STDOUT] - To ensure compatibility, wrapping your layout in LayoutWrappingEncoder.
23:46:43,324 |-WARN in ch.qos.logback.core.ConsoleAppender[STDOUT] - See also http://logback.qos.ch/codes.html#layoutInsteadOfEncoder for details
23:46:43,325 |-INFO in ch.qos.logback.classic.joran.action.RootLoggerAction - Setting level of ROOT logger to DEBUG
23:46:43,325 |-INFO in ch.qos.logback.core.joran.action.AppenderRefAction - Attaching appender named [STDOUT] to Logger[ROOT]

23:46:43.426 [main] DEBUG o.s.w.c.s.StandardServletEnvironment - Initializing new StandardServletEnvironment
23:46:43.429 [main] DEBUG o.s.w.c.s.StandardServletEnvironment - Adding [servletConfigInitParams] PropertySource with lowest search precedence
23:46:43.429 [main] DEBUG o.s.w.c.s.StandardServletEnvironment - Adding [servletContextInitParams] PropertySource with lowest search precedence
23:46:43.433 [main] DEBUG o.s.w.c.s.StandardServletEnvironment - Adding [jndiProperties] PropertySource with lowest search precedence
23:46:43.433 [main] DEBUG o.s.w.c.s.StandardServletEnvironment - Adding [systemProperties] PropertySource with lowest search precedence
23:46:43.434 [main] DEBUG o.s.w.c.s.StandardServletEnvironment - Adding [systemEnvironment] PropertySource with lowest search precedence
23:46:43.436 [main] DEBUG o.s.w.c.s.StandardServletEnvironment - Initialized StandardServletEnvironment with PropertySources [servletConfigInitParams,servletContextInitParams,jndiProperties,systemProperties,systemEnvironment]
23:46:43.436 [main] DEBUG ConfigurableDispatcherServlet - Initializing servlet &apos;spring&apos;
23:46:43.453 [main] INFO  o.s.mock.web.MockServletContext - Initializing Spring FrameworkServlet &apos;spring&apos;
23:46:43.454 [main] INFO  ConfigurableDispatcherServlet - FrameworkServlet &apos;spring&apos;: initialization started
23:46:43.479 [main] DEBUG o.s.w.c.s.StandardServletEnvironment - Initializing new StandardServletEnvironment
23:46:43.479 [main] DEBUG o.s.w.c.s.StandardServletEnvironment - Adding [servletConfigInitParams] PropertySource with lowest search precedence
23:46:43.480 [main] DEBUG o.s.w.c.s.StandardServletEnvironment - Adding [servletContextInitParams] PropertySource with lowest search precedence
23:46:43.480 [main] DEBUG o.s.w.c.s.StandardServletEnvironment - Adding [jndiProperties] PropertySource with lowest search precedence
23:46:43.480 [main] DEBUG o.s.w.c.s.StandardServletEnvironment - Adding [systemProperties] PropertySource with lowest search precedence
23:46:43.480 [main] DEBUG o.s.w.c.s.StandardServletEnvironment - Adding [systemEnvironment] PropertySource with lowest search precedence
23:46:43.480 [main] DEBUG o.s.w.c.s.StandardServletEnvironment - Initialized StandardServletEnvironment with PropertySources [servletConfigInitParams,servletContextInitParams,jndiProperties,systemProperties,systemEnvironment]
23:46:43.483 [main] INFO  ConfigurableDispatcherServlet$1 - Refreshing Root WebApplicationContext: startup date [Sat Sep 29 23:46:43 EST 2012]; root of context hierarchy
23:46:43.484 [main] DEBUG o.s.w.c.s.StandardServletEnvironment - Replacing [servletContextInitParams] PropertySource with [servletContextInitParams]
23:46:43.484 [main] DEBUG o.s.w.c.s.StandardServletEnvironment - Replacing [servletConfigInitParams] PropertySource with [servletConfigInitParams]
23:46:43.529 [main] DEBUG o.s.core.env.StandardEnvironment - Initializing new StandardEnvironment
23:46:43.529 [main] DEBUG o.s.core.env.StandardEnvironment - Adding [systemProperties] PropertySource with lowest search precedence
23:46:43.530 [main] DEBUG o.s.core.env.StandardEnvironment - Adding [systemEnvironment] PropertySource with lowest search precedence
23:46:43.530 [main] DEBUG o.s.core.env.StandardEnvironment - Initialized StandardEnvironment with PropertySources [systemProperties,systemEnvironment]
23:46:43.531 [main] DEBUG o.s.core.env.StandardEnvironment - Initializing new StandardEnvironment
23:46:43.532 [main] DEBUG o.s.core.env.StandardEnvironment - Adding [systemProperties] PropertySource with lowest search precedence
23:46:43.532 [main] DEBUG o.s.core.env.StandardEnvironment - Adding [systemEnvironment] PropertySource with lowest search precedence
23:46:43.532 [main] DEBUG o.s.core.env.StandardEnvironment - Initialized StandardEnvironment with PropertySources [systemProperties,systemEnvironment]
23:46:43.541 [main] INFO  o.s.b.f.xml.XmlBeanDefinitionReader - Loading XML bean definitions from class path resource [web-application-context.xml]
23:46:43.551 [main] DEBUG o.s.b.f.xml.DefaultDocumentLoader - Using JAXP provider [com.sun.org.apache.xerces.internal.jaxp.DocumentBuilderFactoryImpl]
23:46:43.582 [main] DEBUG o.s.b.f.xml.PluggableSchemaResolver - Loading schema mappings from [META-INF/spring.schemas]
23:46:43.585 [main] DEBUG o.s.b.f.xml.PluggableSchemaResolver - Loaded schema mappings: {http://www.springframework.org/schema/util/spring-util.xsd=org/springframework/beans/factory/xml/spring-util-3.1.xsd, http://www.springframework.org/schema/mvc/spring-mvc-3.1.xsd=org/springframework/web/servlet/config/spring-mvc-3.1.xsd, http://www.springframework.org/schema/beans/spring-beans-3.1.xsd=org/springframework/beans/factory/xml/spring-beans-3.1.xsd, http://www.springframework.org/schema/task/spring-task.xsd=org/springframework/scheduling/config/spring-task-3.1.xsd, http://www.springframework.org/schema/cache/spring-cache.xsd=org/springframework/cache/config/spring-cache-3.1.xsd, http://www.springframework.org/schema/aop/spring-aop-3.0.xsd=org/springframework/aop/config/spring-aop-3.0.xsd, http://www.springframework.org/schema/task/spring-task-3.1.xsd=org/springframework/scheduling/config/spring-task-3.1.xsd, http://www.springframework.org/schema/aop/spring-aop-2.0.xsd=org/springframework/aop/config/spring-aop-2.0.xsd, http://www.springframework.org/schema/tool/spring-tool-2.5.xsd=org/springframework/beans/factory/xml/spring-tool-2.5.xsd, http://www.springframework.org/schema/beans/spring-beans.xsd=org/springframework/beans/factory/xml/spring-beans-3.1.xsd, http://www.springframework.org/schema/jee/spring-jee-2.5.xsd=org/springframework/ejb/config/spring-jee-2.5.xsd, http://www.springframework.org/schema/jdbc/spring-jdbc-3.1.xsd=org/springframework/jdbc/config/spring-jdbc-3.1.xsd, http://www.springframework.org/schema/tool/spring-tool-3.1.xsd=org/springframework/beans/factory/xml/spring-tool-3.1.xsd, http://www.springframework.org/schema/aop/spring-aop.xsd=org/springframework/aop/config/spring-aop-3.1.xsd, http://www.springframework.org/schema/jee/spring-jee-3.1.xsd=org/springframework/ejb/config/spring-jee-3.1.xsd, http://www.springframework.org/schema/beans/spring-beans-2.0.xsd=org/springframework/beans/factory/xml/spring-beans-2.0.xsd, http://www.springframework.org/schema/mvc/spring-mvc-3.0.xsd=org/springframework/web/servlet/config/spring-mvc-3.0.xsd, http://www.springframework.org/schema/beans/spring-beans-3.0.xsd=org/springframework/beans/factory/xml/spring-beans-3.0.xsd, http://www.springframework.org/schema/task/spring-task-3.0.xsd=org/springframework/scheduling/config/spring-task-3.0.xsd, http://www.springframework.org/schema/tx/spring-tx-2.5.xsd=org/springframework/transaction/config/spring-tx-2.5.xsd, http://www.springframework.org/schema/context/spring-context-2.5.xsd=org/springframework/context/config/spring-context-2.5.xsd, http://www.springframework.org/schema/jdbc/spring-jdbc-3.0.xsd=org/springframework/jdbc/config/spring-jdbc-3.0.xsd, http://www.springframework.org/schema/tool/spring-tool-3.0.xsd=org/springframework/beans/factory/xml/spring-tool-3.0.xsd, http://www.springframework.org/schema/tx/spring-tx.xsd=org/springframework/transaction/config/spring-tx-3.1.xsd, http://www.springframework.org/schema/tool/spring-tool-2.0.xsd=org/springframework/beans/factory/xml/spring-tool-2.0.xsd, http://www.springframework.org/schema/util/spring-util-2.5.xsd=org/springframework/beans/factory/xml/spring-util-2.5.xsd, http://www.springframework.org/schema/lang/spring-lang.xsd=org/springframework/scripting/config/spring-lang-3.1.xsd, http://www.springframework.org/schema/lang/spring-lang-2.5.xsd=org/springframework/scripting/config/spring-lang-2.5.xsd, http://www.springframework.org/schema/jee/spring-jee-3.0.xsd=org/springframework/ejb/config/spring-jee-3.0.xsd, http://www.springframework.org/schema/tx/spring-tx-3.1.xsd=org/springframework/transaction/config/spring-tx-3.1.xsd, http://www.springframework.org/schema/jee/spring-jee-2.0.xsd=org/springframework/ejb/config/spring-jee-2.0.xsd, http://www.springframework.org/schema/context/spring-context-3.1.xsd=org/springframework/context/config/spring-context-3.1.xsd, http://www.springframework.org/schema/util/spring-util-3.1.xsd=org/springframework/beans/factory/xml/spring-util-3.1.xsd, http://www.springframework.org/schema/lang/spring-lang-3.1.xsd=org/springframework/scripting/config/spring-lang-3.1.xsd, http://www.springframework.org/schema/cache/spring-cache-3.1.xsd=org/springframework/cache/config/spring-cache-3.1.xsd, http://www.springframework.org/schema/context/spring-context.xsd=org/springframework/context/config/spring-context-3.1.xsd, http://www.springframework.org/schema/jee/spring-jee.xsd=org/springframework/ejb/config/spring-jee-3.1.xsd, http://www.springframework.org/schema/aop/spring-aop-2.5.xsd=org/springframework/aop/config/spring-aop-2.5.xsd, http://www.springframework.org/schema/mvc/spring-mvc.xsd=org/springframework/web/servlet/config/spring-mvc-3.1.xsd, http://www.springframework.org/schema/jdbc/spring-jdbc.xsd=org/springframework/jdbc/config/spring-jdbc-3.1.xsd, http://www.springframework.org/schema/tx/spring-tx-2.0.xsd=org/springframework/transaction/config/spring-tx-2.0.xsd, http://www.springframework.org/schema/aop/spring-aop-3.1.xsd=org/springframework/aop/config/spring-aop-3.1.xsd, http://www.springframework.org/schema/tx/spring-tx-3.0.xsd=org/springframework/transaction/config/spring-tx-3.0.xsd, http://www.springframework.org/schema/context/spring-context-3.0.xsd=org/springframework/context/config/spring-context-3.0.xsd, http://www.springframework.org/schema/tool/spring-tool.xsd=org/springframework/beans/factory/xml/spring-tool-3.1.xsd, http://www.springframework.org/schema/util/spring-util-3.0.xsd=org/springframework/beans/factory/xml/spring-util-3.0.xsd, http://www.springframework.org/schema/lang/spring-lang-3.0.xsd=org/springframework/scripting/config/spring-lang-3.0.xsd, http://www.springframework.org/schema/util/spring-util-2.0.xsd=org/springframework/beans/factory/xml/spring-util-2.0.xsd, http://www.springframework.org/schema/lang/spring-lang-2.0.xsd=org/springframework/scripting/config/spring-lang-2.0.xsd, http://www.springframework.org/schema/beans/spring-beans-2.5.xsd=org/springframework/beans/factory/xml/spring-beans-2.5.xsd}
23:46:43.587 [main] DEBUG o.s.b.f.xml.PluggableSchemaResolver - Found XML schema [http://www.springframework.org/schema/beans/spring-beans.xsd] in classpath: org/springframework/beans/factory/xml/spring-beans-3.1.xsd
23:46:43.675 [main] DEBUG o.s.b.f.x.DefaultBeanDefinitionDocumentReader - Loading bean definitions
23:46:43.707 [main] INFO  o.s.b.f.xml.XmlBeanDefinitionReader - Loading XML bean definitions from class path resource [webmvc-context.xml]
23:46:43.710 [main] DEBUG o.s.b.f.xml.DefaultDocumentLoader - Using JAXP provider [com.sun.org.apache.xerces.internal.jaxp.DocumentBuilderFactoryImpl]
23:46:43.713 [main] DEBUG o.s.b.f.xml.PluggableSchemaResolver - Found XML schema [http://www.springframework.org/schema/beans/spring-beans.xsd] in classpath: org/springframework/beans/factory/xml/spring-beans-3.1.xsd
23:46:43.741 [main] DEBUG o.s.b.f.xml.PluggableSchemaResolver - Found XML schema [http://www.springframework.org/schema/context/spring-context-3.1.xsd] in classpath: org/springframework/context/config/spring-context-3.1.xsd
23:46:43.750 [main] DEBUG o.s.b.f.xml.PluggableSchemaResolver - Found XML schema [http://www.springframework.org/schema/tool/spring-tool-3.1.xsd] in classpath: org/springframework/beans/factory/xml/spring-tool-3.1.xsd
23:46:43.761 [main] DEBUG o.s.b.f.x.DefaultBeanDefinitionDocumentReader - Loading bean definitions
23:46:43.764 [main] DEBUG o.s.b.f.x.DefaultNamespaceHandlerResolver - Loaded NamespaceHandler mappings: {http://www.springframework.org/schema/p=org.springframework.beans.factory.xml.SimplePropertyNamespaceHandler, http://www.springframework.org/schema/mvc=org.springframework.web.servlet.config.MvcNamespaceHandler, http://www.springframework.org/schema/util=org.springframework.beans.factory.xml.UtilNamespaceHandler, http://www.springframework.org/schema/jee=org.springframework.ejb.config.JeeNamespaceHandler, http://www.springframework.org/schema/aop=org.springframework.aop.config.AopNamespaceHandler, http://www.springframework.org/schema/jdbc=org.springframework.jdbc.config.JdbcNamespaceHandler, http://www.springframework.org/schema/cache=org.springframework.cache.config.CacheNamespaceHandler, http://www.springframework.org/schema/c=org.springframework.beans.factory.xml.SimpleConstructorNamespaceHandler, http://www.springframework.org/schema/tx=org.springframework.transaction.config.TxNamespaceHandler, http://www.springframework.org/schema/task=org.springframework.scheduling.config.TaskNamespaceHandler, http://www.springframework.org/schema/lang=org.springframework.scripting.config.LangNamespaceHandler, http://www.springframework.org/schema/context=org.springframework.context.config.ContextNamespaceHandler}
23:46:43.782 [main] DEBUG o.s.core.env.StandardEnvironment - Initializing new StandardEnvironment
23:46:43.783 [main] DEBUG o.s.core.env.StandardEnvironment - Adding [systemProperties] PropertySource with lowest search precedence
23:46:43.783 [main] DEBUG o.s.core.env.StandardEnvironment - Adding [systemEnvironment] PropertySource with lowest search precedence
23:46:43.783 [main] DEBUG o.s.core.env.StandardEnvironment - Initialized StandardEnvironment with PropertySources [systemProperties,systemEnvironment]
23:46:43.789 [main] INFO  o.s.c.a.ClassPathBeanDefinitionScanner - JSR-250 &apos;javax.annotation.ManagedBean&apos; found and supported for component scanning
23:46:43.792 [main] INFO  o.s.c.a.ClassPathBeanDefinitionScanner - JSR-330 &apos;javax.inject.Named&apos; annotation found and supported for component scanning
23:46:43.797 [main] DEBUG o.s.c.i.s.PathMatchingResourcePatternResolver - Looking for matching resources in directory tree [/Users/hanmoi/git/bigsale/target/classes/com/bigsale]
23:46:43.798 [main] DEBUG o.s.c.i.s.PathMatchingResourcePatternResolver - Searching directory [/Users/hanmoi/git/bigsale/target/classes/com/bigsale] for files matching pattern [/Users/hanmoi/git/bigsale/target/classes/com/bigsale/**/*.class]
23:46:43.800 [main] DEBUG o.s.c.i.s.PathMatchingResourcePatternResolver - Searching directory [/Users/hanmoi/git/bigsale/target/classes/com/bigsale/controller] for files matching pattern [/Users/hanmoi/git/bigsale/target/classes/com/bigsale/**/*.class]
23:46:43.802 [main] DEBUG o.s.c.i.s.PathMatchingResourcePatternResolver - Searching directory [/Users/hanmoi/git/bigsale/target/classes/com/bigsale/controller/user] for files matching pattern [/Users/hanmoi/git/bigsale/target/classes/com/bigsale/**/*.class]
23:46:43.804 [main] DEBUG o.s.c.i.s.PathMatchingResourcePatternResolver - Searching directory [/Users/hanmoi/git/bigsale/target/classes/com/bigsale/model] for files matching pattern [/Users/hanmoi/git/bigsale/target/classes/com/bigsale/**/*.class]
23:46:43.806 [main] DEBUG o.s.c.i.s.PathMatchingResourcePatternResolver - Searching directory [/Users/hanmoi/git/bigsale/target/classes/com/bigsale/orm] for files matching pattern [/Users/hanmoi/git/bigsale/target/classes/com/bigsale/**/*.class]
23:46:43.806 [main] DEBUG o.s.c.i.s.PathMatchingResourcePatternResolver - Searching directory [/Users/hanmoi/git/bigsale/target/classes/com/bigsale/orm/dao] for files matching pattern [/Users/hanmoi/git/bigsale/target/classes/com/bigsale/**/*.class]
23:46:43.809 [main] DEBUG o.s.c.i.s.PathMatchingResourcePatternResolver - Searching directory [/Users/hanmoi/git/bigsale/target/classes/com/bigsale/orm/model] for files matching pattern [/Users/hanmoi/git/bigsale/target/classes/com/bigsale/**/*.class]
23:46:43.812 [main] DEBUG o.s.c.i.s.PathMatchingResourcePatternResolver - Searching directory [/Users/hanmoi/git/bigsale/target/classes/com/bigsale/service] for files matching pattern [/Users/hanmoi/git/bigsale/target/classes/com/bigsale/**/*.class]
23:46:43.814 [main] DEBUG o.s.c.i.s.PathMatchingResourcePatternResolver - Searching directory [/Users/hanmoi/git/bigsale/target/classes/com/bigsale/spikes] for files matching pattern [/Users/hanmoi/git/bigsale/target/classes/com/bigsale/**/*.class]
23:46:43.818 [main] DEBUG o.s.c.i.s.PathMatchingResourcePatternResolver - Resolved location pattern [classpath*:com/bigsale/**/*.class] to resources [file [/Users/hanmoi/git/bigsale/target/classes/com/bigsale/controller/Contact.class], file [/Users/hanmoi/git/bigsale/target/classes/com/bigsale/controller/ContactController.class], file [/Users/hanmoi/git/bigsale/target/classes/com/bigsale/controller/HelloWorldController.class], file [/Users/hanmoi/git/bigsale/target/classes/com/bigsale/controller/user/AdminAddUserFormController.class], file [/Users/hanmoi/git/bigsale/target/classes/com/bigsale/controller/user/AdminController.class], file [/Users/hanmoi/git/bigsale/target/classes/com/bigsale/controller/user/UserController.class], file [/Users/hanmoi/git/bigsale/target/classes/com/bigsale/model/GenericEnumUserType.class], file [/Users/hanmoi/git/bigsale/target/classes/com/bigsale/orm/dao/AbstractRepository.class], file [/Users/hanmoi/git/bigsale/target/classes/com/bigsale/orm/dao/Repository.class], file [/Users/hanmoi/git/bigsale/target/classes/com/bigsale/orm/dao/UserRepository.class], file [/Users/hanmoi/git/bigsale/target/classes/com/bigsale/orm/model/Address.class], file [/Users/hanmoi/git/bigsale/target/classes/com/bigsale/orm/model/User$1.class], file [/Users/hanmoi/git/bigsale/target/classes/com/bigsale/orm/model/User$UserLevel.class], file [/Users/hanmoi/git/bigsale/target/classes/com/bigsale/orm/model/User$UserType.class], file [/Users/hanmoi/git/bigsale/target/classes/com/bigsale/orm/model/User.class], file [/Users/hanmoi/git/bigsale/target/classes/com/bigsale/service/UserService.class], file [/Users/hanmoi/git/bigsale/target/classes/com/bigsale/service/UserServiceImpl.class], file [/Users/hanmoi/git/bigsale/target/classes/com/bigsale/spikes/HelloController.class], file [/Users/hanmoi/git/bigsale/target/classes/com/bigsale/spikes/HelloSpring.class], file [/Users/hanmoi/git/bigsale/target/classes/com/bigsale/spikes/HelloSpringAnnotation.class], file [/Users/hanmoi/git/bigsale/target/classes/com/bigsale/spikes/SimpleGetServlet.class]]
23:46:43.856 [main] DEBUG o.s.c.a.ClassPathBeanDefinitionScanner - Identified candidate component class: file [/Users/hanmoi/git/bigsale/target/classes/com/bigsale/controller/ContactController.class]
23:46:43.857 [main] DEBUG o.s.c.a.ClassPathBeanDefinitionScanner - Identified candidate component class: file [/Users/hanmoi/git/bigsale/target/classes/com/bigsale/controller/HelloWorldController.class]
23:46:43.859 [main] DEBUG o.s.c.a.ClassPathBeanDefinitionScanner - Identified candidate component class: file [/Users/hanmoi/git/bigsale/target/classes/com/bigsale/controller/user/AdminAddUserFormController.class]
23:46:43.859 [main] DEBUG o.s.c.a.ClassPathBeanDefinitionScanner - Identified candidate component class: file [/Users/hanmoi/git/bigsale/target/classes/com/bigsale/controller/user/AdminController.class]
23:46:43.860 [main] DEBUG o.s.c.a.ClassPathBeanDefinitionScanner - Identified candidate component class: file [/Users/hanmoi/git/bigsale/target/classes/com/bigsale/controller/user/UserController.class]
23:46:43.867 [main] DEBUG o.s.c.a.ClassPathBeanDefinitionScanner - Identified candidate component class: file [/Users/hanmoi/git/bigsale/target/classes/com/bigsale/orm/dao/UserRepository.class]
23:46:43.875 [main] DEBUG o.s.c.a.ClassPathBeanDefinitionScanner - Identified candidate component class: file [/Users/hanmoi/git/bigsale/target/classes/com/bigsale/service/UserServiceImpl.class]
23:46:43.884 [main] DEBUG o.s.c.a.ClassPathBeanDefinitionScanner - Identified candidate component class: file [/Users/hanmoi/git/bigsale/target/classes/com/bigsale/spikes/HelloSpring.class]
23:46:43.885 [main] DEBUG o.s.c.a.ClassPathBeanDefinitionScanner - Identified candidate component class: file [/Users/hanmoi/git/bigsale/target/classes/com/bigsale/spikes/HelloSpringAnnotation.class]
23:46:43.906 [main] DEBUG o.s.b.f.x.DefaultBeanDefinitionDocumentReader - Imported 14 bean definitions from relative location [webmvc-context.xml]
23:46:43.907 [main] INFO  o.s.b.f.xml.XmlBeanDefinitionReader - Loading XML bean definitions from class path resource [hibernate.xml]
23:46:43.910 [main] DEBUG o.s.b.f.xml.DefaultDocumentLoader - Using JAXP provider [com.sun.org.apache.xerces.internal.jaxp.DocumentBuilderFactoryImpl]
23:46:43.913 [main] DEBUG o.s.b.f.xml.PluggableSchemaResolver - Found XML schema [http://www.springframework.org/schema/beans/spring-beans.xsd] in classpath: org/springframework/beans/factory/xml/spring-beans-3.1.xsd
23:46:43.942 [main] DEBUG o.s.b.f.x.DefaultBeanDefinitionDocumentReader - Loading bean definitions
23:46:43.948 [main] DEBUG o.s.b.f.x.BeanDefinitionParserDelegate - Neither XML &apos;id&apos; nor &apos;name&apos; specified - using generated bean name [org.springframework.beans.factory.config.PropertyPlaceholderConfigurer#0]
23:46:43.948 [main] DEBUG o.s.b.f.x.BeanDefinitionParserDelegate - No XML &apos;id&apos; specified - using &apos;sessionFactory&apos; as bean name and [] as aliases
23:46:43.949 [main] DEBUG o.s.b.f.x.BeanDefinitionParserDelegate - No XML &apos;id&apos; specified - using &apos;dataSource&apos; as bean name and [] as aliases
23:46:43.953 [main] DEBUG o.s.b.f.x.BeanDefinitionParserDelegate - No XML &apos;id&apos; specified - using &apos;transactionManager&apos; as bean name and [] as aliases
23:46:43.954 [main] DEBUG o.s.b.f.x.DefaultBeanDefinitionDocumentReader - Imported 3 bean definitions from relative location [hibernate.xml]
23:46:43.954 [main] DEBUG o.s.b.f.xml.XmlBeanDefinitionReader - Loaded 17 bean definitions from location pattern [/web-application-context.xml]
23:46:43.956 [main] DEBUG o.s.core.env.StandardEnvironment - Initializing new StandardEnvironment
23:46:43.956 [main] DEBUG o.s.core.env.StandardEnvironment - Adding [systemProperties] PropertySource with lowest search precedence
23:46:43.956 [main] DEBUG o.s.core.env.StandardEnvironment - Adding [systemEnvironment] PropertySource with lowest search precedence
23:46:43.956 [main] DEBUG o.s.core.env.StandardEnvironment - Initialized StandardEnvironment with PropertySources [systemProperties,systemEnvironment]
23:46:43.967 [main] INFO  o.s.b.f.s.DefaultListableBeanFactory - Overriding bean definition for bean &apos;adminAddUserFormController&apos;: replacing [Generic bean: class [com.bigsale.controller.user.AdminAddUserFormController]; scope=singleton; abstract=false; lazyInit=false; autowireMode=0; dependencyCheck=0; autowireCandidate=true; primary=false; factoryBeanName=null; factoryMethodName=null; initMethodName=null; destroyMethodName=null; defined in file [/Users/hanmoi/git/bigsale/target/classes/com/bigsale/controller/user/AdminAddUserFormController.class]] with [Generic bean: class [com.bigsale.controller.user.AdminAddUserFormController]; scope=singleton; abstract=false; lazyInit=false; autowireMode=0; dependencyCheck=0; autowireCandidate=true; primary=false; factoryBeanName=null; factoryMethodName=null; initMethodName=null; destroyMethodName=null]
23:46:43.968 [main] DEBUG ConfigurableDispatcherServlet$1 - Bean factory for Root WebApplicationContext: org.springframework.beans.factory.support.DefaultListableBeanFactory@7d55b9f: defining beans [contactController,helloWorldController,adminAddUserFormController,/admin,userController,userRepository,userService,helloSpring,helloSpringAnnotation,org.springframework.context.annotation.internalConfigurationAnnotationProcessor,org.springframework.context.annotation.internalAutowiredAnnotationProcessor,org.springframework.context.annotation.internalRequiredAnnotationProcessor,org.springframework.context.annotation.internalCommonAnnotationProcessor,org.springframework.context.annotation.internalPersistenceAnnotationProcessor,org.springframework.beans.factory.config.PropertyPlaceholderConfigurer#0,sessionFactory,transactionManager]; root of factory hierarchy
23:46:43.999 [main] DEBUG o.s.b.f.s.DefaultListableBeanFactory - Creating shared instance of singleton bean &apos;org.springframework.context.annotation.internalConfigurationAnnotationProcessor&apos;
23:46:43.999 [main] DEBUG o.s.b.f.s.DefaultListableBeanFactory - Creating instance of bean &apos;org.springframework.context.annotation.internalConfigurationAnnotationProcessor&apos;
23:46:44.007 [main] DEBUG o.s.b.f.s.DefaultListableBeanFactory - Eagerly caching bean &apos;org.springframework.context.annotation.internalConfigurationAnnotationProcessor&apos; to allow for resolving potential circular references
23:46:44.008 [main] DEBUG o.s.b.f.s.DefaultListableBeanFactory - Finished creating instance of bean &apos;org.springframework.context.annotation.internalConfigurationAnnotationProcessor&apos;
23:46:44.060 [main] DEBUG o.s.b.f.s.DefaultListableBeanFactory - Creating shared instance of singleton bean &apos;org.springframework.beans.factory.config.PropertyPlaceholderConfigurer#0&apos;
23:46:44.060 [main] DEBUG o.s.b.f.s.DefaultListableBeanFactory - Creating instance of bean &apos;org.springframework.beans.factory.config.PropertyPlaceholderConfigurer#0&apos;
23:46:44.062 [main] DEBUG o.s.b.f.s.DefaultListableBeanFactory - Eagerly caching bean &apos;org.springframework.beans.factory.config.PropertyPlaceholderConfigurer#0&apos; to allow for resolving potential circular references
23:46:44.098 [main] DEBUG o.s.b.f.s.DefaultListableBeanFactory - Finished creating instance of bean &apos;org.springframework.beans.factory.config.PropertyPlaceholderConfigurer#0&apos;
23:46:44.098 [main] INFO  o.s.b.f.c.PropertyPlaceholderConfigurer - Loading properties file from ServletContext resource [/database.properties]
23:46:44.107 [main] DEBUG o.s.b.f.s.DefaultListableBeanFactory - Creating shared instance of singleton bean &apos;org.springframework.context.annotation.internalAutowiredAnnotationProcessor&apos;
23:46:44.108 [main] DEBUG o.s.b.f.s.DefaultListableBeanFactory - Creating instance of bean &apos;org.springframework.context.annotation.internalAutowiredAnnotationProcessor&apos;
23:46:44.108 [main] INFO  o.s.b.f.a.AutowiredAnnotationBeanPostProcessor - JSR-330 &apos;javax.inject.Inject&apos; annotation found and supported for autowiring
23:46:44.108 [main] DEBUG o.s.b.f.s.DefaultListableBeanFactory - Eagerly caching bean &apos;org.springframework.context.annotation.internalAutowiredAnnotationProcessor&apos; to allow for resolving potential circular references
23:46:44.109 [main] DEBUG o.s.b.f.s.DefaultListableBeanFactory - Finished creating instance of bean &apos;org.springframework.context.annotation.internalAutowiredAnnotationProcessor&apos;
23:46:44.109 [main] DEBUG o.s.b.f.s.DefaultListableBeanFactory - Creating shared instance of singleton bean &apos;org.springframework.context.annotation.internalRequiredAnnotationProcessor&apos;
23:46:44.109 [main] DEBUG o.s.b.f.s.DefaultListableBeanFactory - Creating instance of bean &apos;org.springframework.context.annotation.internalRequiredAnnotationProcessor&apos;
23:46:44.117 [main] DEBUG o.s.b.f.s.DefaultListableBeanFactory - Eagerly caching bean &apos;org.springframework.context.annotation.internalRequiredAnnotationProcessor&apos; to allow for resolving potential circular references
23:46:44.117 [main] DEBUG o.s.b.f.s.DefaultListableBeanFactory - Finished creating instance of bean &apos;org.springframework.context.annotation.internalRequiredAnnotationProcessor&apos;
23:46:44.117 [main] DEBUG o.s.b.f.s.DefaultListableBeanFactory - Creating shared instance of singleton bean &apos;org.springframework.context.annotation.internalCommonAnnotationProcessor&apos;
23:46:44.117 [main] DEBUG o.s.b.f.s.DefaultListableBeanFactory - Creating instance of bean &apos;org.springframework.context.annotation.internalCommonAnnotationProcessor&apos;
23:46:44.120 [main] DEBUG o.s.b.f.s.DefaultListableBeanFactory - Eagerly caching bean &apos;org.springframework.context.annotation.internalCommonAnnotationProcessor&apos; to allow for resolving potential circular references
23:46:44.120 [main] DEBUG o.s.b.f.s.DefaultListableBeanFactory - Finished creating instance of bean &apos;org.springframework.context.annotation.internalCommonAnnotationProcessor&apos;
23:46:44.121 [main] DEBUG o.s.b.f.s.DefaultListableBeanFactory - Creating shared instance of singleton bean &apos;org.springframework.context.annotation.internalPersistenceAnnotationProcessor&apos;
23:46:44.121 [main] DEBUG o.s.b.f.s.DefaultListableBeanFactory - Creating instance of bean &apos;org.springframework.context.annotation.internalPersistenceAnnotationProcessor&apos;
23:46:44.121 [main] DEBUG o.s.b.f.s.DefaultListableBeanFactory - Eagerly caching bean &apos;org.springframework.context.annotation.internalPersistenceAnnotationProcessor&apos; to allow for resolving potential circular references
23:46:44.121 [main] DEBUG o.s.b.f.s.DefaultListableBeanFactory - Finished creating instance of bean &apos;org.springframework.context.annotation.internalPersistenceAnnotationProcessor&apos;
23:46:44.121 [main] DEBUG o.s.b.f.s.DefaultListableBeanFactory - Creating shared instance of singleton bean &apos;org.springframework.context.annotation.ConfigurationClassPostProcessor$ImportAwareBeanPostProcessor#0&apos;
23:46:44.121 [main] DEBUG o.s.b.f.s.DefaultListableBeanFactory - Creating instance of bean &apos;org.springframework.context.annotation.ConfigurationClassPostProcessor$ImportAwareBeanPostProcessor#0&apos;
23:46:44.122 [main] DEBUG o.s.b.f.s.DefaultListableBeanFactory - Eagerly caching bean &apos;org.springframework.context.annotation.ConfigurationClassPostProcessor$ImportAwareBeanPostProcessor#0&apos; to allow for resolving potential circular references
23:46:44.122 [main] DEBUG o.s.b.f.s.DefaultListableBeanFactory - Finished creating instance of bean &apos;org.springframework.context.annotation.ConfigurationClassPostProcessor$ImportAwareBeanPostProcessor#0&apos;
23:46:44.127 [main] DEBUG ConfigurableDispatcherServlet$1 - Unable to locate MessageSource with name &apos;messageSource&apos;: using default [org.springframework.context.support.DelegatingMessageSource@4286ae77]
23:46:44.131 [main] DEBUG ConfigurableDispatcherServlet$1 - Unable to locate ApplicationEventMulticaster with name &apos;applicationEventMulticaster&apos;: using default [org.springframework.context.event.SimpleApplicationEventMulticaster@31f78388]
23:46:44.134 [main] DEBUG o.s.u.c.s.UiApplicationContextUtils - Unable to locate ThemeSource with name &apos;themeSource&apos;: using default [org.springframework.ui.context.support.ResourceBundleThemeSource@7b0cea2e]
23:46:44.136 [main] INFO  o.s.b.f.s.DefaultListableBeanFactory - Pre-instantiating singletons in org.springframework.beans.factory.support.DefaultListableBeanFactory@7d55b9f: defining beans [contactController,helloWorldController,adminAddUserFormController,/admin,userController,userRepository,userService,helloSpring,helloSpringAnnotation,org.springframework.context.annotation.internalConfigurationAnnotationProcessor,org.springframework.context.annotation.internalAutowiredAnnotationProcessor,org.springframework.context.annotation.internalRequiredAnnotationProcessor,org.springframework.context.annotation.internalCommonAnnotationProcessor,org.springframework.context.annotation.internalPersistenceAnnotationProcessor,org.springframework.beans.factory.config.PropertyPlaceholderConfigurer#0,sessionFactory,transactionManager,org.springframework.context.annotation.ConfigurationClassPostProcessor$ImportAwareBeanPostProcessor#0]; root of factory hierarchy
23:46:44.136 [main] DEBUG o.s.b.f.s.DefaultListableBeanFactory - Creating shared instance of singleton bean &apos;contactController&apos;
23:46:44.136 [main] DEBUG o.s.b.f.s.DefaultListableBeanFactory - Creating instance of bean &apos;contactController&apos;
23:46:44.143 [main] DEBUG o.s.b.f.s.DefaultListableBeanFactory - Eagerly caching bean &apos;contactController&apos; to allow for resolving potential circular references
23:46:44.150 [main] DEBUG o.s.b.f.s.DefaultListableBeanFactory - Finished creating instance of bean &apos;contactController&apos;
23:46:44.151 [main] DEBUG o.s.b.f.s.DefaultListableBeanFactory - Creating shared instance of singleton bean &apos;helloWorldController&apos;
23:46:44.151 [main] DEBUG o.s.b.f.s.DefaultListableBeanFactory - Creating instance of bean &apos;helloWorldController&apos;
23:46:44.152 [main] DEBUG o.s.b.f.s.DefaultListableBeanFactory - Eagerly caching bean &apos;helloWorldController&apos; to allow for resolving potential circular references
23:46:44.156 [main] DEBUG o.s.b.f.s.DefaultListableBeanFactory - Finished creating instance of bean &apos;helloWorldController&apos;
23:46:44.156 [main] DEBUG o.s.b.f.s.DefaultListableBeanFactory - Creating shared instance of singleton bean &apos;adminAddUserFormController&apos;
23:46:44.156 [main] DEBUG o.s.b.f.s.DefaultListableBeanFactory - Creating instance of bean &apos;adminAddUserFormController&apos;
23:46:44.159 [main] DEBUG o.s.b.f.s.DefaultListableBeanFactory - Eagerly caching bean &apos;adminAddUserFormController&apos; to allow for resolving potential circular references
23:46:44.164 [main] DEBUG o.s.b.f.s.DefaultListableBeanFactory - Finished creating instance of bean &apos;adminAddUserFormController&apos;
23:46:44.164 [main] DEBUG o.s.b.f.s.DefaultListableBeanFactory - Creating shared instance of singleton bean &apos;/admin&apos;
23:46:44.164 [main] DEBUG o.s.b.f.s.DefaultListableBeanFactory - Creating instance of bean &apos;/admin&apos;
23:46:44.165 [main] DEBUG o.s.b.f.s.DefaultListableBeanFactory - Eagerly caching bean &apos;/admin&apos; to allow for resolving potential circular references
23:46:44.169 [main] DEBUG o.s.b.f.s.DefaultListableBeanFactory - Finished creating instance of bean &apos;/admin&apos;
23:46:44.169 [main] DEBUG o.s.b.f.s.DefaultListableBeanFactory - Creating shared instance of singleton bean &apos;userController&apos;
23:46:44.169 [main] DEBUG o.s.b.f.s.DefaultListableBeanFactory - Creating instance of bean &apos;userController&apos;
23:46:44.170 [main] DEBUG o.s.b.f.s.DefaultListableBeanFactory - Eagerly caching bean &apos;userController&apos; to allow for resolving potential circular references
23:46:44.173 [main] DEBUG o.s.b.f.s.DefaultListableBeanFactory - Finished creating instance of bean &apos;userController&apos;
23:46:44.174 [main] DEBUG o.s.b.f.s.DefaultListableBeanFactory - Creating shared instance of singleton bean &apos;userRepository&apos;
23:46:44.174 [main] DEBUG o.s.b.f.s.DefaultListableBeanFactory - Creating instance of bean &apos;userRepository&apos;
23:46:44.197 [main] DEBUG o.s.b.f.annotation.InjectionMetadata - Found injected element on class [com.bigsale.orm.dao.UserRepository]: AutowiredMethodElement for public void com.bigsale.orm.dao.UserRepository.setSessionFactory(org.hibernate.SessionFactory)
23:46:44.197 [main] DEBUG o.s.b.f.s.DefaultListableBeanFactory - Eagerly caching bean &apos;userRepository&apos; to allow for resolving potential circular references
23:46:44.198 [main] DEBUG o.s.b.f.annotation.InjectionMetadata - Processing injected method of bean &apos;userRepository&apos;: AutowiredMethodElement for public void com.bigsale.orm.dao.UserRepository.setSessionFactory(org.hibernate.SessionFactory)
23:46:44.215 [main] DEBUG o.s.b.f.s.DefaultListableBeanFactory - Creating shared instance of singleton bean &apos;sessionFactory&apos;
23:46:44.215 [main] DEBUG o.s.b.f.s.DefaultListableBeanFactory - Creating instance of bean &apos;sessionFactory&apos;
23:46:44.230 [main] DEBUG o.s.b.f.s.DefaultListableBeanFactory - Eagerly caching bean &apos;sessionFactory&apos; to allow for resolving potential circular references
23:46:44.281 [main] DEBUG o.s.b.f.s.DefaultListableBeanFactory - Creating instance of bean &apos;dataSource&apos;
23:46:44.800 [main] DEBUG o.s.core.env.StandardEnvironment - Initializing new StandardEnvironment
23:46:44.800 [main] DEBUG o.s.core.env.StandardEnvironment - Adding [systemProperties] PropertySource with lowest search precedence
23:46:44.801 [main] DEBUG o.s.core.env.StandardEnvironment - Adding [systemEnvironment] PropertySource with lowest search precedence
23:46:44.801 [main] DEBUG o.s.core.env.StandardEnvironment - Initialized StandardEnvironment with PropertySources [systemProperties,systemEnvironment]
23:46:44.802 [main] DEBUG o.s.core.env.StandardEnvironment - Initializing new StandardEnvironment
23:46:44.802 [main] DEBUG o.s.core.env.StandardEnvironment - Adding [systemProperties] PropertySource with lowest search precedence
23:46:44.802 [main] DEBUG o.s.core.env.StandardEnvironment - Adding [systemEnvironment] PropertySource with lowest search precedence
23:46:44.802 [main] DEBUG o.s.core.env.StandardEnvironment - Initialized StandardEnvironment with PropertySources [systemProperties,systemEnvironment]
23:46:44.803 [main] DEBUG o.s.core.env.StandardEnvironment - Initializing new StandardEnvironment
23:46:44.803 [main] DEBUG o.s.core.env.StandardEnvironment - Adding [systemProperties] PropertySource with lowest search precedence
23:46:44.803 [main] DEBUG o.s.core.env.StandardEnvironment - Adding [systemEnvironment] PropertySource with lowest search precedence
23:46:44.803 [main] DEBUG o.s.core.env.StandardEnvironment - Initialized StandardEnvironment with PropertySources [systemProperties,systemEnvironment]
23:46:44.806 [main] DEBUG o.s.core.env.StandardEnvironment - Initializing new StandardEnvironment
23:46:44.806 [main] DEBUG o.s.core.env.StandardEnvironment - Adding [systemProperties] PropertySource with lowest search precedence
23:46:44.807 [main] DEBUG o.s.core.env.StandardEnvironment - Adding [systemEnvironment] PropertySource with lowest search precedence
23:46:44.807 [main] DEBUG o.s.core.env.StandardEnvironment - Initialized StandardEnvironment with PropertySources [systemProperties,systemEnvironment]
23:46:44.808 [main] DEBUG o.s.core.env.StandardEnvironment - Initializing new StandardEnvironment
23:46:44.809 [main] DEBUG o.s.core.env.StandardEnvironment - Adding [systemProperties] PropertySource with lowest search precedence
23:46:44.809 [main] DEBUG o.s.core.env.StandardEnvironment - Adding [systemEnvironment] PropertySource with lowest search precedence
23:46:44.809 [main] DEBUG o.s.core.env.StandardEnvironment - Initialized StandardEnvironment with PropertySources [systemProperties,systemEnvironment]
23:46:44.817 [main] DEBUG o.s.b.f.s.DefaultListableBeanFactory - Finished creating instance of bean &apos;dataSource&apos;
23:46:44.822 [main] DEBUG o.s.b.f.s.DefaultListableBeanFactory - Invoking afterPropertiesSet() on bean with name &apos;sessionFactory&apos;
23:46:44.835 [main] INFO  o.hibernate.cfg.annotations.Version - Hibernate Annotations 3.5.6-Final
23:46:44.845 [main] INFO  org.hibernate.cfg.Environment - Hibernate 3.5.6-Final
23:46:44.846 [main] INFO  org.hibernate.cfg.Environment - hibernate.properties not found
23:46:44.849 [main] INFO  org.hibernate.cfg.Environment - Bytecode provider name : javassist
23:46:44.852 [main] INFO  org.hibernate.cfg.Environment - using JDK 1.4 java.sql.Timestamp handling
23:46:44.916 [main] DEBUG o.h.i.f.DefaultIdentifierGeneratorFactory - Registering IdentifierGenerator strategy [uuid] -&gt; [class org.hibernate.id.UUIDHexGenerator]
23:46:44.918 [main] DEBUG o.h.i.f.DefaultIdentifierGeneratorFactory - Registering IdentifierGenerator strategy [hilo] -&gt; [class org.hibernate.id.TableHiLoGenerator]
23:46:44.919 [main] DEBUG o.h.i.f.DefaultIdentifierGeneratorFactory - Registering IdentifierGenerator strategy [assigned] -&gt; [class org.hibernate.id.Assigned]
23:46:44.920 [main] DEBUG o.h.i.f.DefaultIdentifierGeneratorFactory - Registering IdentifierGenerator strategy [identity] -&gt; [class org.hibernate.id.IdentityGenerator]
23:46:44.921 [main] DEBUG o.h.i.f.DefaultIdentifierGeneratorFactory - Registering IdentifierGenerator strategy [select] -&gt; [class org.hibernate.id.SelectGenerator]
23:46:44.922 [main] DEBUG o.h.i.f.DefaultIdentifierGeneratorFactory - Registering IdentifierGenerator strategy [sequence] -&gt; [class org.hibernate.id.SequenceGenerator]
23:46:44.922 [main] DEBUG o.h.i.f.DefaultIdentifierGeneratorFactory - Registering IdentifierGenerator strategy [seqhilo] -&gt; [class org.hibernate.id.SequenceHiLoGenerator]
23:46:44.923 [main] DEBUG o.h.i.f.DefaultIdentifierGeneratorFactory - Registering IdentifierGenerator strategy [increment] -&gt; [class org.hibernate.id.IncrementGenerator]
23:46:44.924 [main] DEBUG o.h.i.f.DefaultIdentifierGeneratorFactory - Registering IdentifierGenerator strategy [foreign] -&gt; [class org.hibernate.id.ForeignGenerator]
23:46:44.924 [main] DEBUG o.h.i.f.DefaultIdentifierGeneratorFactory - Registering IdentifierGenerator strategy [guid] -&gt; [class org.hibernate.id.GUIDGenerator]
23:46:44.924 [main] DEBUG o.h.i.f.DefaultIdentifierGeneratorFactory - Registering IdentifierGenerator strategy [uuid.hex] -&gt; [class org.hibernate.id.UUIDHexGenerator]
23:46:44.925 [main] DEBUG o.h.i.f.DefaultIdentifierGeneratorFactory - Registering IdentifierGenerator strategy [sequence-identity] -&gt; [class org.hibernate.id.SequenceIdentityGenerator]
23:46:44.926 [main] DEBUG o.h.i.f.DefaultIdentifierGeneratorFactory - Registering IdentifierGenerator strategy [enhanced-sequence] -&gt; [class org.hibernate.id.enhanced.SequenceStyleGenerator]
23:46:44.928 [main] DEBUG o.h.i.f.DefaultIdentifierGeneratorFactory - Registering IdentifierGenerator strategy [enhanced-table] -&gt; [class org.hibernate.id.enhanced.TableGenerator]
23:46:44.933 [main] INFO  o.h.annotations.common.Version - Hibernate Commons Annotations 3.2.0.Final
23:46:44.946 [main] DEBUG o.h.cfg.AnnotationConfiguration - Execute first pass mapping processing
23:46:44.975 [main] DEBUG o.h.cfg.AnnotationConfiguration - Process hbm files
23:46:44.975 [main] DEBUG o.h.cfg.AnnotationConfiguration - Process annotated classes
23:46:44.979 [main] INFO  org.hibernate.cfg.AnnotationBinder - Binding entity from annotated class: com.bigsale.orm.model.User
23:46:44.995 [main] DEBUG org.hibernate.cfg.Ejb3Column - Binding column: Ejb3DiscriminatorColumn{logicalColumnName&apos;DTYPE&apos;, discriminatorTypeName=&apos;string&apos;}
23:46:44.997 [main] DEBUG org.hibernate.cfg.AnnotationBinder - no value specified for &apos;javax.persistence.sharedCache.mode&apos;; using UNSPECIFIED
23:46:45.009 [main] DEBUG o.h.cfg.annotations.EntityBinder - Import with entity name User
23:46:45.014 [main] INFO  o.h.cfg.annotations.EntityBinder - Bind entity com.bigsale.orm.model.User on table USER
23:46:45.050 [main] DEBUG org.hibernate.cfg.Ejb3Column - Binding column: Ejb3Column{table=org.hibernate.mapping.Table(USER), mappingColumn=USER_ID, insertable=true, updatable=true, unique=true}
23:46:45.055 [main] DEBUG o.h.cfg.annotations.PropertyBinder - binding property userId with lazy=false
23:46:45.057 [main] DEBUG o.h.c.annotations.SimpleValueBinder - building SimpleValue for userId
23:46:45.059 [main] DEBUG o.h.cfg.annotations.PropertyBinder - Building property userId
23:46:45.063 [main] DEBUG org.hibernate.cfg.Ejb3Column - Binding column: Ejb3JoinColumn{logicalColumnName=&apos;address_id&apos;, referencedColumn=&apos;&apos;, mappedBy=&apos;&apos;}
23:46:45.063 [main] DEBUG org.hibernate.cfg.Ejb3Column - Binding column: Ejb3Column{table=org.hibernate.mapping.Table(USER), mappingColumn=address, insertable=true, updatable=true, unique=false}
23:46:45.067 [main] DEBUG o.h.cfg.annotations.PropertyBinder - Building property address
23:46:45.067 [main] DEBUG org.hibernate.cfg.Ejb3Column - Binding column: Ejb3Column{table=org.hibernate.mapping.Table(USER), mappingColumn=DATE_CREATED, insertable=true, updatable=true, unique=false}
23:46:45.067 [main] DEBUG o.h.cfg.annotations.PropertyBinder - binding property dateCreated with lazy=false
23:46:45.067 [main] DEBUG o.h.c.annotations.SimpleValueBinder - building SimpleValue for dateCreated
23:46:45.067 [main] DEBUG o.h.cfg.annotations.PropertyBinder - Building property dateCreated
23:46:45.067 [main] DEBUG org.hibernate.cfg.Ejb3Column - Binding column: Ejb3Column{table=org.hibernate.mapping.Table(USER), mappingColumn=EMAIL, insertable=true, updatable=true, unique=false}
23:46:45.067 [main] DEBUG o.h.cfg.annotations.PropertyBinder - binding property email with lazy=false
23:46:45.068 [main] DEBUG o.h.c.annotations.SimpleValueBinder - building SimpleValue for email
23:46:45.068 [main] DEBUG o.h.cfg.annotations.PropertyBinder - Building property email
23:46:45.068 [main] DEBUG org.hibernate.cfg.Ejb3Column - Binding column: Ejb3Column{table=org.hibernate.mapping.Table(USER), mappingColumn=FST_NAME, insertable=true, updatable=true, unique=false}
23:46:45.068 [main] DEBUG o.h.cfg.annotations.PropertyBinder - binding property firstName with lazy=false
23:46:45.068 [main] DEBUG o.h.c.annotations.SimpleValueBinder - building SimpleValue for firstName
23:46:45.068 [main] DEBUG o.h.cfg.annotations.PropertyBinder - Building property firstName
23:46:45.068 [main] DEBUG org.hibernate.cfg.Ejb3Column - Binding column: Ejb3Column{table=org.hibernate.mapping.Table(USER), mappingColumn=LST_NAME, insertable=true, updatable=true, unique=false}
23:46:45.068 [main] DEBUG o.h.cfg.annotations.PropertyBinder - binding property lastName with lazy=false
23:46:45.068 [main] DEBUG o.h.c.annotations.SimpleValueBinder - building SimpleValue for lastName
23:46:45.068 [main] DEBUG o.h.cfg.annotations.PropertyBinder - Building property lastName
23:46:45.068 [main] DEBUG org.hibernate.cfg.Ejb3Column - Binding column: Ejb3Column{table=org.hibernate.mapping.Table(USER), mappingColumn=USER_PASSWORD, insertable=true, updatable=true, unique=false}
23:46:45.069 [main] DEBUG o.h.cfg.annotations.PropertyBinder - binding property password with lazy=false
23:46:45.069 [main] DEBUG o.h.c.annotations.SimpleValueBinder - building SimpleValue for password
23:46:45.069 [main] DEBUG o.h.cfg.annotations.PropertyBinder - Building property password
23:46:45.069 [main] DEBUG org.hibernate.cfg.Ejb3Column - Binding column: Ejb3Column{table=org.hibernate.mapping.Table(USER), mappingColumn=USER_LEVEL, insertable=true, updatable=true, unique=false}
23:46:45.069 [main] DEBUG o.h.cfg.annotations.PropertyBinder - binding property userLevel with lazy=false
23:46:45.071 [main] DEBUG o.h.c.annotations.SimpleValueBinder - building SimpleValue for userLevel
23:46:45.071 [main] DEBUG o.h.cfg.annotations.PropertyBinder - Building property userLevel
23:46:45.071 [main] DEBUG org.hibernate.cfg.Ejb3Column - Binding column: Ejb3Column{table=org.hibernate.mapping.Table(USER), mappingColumn=USER_TYPE, insertable=true, updatable=true, unique=false}
23:46:45.071 [main] DEBUG o.h.cfg.annotations.PropertyBinder - binding property userType with lazy=false
23:46:45.071 [main] DEBUG o.h.c.annotations.SimpleValueBinder - building SimpleValue for userType
23:46:45.071 [main] DEBUG o.h.cfg.annotations.PropertyBinder - Building property userType
23:46:45.073 [main] INFO  org.hibernate.cfg.AnnotationBinder - Binding entity from annotated class: com.bigsale.orm.model.Address
23:46:45.073 [main] DEBUG org.hibernate.cfg.Ejb3Column - Binding column: Ejb3DiscriminatorColumn{logicalColumnName&apos;DTYPE&apos;, discriminatorTypeName=&apos;string&apos;}
23:46:45.073 [main] DEBUG org.hibernate.cfg.AnnotationBinder - no value specified for &apos;javax.persistence.sharedCache.mode&apos;; using UNSPECIFIED
23:46:45.073 [main] DEBUG o.h.cfg.annotations.EntityBinder - Import with entity name Address
23:46:45.073 [main] INFO  o.h.cfg.annotations.EntityBinder - Bind entity com.bigsale.orm.model.Address on table address
23:46:45.082 [main] DEBUG org.hibernate.cfg.Ejb3Column - Binding column: Ejb3Column{table=org.hibernate.mapping.Table(address), mappingColumn=ADDR_ID, insertable=true, updatable=true, unique=true}
23:46:45.083 [main] DEBUG o.h.cfg.annotations.PropertyBinder - binding property addrId with lazy=false
23:46:45.083 [main] DEBUG o.h.c.annotations.SimpleValueBinder - building SimpleValue for addrId
23:46:45.083 [main] DEBUG o.h.cfg.annotations.PropertyBinder - Building property addrId
23:46:45.083 [main] DEBUG org.hibernate.cfg.Ejb3Column - Binding column: Ejb3Column{table=org.hibernate.mapping.Table(address), mappingColumn=ADDR_CITY, insertable=true, updatable=true, unique=false}
23:46:45.083 [main] DEBUG o.h.cfg.annotations.PropertyBinder - binding property city with lazy=false
23:46:45.083 [main] DEBUG o.h.c.annotations.SimpleValueBinder - building SimpleValue for city
23:46:45.083 [main] DEBUG o.h.cfg.annotations.PropertyBinder - Building property city
23:46:45.084 [main] DEBUG org.hibernate.cfg.Ejb3Column - Binding column: Ejb3Column{table=org.hibernate.mapping.Table(address), mappingColumn=ADDR_STATE, insertable=true, updatable=true, unique=false}
23:46:45.084 [main] DEBUG o.h.cfg.annotations.PropertyBinder - binding property state with lazy=false
23:46:45.084 [main] DEBUG o.h.c.annotations.SimpleValueBinder - building SimpleValue for state
23:46:45.084 [main] DEBUG o.h.cfg.annotations.PropertyBinder - Building property state
23:46:45.084 [main] DEBUG org.hibernate.cfg.Ejb3Column - Binding column: Ejb3Column{table=org.hibernate.mapping.Table(address), mappingColumn=ADDR_STREET, insertable=true, updatable=true, unique=false}
23:46:45.084 [main] DEBUG o.h.cfg.annotations.PropertyBinder - binding property street with lazy=false
23:46:45.085 [main] DEBUG o.h.c.annotations.SimpleValueBinder - building SimpleValue for street
23:46:45.085 [main] DEBUG o.h.cfg.annotations.PropertyBinder - Building property street
23:46:45.085 [main] DEBUG org.hibernate.cfg.Ejb3Column - Binding column: Ejb3JoinColumn{logicalColumnName=&apos;ADDR_ID&apos;, referencedColumn=&apos;&apos;, mappedBy=&apos;&apos;}
23:46:45.085 [main] DEBUG org.hibernate.cfg.Ejb3Column - Binding column: Ejb3Column{table=org.hibernate.mapping.Table(address), mappingColumn=users, insertable=true, updatable=true, unique=false}
23:46:45.087 [main] DEBUG org.hibernate.cfg.Ejb3Column - Binding column: Ejb3Column{table=org.hibernate.mapping.Table(address), mappingColumn=USER_IDX, insertable=true, updatable=true, unique=false}
23:46:45.098 [main] DEBUG org.hibernate.cfg.Ejb3Column - Binding column: Ejb3Column{table=org.hibernate.mapping.Table(address), mappingColumn=element, insertable=true, updatable=true, unique=false}
23:46:45.099 [main] DEBUG org.hibernate.cfg.Ejb3Column - Binding column: Ejb3Column{table=org.hibernate.mapping.Table(address), mappingColumn=users_KEY, insertable=true, updatable=true, unique=false}
23:46:45.100 [main] DEBUG org.hibernate.cfg.Ejb3Column - Binding column: Ejb3JoinColumn{logicalColumnName=&apos;users_KEY&apos;, referencedColumn=&apos;null&apos;, mappedBy=&apos;null&apos;}
23:46:45.100 [main] DEBUG org.hibernate.cfg.Ejb3Column - Binding column: Ejb3JoinColumn{logicalColumnName=&apos;null&apos;, referencedColumn=&apos;null&apos;, mappedBy=&apos;&apos;}
23:46:45.100 [main] DEBUG org.hibernate.cfg.Ejb3Column - Binding column: Ejb3JoinColumn{logicalColumnName=&apos;null&apos;, referencedColumn=&apos;null&apos;, mappedBy=&apos;&apos;}
23:46:45.101 [main] DEBUG o.h.cfg.annotations.CollectionBinder - Collection role: com.bigsale.orm.model.Address.users
23:46:45.103 [main] DEBUG o.h.cfg.annotations.PropertyBinder - Building property users
23:46:45.103 [main] DEBUG org.hibernate.cfg.Ejb3Column - Binding column: Ejb3Column{table=org.hibernate.mapping.Table(address), mappingColumn=ADDR_ZIPCODE, insertable=true, updatable=true, unique=false}
23:46:45.103 [main] DEBUG o.h.cfg.annotations.PropertyBinder - binding property zipcode with lazy=false
23:46:45.103 [main] DEBUG o.h.c.annotations.SimpleValueBinder - building SimpleValue for zipcode
23:46:45.104 [main] DEBUG o.h.cfg.annotations.PropertyBinder - Building property zipcode
23:46:45.104 [main] DEBUG o.h.c.annotations.SimpleValueBinder - setting SimpleValue typeName for userId
23:46:45.104 [main] DEBUG o.h.c.annotations.SimpleValueBinder - setting SimpleValue typeName for dateCreated
23:46:45.104 [main] DEBUG o.h.c.annotations.SimpleValueBinder - setting SimpleValue typeName for email
23:46:45.104 [main] DEBUG o.h.c.annotations.SimpleValueBinder - setting SimpleValue typeName for firstName
23:46:45.104 [main] DEBUG o.h.c.annotations.SimpleValueBinder - setting SimpleValue typeName for lastName
23:46:45.105 [main] DEBUG o.h.c.annotations.SimpleValueBinder - setting SimpleValue typeName for password
23:46:45.105 [main] DEBUG o.h.c.annotations.SimpleValueBinder - setting SimpleValue typeName for userLevel
23:46:45.105 [main] DEBUG o.h.c.annotations.SimpleValueBinder - setting SimpleValue typeName for userType
23:46:45.105 [main] DEBUG o.h.c.annotations.SimpleValueBinder - setting SimpleValue typeName for addrId
23:46:45.105 [main] DEBUG o.h.c.annotations.SimpleValueBinder - setting SimpleValue typeName for city
23:46:45.105 [main] DEBUG o.h.c.annotations.SimpleValueBinder - setting SimpleValue typeName for state
23:46:45.105 [main] DEBUG o.h.c.annotations.SimpleValueBinder - setting SimpleValue typeName for street
23:46:45.105 [main] DEBUG o.h.c.annotations.SimpleValueBinder - setting SimpleValue typeName for zipcode
23:46:45.106 [main] DEBUG o.h.cfg.AnnotationConfiguration - processing fk mappings (*ToOne and JoinedSubclass)
23:46:45.147 [main] DEBUG org.hibernate.cfg.Configuration - processing extends queue
23:46:45.147 [main] DEBUG org.hibernate.cfg.Configuration - processing collection mappings
23:46:45.147 [main] DEBUG o.hibernate.cfg.CollectionSecondPass - Second pass for collection: com.bigsale.orm.model.Address.users
23:46:45.147 [main] DEBUG o.h.cfg.annotations.CollectionBinder - Binding a OneToMany: com.bigsale.orm.model.Address.users through a foreign key
23:46:45.148 [main] INFO  o.h.cfg.annotations.CollectionBinder - Mapping collection: com.bigsale.orm.model.Address.users -&gt; USER
23:46:45.149 [main] DEBUG o.hibernate.cfg.CollectionSecondPass - Mapped collection key: ADDR_ID, one-to-many: com.bigsale.orm.model.User
23:46:45.149 [main] DEBUG org.hibernate.cfg.Configuration - processing native query and ResultSetMapping mappings
23:46:45.149 [main] DEBUG org.hibernate.cfg.Configuration - processing association property references
23:46:45.149 [main] DEBUG org.hibernate.cfg.Configuration - processing foreign key constraints
23:46:45.149 [main] DEBUG org.hibernate.cfg.Configuration - resolving reference to class: com.bigsale.orm.model.Address
23:46:45.150 [main] DEBUG org.hibernate.cfg.Configuration - resolving reference to class: com.bigsale.orm.model.Address
23:46:45.153 [main] INFO  o.h.cfg.AnnotationConfiguration - Hibernate Validator not found: ignoring
23:46:45.156 [main] DEBUG o.s.b.f.s.DefaultListableBeanFactory - Retrieved dependent beans for bean &apos;dataSource&apos;: [sessionFactory]
23:46:45.163 [main] DEBUG o.s.b.f.s.DisposableBeanAdapter - Invoking destroy method &apos;close&apos; on bean with name &apos;dataSource&apos;
23:46:45.164 [main] INFO  o.s.b.f.s.DefaultListableBeanFactory - Destroying singletons in org.springframework.beans.factory.support.DefaultListableBeanFactory@7d55b9f: defining beans [contactController,helloWorldController,adminAddUserFormController,/admin,userController,userRepository,userService,helloSpring,helloSpringAnnotation,org.springframework.context.annotation.internalConfigurationAnnotationProcessor,org.springframework.context.annotation.internalAutowiredAnnotationProcessor,org.springframework.context.annotation.internalRequiredAnnotationProcessor,org.springframework.context.annotation.internalCommonAnnotationProcessor,org.springframework.context.annotation.internalPersistenceAnnotationProcessor,org.springframework.beans.factory.config.PropertyPlaceholderConfigurer#0,sessionFactory,transactionManager,org.springframework.context.annotation.ConfigurationClassPostProcessor$ImportAwareBeanPostProcessor#0]; root of factory hierarchy
23:46:45.171 [main] ERROR ConfigurableDispatcherServlet - Context initialization failed
org.springframework.beans.factory.BeanCreationException: Error creating bean with name &apos;userRepository&apos;: Injection of autowired dependencies failed; nested exception is org.springframework.beans.factory.BeanCreationException: Could not autowire method: public void com.bigsale.orm.dao.UserRepository.setSessionFactory(org.hibernate.SessionFactory); nested exception is org.springframework.beans.factory.BeanCreationException: Error creating bean with name &apos;sessionFactory&apos; defined in class path resource [hibernate.xml]: Invocation of init method failed; nested exception is java.lang.ClassFormatError: Absent Code attribute in method that is not native or abstract in class file javax/validation/Validation
	at org.springframework.beans.factory.annotation.AutowiredAnnotationBeanPostProcessor.postProcessPropertyValues(AutowiredAnnotationBeanPostProcessor.java:287) ~[spring-beans-3.1.2.RELEASE.jar:3.1.2.RELEASE]
	at org.springframework.beans.factory.support.AbstractAutowireCapableBeanFactory.populateBean(AbstractAutowireCapableBeanFactory.java:1106) ~[spring-beans-3.1.2.RELEASE.jar:3.1.2.RELEASE]
	at org.springframework.beans.factory.support.AbstractAutowireCapableBeanFactory.doCreateBean(AbstractAutowireCapableBeanFactory.java:517) ~[spring-beans-3.1.2.RELEASE.jar:3.1.2.RELEASE]
	at org.springframework.beans.factory.support.AbstractAutowireCapableBeanFactory.createBean(AbstractAutowireCapableBeanFactory.java:456) ~[spring-beans-3.1.2.RELEASE.jar:3.1.2.RELEASE]
	at org.springframework.beans.factory.support.AbstractBeanFactory$1.getObject(AbstractBeanFactory.java:294) ~[spring-beans-3.1.2.RELEASE.jar:3.1.2.RELEASE]
	at org.springframework.beans.factory.support.DefaultSingletonBeanRegistry.getSingleton(DefaultSingletonBeanRegistry.java:225) ~[spring-beans-3.1.2.RELEASE.jar:3.1.2.RELEASE]
	at org.springframework.beans.factory.support.AbstractBeanFactory.doGetBean(AbstractBeanFactory.java:291) ~[spring-beans-3.1.2.RELEASE.jar:3.1.2.RELEASE]
	at org.springframework.beans.factory.support.AbstractBeanFactory.getBean(AbstractBeanFactory.java:193) ~[spring-beans-3.1.2.RELEASE.jar:3.1.2.RELEASE]
	at org.springframework.beans.factory.support.DefaultListableBeanFactory.preInstantiateSingletons(DefaultListableBeanFactory.java:609) ~[spring-beans-3.1.2.RELEASE.jar:3.1.2.RELEASE]
	at org.springframework.context.support.AbstractApplicationContext.finishBeanFactoryInitialization(AbstractApplicationContext.java:918) ~[spring-context-3.1.2.RELEASE.jar:3.1.2.RELEASE]
	at org.springframework.context.support.AbstractApplicationContext.refresh(AbstractApplicationContext.java:469) ~[spring-context-3.1.2.RELEASE.jar:3.1.2.RELEASE]
	at ConfigurableDispatcherServlet.createWebApplicationContext(ConfigurableDispatcherServlet.java:78) ~[test-classes/:na]
	at org.springframework.web.servlet.FrameworkServlet.createWebApplicationContext(FrameworkServlet.java:645) ~[spring-webmvc-3.1.2.RELEASE.jar:3.1.2.RELEASE]
	at org.springframework.web.servlet.FrameworkServlet.initWebApplicationContext(FrameworkServlet.java:508) ~[spring-webmvc-3.1.2.RELEASE.jar:3.1.2.RELEASE]
	at org.springframework.web.servlet.FrameworkServlet.initServletBean(FrameworkServlet.java:449) ~[spring-webmvc-3.1.2.RELEASE.jar:3.1.2.RELEASE]
	at org.springframework.web.servlet.HttpServletBean.init(HttpServletBean.java:133) [spring-webmvc-3.1.2.RELEASE.jar:3.1.2.RELEASE]
	at javax.servlet.GenericServlet.init(GenericServlet.java:241) [servlet-api-2.5.jar:2.5]
	at AbstractDispatcherServletTest.buildDispatcherServlet(AbstractDispatcherServletTest.java:89) [test-classes/:na]
	at AbstractDispatcherServletTest.runService(AbstractDispatcherServletTest.java:95) [test-classes/:na]
	at AdminAddUserFormControllerTest.shallLoadBeansFromContextFile(AdminAddUserFormControllerTest.java:17) [test-classes/:na]
	at sun.reflect.NativeMethodAccessorImpl.invoke0(Native Method) ~[na:1.7.0_05]
	at sun.reflect.NativeMethodAccessorImpl.invoke(NativeMethodAccessorImpl.java:57) ~[na:1.7.0_05]
	at sun.reflect.DelegatingMethodAccessorImpl.invoke(DelegatingMethodAccessorImpl.java:43) ~[na:1.7.0_05]
	at java.lang.reflect.Method.invoke(Method.java:601) ~[na:1.7.0_05]
	at org.junit.runners.model.FrameworkMethod$1.runReflectiveCall(FrameworkMethod.java:44) [junit-dep-4.8.1.jar:na]
	at org.junit.internal.runners.model.ReflectiveCallable.run(ReflectiveCallable.java:15) [junit-dep-4.8.1.jar:na]
	at org.junit.runners.model.FrameworkMethod.invokeExplosively(FrameworkMethod.java:41) [junit-dep-4.8.1.jar:na]
	at org.junit.internal.runners.statements.InvokeMethod.evaluate(InvokeMethod.java:20) [junit-dep-4.8.1.jar:na]
	at org.junit.internal.runners.statements.RunAfters.evaluate(RunAfters.java:31) [junit-dep-4.8.1.jar:na]
	at org.junit.runners.BlockJUnit4ClassRunner.runChild(BlockJUnit4ClassRunner.java:76) [junit-dep-4.8.1.jar:na]
	at org.junit.runners.BlockJUnit4ClassRunner.runChild(BlockJUnit4ClassRunner.java:50) [junit-dep-4.8.1.jar:na]
	at org.junit.runners.ParentRunner$3.run(ParentRunner.java:193) [junit-dep-4.8.1.jar:na]
	at org.junit.runners.ParentRunner$1.schedule(ParentRunner.java:52) [junit-dep-4.8.1.jar:na]
	at org.junit.runners.ParentRunner.runChildren(ParentRunner.java:191) [junit-dep-4.8.1.jar:na]
	at org.junit.runners.ParentRunner.access$000(ParentRunner.java:42) [junit-dep-4.8.1.jar:na]
	at org.junit.runners.ParentRunner$2.evaluate(ParentRunner.java:184) [junit-dep-4.8.1.jar:na]
	at org.junit.runners.ParentRunner.run(ParentRunner.java:236) [junit-dep-4.8.1.jar:na]
	at org.apache.maven.surefire.junit4.JUnit4TestSet.execute(JUnit4TestSet.java:35) [surefire-junit4-2.7.2.jar:2.7.2]
	at org.apache.maven.surefire.junit4.JUnit4Provider.executeTestSet(JUnit4Provider.java:115) [surefire-junit4-2.7.2.jar:2.7.2]
	at org.apache.maven.surefire.junit4.JUnit4Provider.invoke(JUnit4Provider.java:97) [surefire-junit4-2.7.2.jar:2.7.2]
	at sun.reflect.NativeMethodAccessorImpl.invoke0(Native Method) ~[na:1.7.0_05]
	at sun.reflect.NativeMethodAccessorImpl.invoke(NativeMethodAccessorImpl.java:57) ~[na:1.7.0_05]
	at sun.reflect.DelegatingMethodAccessorImpl.invoke(DelegatingMethodAccessorImpl.java:43) ~[na:1.7.0_05]
	at java.lang.reflect.Method.invoke(Method.java:601) ~[na:1.7.0_05]
	at org.apache.maven.surefire.booter.ProviderFactory$ClassLoaderProxy.invoke(ProviderFactory.java:103) [surefire-booter-2.7.2.jar:2.7.2]
	at $Proxy0.invoke(Unknown Source) [na:na]
	at org.apache.maven.surefire.booter.SurefireStarter.invokeProvider(SurefireStarter.java:150) [surefire-booter-2.7.2.jar:2.7.2]
	at org.apache.maven.surefire.booter.SurefireStarter.runSuitesInProcess(SurefireStarter.java:91) [surefire-booter-2.7.2.jar:2.7.2]
	at org.apache.maven.surefire.booter.ForkedBooter.main(ForkedBooter.java:69) [surefire-booter-2.7.2.jar:2.7.2]
Caused by: org.springframework.beans.factory.BeanCreationException: Could not autowire method: public void com.bigsale.orm.dao.UserRepository.setSessionFactory(org.hibernate.SessionFactory); nested exception is org.springframework.beans.factory.BeanCreationException: Error creating bean with name &apos;sessionFactory&apos; defined in class path resource [hibernate.xml]: Invocation of init method failed; nested exception is java.lang.ClassFormatError: Absent Code attribute in method that is not native or abstract in class file javax/validation/Validation
	at org.springframework.beans.factory.annotation.AutowiredAnnotationBeanPostProcessor$AutowiredMethodElement.inject(AutowiredAnnotationBeanPostProcessor.java:593) ~[spring-beans-3.1.2.RELEASE.jar:3.1.2.RELEASE]
	at org.springframework.beans.factory.annotation.InjectionMetadata.inject(InjectionMetadata.java:87) ~[spring-beans-3.1.2.RELEASE.jar:3.1.2.RELEASE]
	at org.springframework.beans.factory.annotation.AutowiredAnnotationBeanPostProcessor.postProcessPropertyValues(AutowiredAnnotationBeanPostProcessor.java:284) ~[spring-beans-3.1.2.RELEASE.jar:3.1.2.RELEASE]
	... 48 common frames omitted
Caused by: org.springframework.beans.factory.BeanCreationException: Error creating bean with name &apos;sessionFactory&apos; defined in class path resource [hibernate.xml]: Invocation of init method failed; nested exception is java.lang.ClassFormatError: Absent Code attribute in method that is not native or abstract in class file javax/validation/Validation
	at org.springframework.beans.factory.support.AbstractAutowireCapableBeanFactory.initializeBean(AbstractAutowireCapableBeanFactory.java:1455) ~[spring-beans-3.1.2.RELEASE.jar:3.1.2.RELEASE]
	at org.springframework.beans.factory.support.AbstractAutowireCapableBeanFactory.doCreateBean(AbstractAutowireCapableBeanFactory.java:519) ~[spring-beans-3.1.2.RELEASE.jar:3.1.2.RELEASE]
	at org.springframework.beans.factory.support.AbstractAutowireCapableBeanFactory.createBean(AbstractAutowireCapableBeanFactory.java:456) ~[spring-beans-3.1.2.RELEASE.jar:3.1.2.RELEASE]
	at org.springframework.beans.factory.support.AbstractBeanFactory$1.getObject(AbstractBeanFactory.java:294) ~[spring-beans-3.1.2.RELEASE.jar:3.1.2.RELEASE]
	at org.springframework.beans.factory.support.DefaultSingletonBeanRegistry.getSingleton(DefaultSingletonBeanRegistry.java:225) ~[spring-beans-3.1.2.RELEASE.jar:3.1.2.RELEASE]
	at org.springframework.beans.factory.support.AbstractBeanFactory.doGetBean(AbstractBeanFactory.java:291) ~[spring-beans-3.1.2.RELEASE.jar:3.1.2.RELEASE]
	at org.springframework.beans.factory.support.AbstractBeanFactory.getBean(AbstractBeanFactory.java:193) ~[spring-beans-3.1.2.RELEASE.jar:3.1.2.RELEASE]
	at org.springframework.beans.factory.support.DefaultListableBeanFactory.findAutowireCandidates(DefaultListableBeanFactory.java:876) ~[spring-beans-3.1.2.RELEASE.jar:3.1.2.RELEASE]
	at org.springframework.beans.factory.support.DefaultListableBeanFactory.doResolveDependency(DefaultListableBeanFactory.java:818) ~[spring-beans-3.1.2.RELEASE.jar:3.1.2.RELEASE]
	at org.springframework.beans.factory.support.DefaultListableBeanFactory.resolveDependency(DefaultListableBeanFactory.java:735) ~[spring-beans-3.1.2.RELEASE.jar:3.1.2.RELEASE]
	at org.springframework.beans.factory.annotation.AutowiredAnnotationBeanPostProcessor$AutowiredMethodElement.inject(AutowiredAnnotationBeanPostProcessor.java:551) ~[spring-beans-3.1.2.RELEASE.jar:3.1.2.RELEASE]
	... 50 common frames omitted
Caused by: java.lang.ClassFormatError: Absent Code attribute in method that is not native or abstract in class file javax/validation/Validation
	at java.lang.ClassLoader.defineClass1(Native Method) ~[na:1.7.0_05]
	at java.lang.ClassLoader.defineClass(ClassLoader.java:791) ~[na:1.7.0_05]
	at java.security.SecureClassLoader.defineClass(SecureClassLoader.java:142) ~[na:1.7.0_05]
	at java.net.URLClassLoader.defineClass(URLClassLoader.java:449) ~[na:1.7.0_05]
	at java.net.URLClassLoader.access$100(URLClassLoader.java:71) ~[na:1.7.0_05]
	at java.net.URLClassLoader$1.run(URLClassLoader.java:361) ~[na:1.7.0_05]
	at java.net.URLClassLoader$1.run(URLClassLoader.java:355) ~[na:1.7.0_05]
	at java.security.AccessController.doPrivileged(Native Method) ~[na:1.7.0_05]
	at java.net.URLClassLoader.findClass(URLClassLoader.java:354) ~[na:1.7.0_05]
	at java.lang.ClassLoader.loadClass(ClassLoader.java:423) ~[na:1.7.0_05]
	at sun.misc.Launcher$AppClassLoader.loadClass(Launcher.java:308) ~[na:1.7.0_05]
	at java.lang.ClassLoader.loadClass(ClassLoader.java:356) ~[na:1.7.0_05]
	at java.lang.Class.forName0(Native Method) ~[na:1.7.0_05]
	at java.lang.Class.forName(Class.java:264) ~[na:1.7.0_05]
	at org.hibernate.util.ReflectHelper.classForName(ReflectHelper.java:170) ~[hibernate-core-3.5.6-Final.jar:3.5.6-Final]
	at org.hibernate.cfg.beanvalidation.BeanValidationActivator.applyDDL(BeanValidationActivator.java:80) ~[hibernate-annotations-3.5.6-Final.jar:3.5.6-Final]
	at org.hibernate.cfg.AnnotationConfiguration.applyBeanValidationConstraintsOnDDL(AnnotationConfiguration.java:477) ~[hibernate-annotations-3.5.6-Final.jar:3.5.6-Final]
	at org.hibernate.cfg.AnnotationConfiguration.applyConstraintsToDDL(AnnotationConfiguration.java:429) ~[hibernate-annotations-3.5.6-Final.jar:3.5.6-Final]
	at org.hibernate.cfg.AnnotationConfiguration.secondPassCompile(AnnotationConfiguration.java:403) ~[hibernate-annotations-3.5.6-Final.jar:3.5.6-Final]
	at org.hibernate.cfg.Configuration.buildMappings(Configuration.java:1206) ~[hibernate-core-3.5.6-Final.jar:3.5.6-Final]
	at org.springframework.orm.hibernate3.LocalSessionFactoryBean.buildSessionFactory(LocalSessionFactoryBean.java:717) ~[spring-orm-3.1.2.RELEASE.jar:3.1.2.RELEASE]
	at org.springframework.orm.hibernate3.AbstractSessionFactoryBean.afterPropertiesSet(AbstractSessionFactoryBean.java:188) ~[spring-orm-3.1.2.RELEASE.jar:3.1.2.RELEASE]
	at org.springframework.beans.factory.support.AbstractAutowireCapableBeanFactory.invokeInitMethods(AbstractAutowireCapableBeanFactory.java:1514) ~[spring-beans-3.1.2.RELEASE.jar:3.1.2.RELEASE]
	at org.springframework.beans.factory.support.AbstractAutowireCapableBeanFactory.initializeBean(AbstractAutowireCapableBeanFactory.java:1452) ~[spring-beans-3.1.2.RELEASE.jar:3.1.2.RELEASE]
	... 60 common frames omitted
</system-out>
    <system-err>log4j:WARN No appenders could be found for logger (com.mchange.v2.log.MLog).
log4j:WARN Please initialize the log4j system properly.
log4j:WARN See http://logging.apache.org/log4j/1.2/faq.html#noconfig for more info.
</system-err>
  </testcase>
  <testcase time="2.102" classname="AdminAddUserFormControllerTest" name="shallLoadBeansFromContextFile">
    <error type="java.lang.NullPointerException">java.lang.NullPointerException
	at AbstractDispatcherServletTest.closeServletContext(AbstractDispatcherServletTest.java:147)
	at sun.reflect.NativeMethodAccessorImpl.invoke0(Native Method)
	at sun.reflect.NativeMethodAccessorImpl.invoke(NativeMethodAccessorImpl.java:57)
	at sun.reflect.DelegatingMethodAccessorImpl.invoke(DelegatingMethodAccessorImpl.java:43)
	at java.lang.reflect.Method.invoke(Method.java:601)
	at org.junit.runners.model.FrameworkMethod$1.runReflectiveCall(FrameworkMethod.java:44)
	at org.junit.internal.runners.model.ReflectiveCallable.run(ReflectiveCallable.java:15)
	at org.junit.runners.model.FrameworkMethod.invokeExplosively(FrameworkMethod.java:41)
	at org.junit.internal.runners.statements.RunAfters.evaluate(RunAfters.java:37)
	at org.junit.runners.BlockJUnit4ClassRunner.runChild(BlockJUnit4ClassRunner.java:76)
	at org.junit.runners.BlockJUnit4ClassRunner.runChild(BlockJUnit4ClassRunner.java:50)
	at org.junit.runners.ParentRunner$3.run(ParentRunner.java:193)
	at org.junit.runners.ParentRunner$1.schedule(ParentRunner.java:52)
	at org.junit.runners.ParentRunner.runChildren(ParentRunner.java:191)
	at org.junit.runners.ParentRunner.access$000(ParentRunner.java:42)
	at org.junit.runners.ParentRunner$2.evaluate(ParentRunner.java:184)
	at org.junit.runners.ParentRunner.run(ParentRunner.java:236)
	at org.apache.maven.surefire.junit4.JUnit4TestSet.execute(JUnit4TestSet.java:35)
	at org.apache.maven.surefire.junit4.JUnit4Provider.executeTestSet(JUnit4Provider.java:115)
	at org.apache.maven.surefire.junit4.JUnit4Provider.invoke(JUnit4Provider.java:97)
	at sun.reflect.NativeMethodAccessorImpl.invoke0(Native Method)
	at sun.reflect.NativeMethodAccessorImpl.invoke(NativeMethodAccessorImpl.java:57)
	at sun.reflect.DelegatingMethodAccessorImpl.invoke(DelegatingMethodAccessorImpl.java:43)
	at java.lang.reflect.Method.invoke(Method.java:601)
	at org.apache.maven.surefire.booter.ProviderFactory$ClassLoaderProxy.invoke(ProviderFactory.java:103)
	at $Proxy0.invoke(Unknown Source)
	at org.apache.maven.surefire.booter.SurefireStarter.invokeProvider(SurefireStarter.java:150)
	at org.apache.maven.surefire.booter.SurefireStarter.runSuitesInProcess(SurefireStarter.java:91)
	at org.apache.maven.surefire.booter.ForkedBooter.main(ForkedBooter.java:69)
</error>
  </testcase>
  <testcase time="0.321" classname="AdminAddUserFormControllerTest" name="shallReturnViewAndResultProperly_AfterAddingBuyer">
    <error message="Error creating bean with name &apos;userRepository&apos;: Injection of autowired dependencies failed; nested exception is org.springframework.beans.factory.BeanCreationException: Could not autowire method: public void com.bigsale.orm.dao.UserRepository.setSessionFactory(org.hibernate.SessionFactory); nested exception is org.springframework.beans.factory.BeanCreationException: Error creating bean with name &apos;sessionFactory&apos; defined in class path resource [hibernate.xml]: Invocation of init method failed; nested exception is java.lang.ClassFormatError: Absent Code attribute in method that is not native or abstract in class file javax/validation/Validation" type="org.springframework.beans.factory.BeanCreationException">org.springframework.beans.factory.BeanCreationException: Error creating bean with name &apos;userRepository&apos;: Injection of autowired dependencies failed; nested exception is org.springframework.beans.factory.BeanCreationException: Could not autowire method: public void com.bigsale.orm.dao.UserRepository.setSessionFactory(org.hibernate.SessionFactory); nested exception is org.springframework.beans.factory.BeanCreationException: Error creating bean with name &apos;sessionFactory&apos; defined in class path resource [hibernate.xml]: Invocation of init method failed; nested exception is java.lang.ClassFormatError: Absent Code attribute in method that is not native or abstract in class file javax/validation/Validation
	at org.springframework.beans.factory.annotation.AutowiredAnnotationBeanPostProcessor.postProcessPropertyValues(AutowiredAnnotationBeanPostProcessor.java:287)
	at org.springframework.beans.factory.support.AbstractAutowireCapableBeanFactory.populateBean(AbstractAutowireCapableBeanFactory.java:1106)
	at org.springframework.beans.factory.support.AbstractAutowireCapableBeanFactory.doCreateBean(AbstractAutowireCapableBeanFactory.java:517)
	at org.springframework.beans.factory.support.AbstractAutowireCapableBeanFactory.createBean(AbstractAutowireCapableBeanFactory.java:456)
	at org.springframework.beans.factory.support.AbstractBeanFactory$1.getObject(AbstractBeanFactory.java:294)
	at org.springframework.beans.factory.support.DefaultSingletonBeanRegistry.getSingleton(DefaultSingletonBeanRegistry.java:225)
	at org.springframework.beans.factory.support.AbstractBeanFactory.doGetBean(AbstractBeanFactory.java:291)
	at org.springframework.beans.factory.support.AbstractBeanFactory.getBean(AbstractBeanFactory.java:193)
	at org.springframework.beans.factory.support.DefaultListableBeanFactory.preInstantiateSingletons(DefaultListableBeanFactory.java:609)
	at org.springframework.context.support.AbstractApplicationContext.finishBeanFactoryInitialization(AbstractApplicationContext.java:918)
	at org.springframework.context.support.AbstractApplicationContext.refresh(AbstractApplicationContext.java:469)
	at ConfigurableDispatcherServlet.createWebApplicationContext(ConfigurableDispatcherServlet.java:78)
	at org.springframework.web.servlet.FrameworkServlet.createWebApplicationContext(FrameworkServlet.java:645)
	at org.springframework.web.servlet.FrameworkServlet.initWebApplicationContext(FrameworkServlet.java:508)
	at org.springframework.web.servlet.FrameworkServlet.initServletBean(FrameworkServlet.java:449)
	at org.springframework.web.servlet.HttpServletBean.init(HttpServletBean.java:133)
	at javax.servlet.GenericServlet.init(GenericServlet.java:241)
	at AbstractDispatcherServletTest.buildDispatcherServlet(AbstractDispatcherServletTest.java:89)
	at AbstractDispatcherServletTest.runService(AbstractDispatcherServletTest.java:95)
	at AdminAddUserFormControllerTest.shallReturnViewAndResultProperly_AfterAddingBuyer(AdminAddUserFormControllerTest.java:29)
	at sun.reflect.NativeMethodAccessorImpl.invoke0(Native Method)
	at sun.reflect.NativeMethodAccessorImpl.invoke(NativeMethodAccessorImpl.java:57)
	at sun.reflect.DelegatingMethodAccessorImpl.invoke(DelegatingMethodAccessorImpl.java:43)
	at java.lang.reflect.Method.invoke(Method.java:601)
	at org.junit.runners.model.FrameworkMethod$1.runReflectiveCall(FrameworkMethod.java:44)
	at org.junit.internal.runners.model.ReflectiveCallable.run(ReflectiveCallable.java:15)
	at org.junit.runners.model.FrameworkMethod.invokeExplosively(FrameworkMethod.java:41)
	at org.junit.internal.runners.statements.InvokeMethod.evaluate(InvokeMethod.java:20)
	at org.junit.internal.runners.statements.RunAfters.evaluate(RunAfters.java:31)
	at org.junit.runners.BlockJUnit4ClassRunner.runChild(BlockJUnit4ClassRunner.java:76)
	at org.junit.runners.BlockJUnit4ClassRunner.runChild(BlockJUnit4ClassRunner.java:50)
	at org.junit.runners.ParentRunner$3.run(ParentRunner.java:193)
	at org.junit.runners.ParentRunner$1.schedule(ParentRunner.java:52)
	at org.junit.runners.ParentRunner.runChildren(ParentRunner.java:191)
	at org.junit.runners.ParentRunner.access$000(ParentRunner.java:42)
	at org.junit.runners.ParentRunner$2.evaluate(ParentRunner.java:184)
	at org.junit.runners.ParentRunner.run(ParentRunner.java:236)
	at org.apache.maven.surefire.junit4.JUnit4TestSet.execute(JUnit4TestSet.java:35)
	at org.apache.maven.surefire.junit4.JUnit4Provider.executeTestSet(JUnit4Provider.java:115)
	at org.apache.maven.surefire.junit4.JUnit4Provider.invoke(JUnit4Provider.java:97)
	at sun.reflect.NativeMethodAccessorImpl.invoke0(Native Method)
	at sun.reflect.NativeMethodAccessorImpl.invoke(NativeMethodAccessorImpl.java:57)
	at sun.reflect.DelegatingMethodAccessorImpl.invoke(DelegatingMethodAccessorImpl.java:43)
	at java.lang.reflect.Method.invoke(Method.java:601)
	at org.apache.maven.surefire.booter.ProviderFactory$ClassLoaderProxy.invoke(ProviderFactory.java:103)
	at $Proxy0.invoke(Unknown Source)
	at org.apache.maven.surefire.booter.SurefireStarter.invokeProvider(SurefireStarter.java:150)
	at org.apache.maven.surefire.booter.SurefireStarter.runSuitesInProcess(SurefireStarter.java:91)
	at org.apache.maven.surefire.booter.ForkedBooter.main(ForkedBooter.java:69)
Caused by: org.springframework.beans.factory.BeanCreationException: Could not autowire method: public void com.bigsale.orm.dao.UserRepository.setSessionFactory(org.hibernate.SessionFactory); nested exception is org.springframework.beans.factory.BeanCreationException: Error creating bean with name &apos;sessionFactory&apos; defined in class path resource [hibernate.xml]: Invocation of init method failed; nested exception is java.lang.ClassFormatError: Absent Code attribute in method that is not native or abstract in class file javax/validation/Validation
	at org.springframework.beans.factory.annotation.AutowiredAnnotationBeanPostProcessor$AutowiredMethodElement.inject(AutowiredAnnotationBeanPostProcessor.java:593)
	at org.springframework.beans.factory.annotation.InjectionMetadata.inject(InjectionMetadata.java:87)
	at org.springframework.beans.factory.annotation.AutowiredAnnotationBeanPostProcessor.postProcessPropertyValues(AutowiredAnnotationBeanPostProcessor.java:284)
	... 48 more
Caused by: org.springframework.beans.factory.BeanCreationException: Error creating bean with name &apos;sessionFactory&apos; defined in class path resource [hibernate.xml]: Invocation of init method failed; nested exception is java.lang.ClassFormatError: Absent Code attribute in method that is not native or abstract in class file javax/validation/Validation
	at org.springframework.beans.factory.support.AbstractAutowireCapableBeanFactory.initializeBean(AbstractAutowireCapableBeanFactory.java:1455)
	at org.springframework.beans.factory.support.AbstractAutowireCapableBeanFactory.doCreateBean(AbstractAutowireCapableBeanFactory.java:519)
	at org.springframework.beans.factory.support.AbstractAutowireCapableBeanFactory.createBean(AbstractAutowireCapableBeanFactory.java:456)
	at org.springframework.beans.factory.support.AbstractBeanFactory$1.getObject(AbstractBeanFactory.java:294)
	at org.springframework.beans.factory.support.DefaultSingletonBeanRegistry.getSingleton(DefaultSingletonBeanRegistry.java:225)
	at org.springframework.beans.factory.support.AbstractBeanFactory.doGetBean(AbstractBeanFactory.java:291)
	at org.springframework.beans.factory.support.AbstractBeanFactory.getBean(AbstractBeanFactory.java:193)
	at org.springframework.beans.factory.support.DefaultListableBeanFactory.findAutowireCandidates(DefaultListableBeanFactory.java:876)
	at org.springframework.beans.factory.support.DefaultListableBeanFactory.doResolveDependency(DefaultListableBeanFactory.java:818)
	at org.springframework.beans.factory.support.DefaultListableBeanFactory.resolveDependency(DefaultListableBeanFactory.java:735)
	at org.springframework.beans.factory.annotation.AutowiredAnnotationBeanPostProcessor$AutowiredMethodElement.inject(AutowiredAnnotationBeanPostProcessor.java:551)
	... 50 more
Caused by: java.lang.ClassFormatError: Absent Code attribute in method that is not native or abstract in class file javax/validation/Validation
	at java.lang.ClassLoader.defineClass1(Native Method)
	at java.lang.ClassLoader.defineClass(ClassLoader.java:791)
	at java.security.SecureClassLoader.defineClass(SecureClassLoader.java:142)
	at java.net.URLClassLoader.defineClass(URLClassLoader.java:449)
	at java.net.URLClassLoader.access$100(URLClassLoader.java:71)
	at java.net.URLClassLoader$1.run(URLClassLoader.java:361)
	at java.net.URLClassLoader$1.run(URLClassLoader.java:355)
	at java.security.AccessController.doPrivileged(Native Method)
	at java.net.URLClassLoader.findClass(URLClassLoader.java:354)
	at java.lang.ClassLoader.loadClass(ClassLoader.java:423)
	at sun.misc.Launcher$AppClassLoader.loadClass(Launcher.java:308)
	at java.lang.ClassLoader.loadClass(ClassLoader.java:356)
	at java.lang.Class.forName0(Native Method)
	at java.lang.Class.forName(Class.java:264)
	at org.hibernate.util.ReflectHelper.classForName(ReflectHelper.java:170)
	at org.hibernate.cfg.beanvalidation.BeanValidationActivator.applyDDL(BeanValidationActivator.java:80)
	at org.hibernate.cfg.AnnotationConfiguration.applyBeanValidationConstraintsOnDDL(AnnotationConfiguration.java:477)
	at org.hibernate.cfg.AnnotationConfiguration.applyConstraintsToDDL(AnnotationConfiguration.java:429)
	at org.hibernate.cfg.AnnotationConfiguration.secondPassCompile(AnnotationConfiguration.java:403)
	at org.hibernate.cfg.Configuration.buildMappings(Configuration.java:1206)
	at org.springframework.orm.hibernate3.LocalSessionFactoryBean.buildSessionFactory(LocalSessionFactoryBean.java:717)
	at org.springframework.orm.hibernate3.AbstractSessionFactoryBean.afterPropertiesSet(AbstractSessionFactoryBean.java:188)
	at org.springframework.beans.factory.support.AbstractAutowireCapableBeanFactory.invokeInitMethods(AbstractAutowireCapableBeanFactory.java:1514)
	at org.springframework.beans.factory.support.AbstractAutowireCapableBeanFactory.initializeBean(AbstractAutowireCapableBeanFactory.java:1452)
	... 60 more
</error>
    <system-out>23:46:45.184 [main] DEBUG o.s.w.c.s.StandardServletEnvironment - Initializing new StandardServletEnvironment
23:46:45.185 [main] DEBUG o.s.w.c.s.StandardServletEnvironment - Adding [servletConfigInitParams] PropertySource with lowest search precedence
23:46:45.185 [main] DEBUG o.s.w.c.s.StandardServletEnvironment - Adding [servletContextInitParams] PropertySource with lowest search precedence
23:46:45.185 [main] DEBUG o.s.w.c.s.StandardServletEnvironment - Adding [jndiProperties] PropertySource with lowest search precedence
23:46:45.185 [main] DEBUG o.s.w.c.s.StandardServletEnvironment - Adding [systemProperties] PropertySource with lowest search precedence
23:46:45.185 [main] DEBUG o.s.w.c.s.StandardServletEnvironment - Adding [systemEnvironment] PropertySource with lowest search precedence
23:46:45.185 [main] DEBUG o.s.w.c.s.StandardServletEnvironment - Initialized StandardServletEnvironment with PropertySources [servletConfigInitParams,servletContextInitParams,jndiProperties,systemProperties,systemEnvironment]
23:46:45.185 [main] DEBUG ConfigurableDispatcherServlet - Initializing servlet &apos;spring&apos;
23:46:45.186 [main] INFO  o.s.mock.web.MockServletContext - Initializing Spring FrameworkServlet &apos;spring&apos;
23:46:45.186 [main] INFO  ConfigurableDispatcherServlet - FrameworkServlet &apos;spring&apos;: initialization started
23:46:45.186 [main] DEBUG o.s.w.c.s.StandardServletEnvironment - Initializing new StandardServletEnvironment
23:46:45.186 [main] DEBUG o.s.w.c.s.StandardServletEnvironment - Adding [servletConfigInitParams] PropertySource with lowest search precedence
23:46:45.186 [main] DEBUG o.s.w.c.s.StandardServletEnvironment - Adding [servletContextInitParams] PropertySource with lowest search precedence
23:46:45.187 [main] DEBUG o.s.w.c.s.StandardServletEnvironment - Adding [jndiProperties] PropertySource with lowest search precedence
23:46:45.187 [main] DEBUG o.s.w.c.s.StandardServletEnvironment - Adding [systemProperties] PropertySource with lowest search precedence
23:46:45.187 [main] DEBUG o.s.w.c.s.StandardServletEnvironment - Adding [systemEnvironment] PropertySource with lowest search precedence
23:46:45.187 [main] DEBUG o.s.w.c.s.StandardServletEnvironment - Initialized StandardServletEnvironment with PropertySources [servletConfigInitParams,servletContextInitParams,jndiProperties,systemProperties,systemEnvironment]
23:46:45.187 [main] INFO  ConfigurableDispatcherServlet$1 - Refreshing Root WebApplicationContext: startup date [Sat Sep 29 23:46:45 EST 2012]; root of context hierarchy
23:46:45.187 [main] DEBUG o.s.w.c.s.StandardServletEnvironment - Replacing [servletContextInitParams] PropertySource with [servletContextInitParams]
23:46:45.188 [main] DEBUG o.s.w.c.s.StandardServletEnvironment - Replacing [servletConfigInitParams] PropertySource with [servletConfigInitParams]
23:46:45.188 [main] DEBUG o.s.core.env.StandardEnvironment - Initializing new StandardEnvironment
23:46:45.188 [main] DEBUG o.s.core.env.StandardEnvironment - Adding [systemProperties] PropertySource with lowest search precedence
23:46:45.189 [main] DEBUG o.s.core.env.StandardEnvironment - Adding [systemEnvironment] PropertySource with lowest search precedence
23:46:45.189 [main] DEBUG o.s.core.env.StandardEnvironment - Initialized StandardEnvironment with PropertySources [systemProperties,systemEnvironment]
23:46:45.189 [main] DEBUG o.s.core.env.StandardEnvironment - Initializing new StandardEnvironment
23:46:45.189 [main] DEBUG o.s.core.env.StandardEnvironment - Adding [systemProperties] PropertySource with lowest search precedence
23:46:45.189 [main] DEBUG o.s.core.env.StandardEnvironment - Adding [systemEnvironment] PropertySource with lowest search precedence
23:46:45.190 [main] DEBUG o.s.core.env.StandardEnvironment - Initialized StandardEnvironment with PropertySources [systemProperties,systemEnvironment]
23:46:45.190 [main] INFO  o.s.b.f.xml.XmlBeanDefinitionReader - Loading XML bean definitions from class path resource [web-application-context.xml]
23:46:45.191 [main] DEBUG o.s.b.f.xml.DefaultDocumentLoader - Using JAXP provider [com.sun.org.apache.xerces.internal.jaxp.DocumentBuilderFactoryImpl]
23:46:45.193 [main] DEBUG o.s.b.f.xml.PluggableSchemaResolver - Loading schema mappings from [META-INF/spring.schemas]
23:46:45.195 [main] DEBUG o.s.b.f.xml.PluggableSchemaResolver - Loaded schema mappings: {http://www.springframework.org/schema/util/spring-util.xsd=org/springframework/beans/factory/xml/spring-util-3.1.xsd, http://www.springframework.org/schema/mvc/spring-mvc-3.1.xsd=org/springframework/web/servlet/config/spring-mvc-3.1.xsd, http://www.springframework.org/schema/beans/spring-beans-3.1.xsd=org/springframework/beans/factory/xml/spring-beans-3.1.xsd, http://www.springframework.org/schema/task/spring-task.xsd=org/springframework/scheduling/config/spring-task-3.1.xsd, http://www.springframework.org/schema/cache/spring-cache.xsd=org/springframework/cache/config/spring-cache-3.1.xsd, http://www.springframework.org/schema/aop/spring-aop-3.0.xsd=org/springframework/aop/config/spring-aop-3.0.xsd, http://www.springframework.org/schema/task/spring-task-3.1.xsd=org/springframework/scheduling/config/spring-task-3.1.xsd, http://www.springframework.org/schema/aop/spring-aop-2.0.xsd=org/springframework/aop/config/spring-aop-2.0.xsd, http://www.springframework.org/schema/tool/spring-tool-2.5.xsd=org/springframework/beans/factory/xml/spring-tool-2.5.xsd, http://www.springframework.org/schema/beans/spring-beans.xsd=org/springframework/beans/factory/xml/spring-beans-3.1.xsd, http://www.springframework.org/schema/jee/spring-jee-2.5.xsd=org/springframework/ejb/config/spring-jee-2.5.xsd, http://www.springframework.org/schema/jdbc/spring-jdbc-3.1.xsd=org/springframework/jdbc/config/spring-jdbc-3.1.xsd, http://www.springframework.org/schema/tool/spring-tool-3.1.xsd=org/springframework/beans/factory/xml/spring-tool-3.1.xsd, http://www.springframework.org/schema/aop/spring-aop.xsd=org/springframework/aop/config/spring-aop-3.1.xsd, http://www.springframework.org/schema/jee/spring-jee-3.1.xsd=org/springframework/ejb/config/spring-jee-3.1.xsd, http://www.springframework.org/schema/beans/spring-beans-2.0.xsd=org/springframework/beans/factory/xml/spring-beans-2.0.xsd, http://www.springframework.org/schema/mvc/spring-mvc-3.0.xsd=org/springframework/web/servlet/config/spring-mvc-3.0.xsd, http://www.springframework.org/schema/beans/spring-beans-3.0.xsd=org/springframework/beans/factory/xml/spring-beans-3.0.xsd, http://www.springframework.org/schema/task/spring-task-3.0.xsd=org/springframework/scheduling/config/spring-task-3.0.xsd, http://www.springframework.org/schema/tx/spring-tx-2.5.xsd=org/springframework/transaction/config/spring-tx-2.5.xsd, http://www.springframework.org/schema/context/spring-context-2.5.xsd=org/springframework/context/config/spring-context-2.5.xsd, http://www.springframework.org/schema/jdbc/spring-jdbc-3.0.xsd=org/springframework/jdbc/config/spring-jdbc-3.0.xsd, http://www.springframework.org/schema/tool/spring-tool-3.0.xsd=org/springframework/beans/factory/xml/spring-tool-3.0.xsd, http://www.springframework.org/schema/tx/spring-tx.xsd=org/springframework/transaction/config/spring-tx-3.1.xsd, http://www.springframework.org/schema/tool/spring-tool-2.0.xsd=org/springframework/beans/factory/xml/spring-tool-2.0.xsd, http://www.springframework.org/schema/util/spring-util-2.5.xsd=org/springframework/beans/factory/xml/spring-util-2.5.xsd, http://www.springframework.org/schema/lang/spring-lang.xsd=org/springframework/scripting/config/spring-lang-3.1.xsd, http://www.springframework.org/schema/lang/spring-lang-2.5.xsd=org/springframework/scripting/config/spring-lang-2.5.xsd, http://www.springframework.org/schema/jee/spring-jee-3.0.xsd=org/springframework/ejb/config/spring-jee-3.0.xsd, http://www.springframework.org/schema/tx/spring-tx-3.1.xsd=org/springframework/transaction/config/spring-tx-3.1.xsd, http://www.springframework.org/schema/jee/spring-jee-2.0.xsd=org/springframework/ejb/config/spring-jee-2.0.xsd, http://www.springframework.org/schema/context/spring-context-3.1.xsd=org/springframework/context/config/spring-context-3.1.xsd, http://www.springframework.org/schema/util/spring-util-3.1.xsd=org/springframework/beans/factory/xml/spring-util-3.1.xsd, http://www.springframework.org/schema/lang/spring-lang-3.1.xsd=org/springframework/scripting/config/spring-lang-3.1.xsd, http://www.springframework.org/schema/cache/spring-cache-3.1.xsd=org/springframework/cache/config/spring-cache-3.1.xsd, http://www.springframework.org/schema/context/spring-context.xsd=org/springframework/context/config/spring-context-3.1.xsd, http://www.springframework.org/schema/jee/spring-jee.xsd=org/springframework/ejb/config/spring-jee-3.1.xsd, http://www.springframework.org/schema/aop/spring-aop-2.5.xsd=org/springframework/aop/config/spring-aop-2.5.xsd, http://www.springframework.org/schema/mvc/spring-mvc.xsd=org/springframework/web/servlet/config/spring-mvc-3.1.xsd, http://www.springframework.org/schema/jdbc/spring-jdbc.xsd=org/springframework/jdbc/config/spring-jdbc-3.1.xsd, http://www.springframework.org/schema/tx/spring-tx-2.0.xsd=org/springframework/transaction/config/spring-tx-2.0.xsd, http://www.springframework.org/schema/aop/spring-aop-3.1.xsd=org/springframework/aop/config/spring-aop-3.1.xsd, http://www.springframework.org/schema/tx/spring-tx-3.0.xsd=org/springframework/transaction/config/spring-tx-3.0.xsd, http://www.springframework.org/schema/context/spring-context-3.0.xsd=org/springframework/context/config/spring-context-3.0.xsd, http://www.springframework.org/schema/tool/spring-tool.xsd=org/springframework/beans/factory/xml/spring-tool-3.1.xsd, http://www.springframework.org/schema/util/spring-util-3.0.xsd=org/springframework/beans/factory/xml/spring-util-3.0.xsd, http://www.springframework.org/schema/lang/spring-lang-3.0.xsd=org/springframework/scripting/config/spring-lang-3.0.xsd, http://www.springframework.org/schema/util/spring-util-2.0.xsd=org/springframework/beans/factory/xml/spring-util-2.0.xsd, http://www.springframework.org/schema/lang/spring-lang-2.0.xsd=org/springframework/scripting/config/spring-lang-2.0.xsd, http://www.springframework.org/schema/beans/spring-beans-2.5.xsd=org/springframework/beans/factory/xml/spring-beans-2.5.xsd}
23:46:45.196 [main] DEBUG o.s.b.f.xml.PluggableSchemaResolver - Found XML schema [http://www.springframework.org/schema/beans/spring-beans.xsd] in classpath: org/springframework/beans/factory/xml/spring-beans-3.1.xsd
23:46:45.224 [main] DEBUG o.s.b.f.x.DefaultBeanDefinitionDocumentReader - Loading bean definitions
23:46:45.225 [main] INFO  o.s.b.f.xml.XmlBeanDefinitionReader - Loading XML bean definitions from class path resource [webmvc-context.xml]
23:46:45.226 [main] DEBUG o.s.b.f.xml.DefaultDocumentLoader - Using JAXP provider [com.sun.org.apache.xerces.internal.jaxp.DocumentBuilderFactoryImpl]
23:46:45.229 [main] DEBUG o.s.b.f.xml.PluggableSchemaResolver - Found XML schema [http://www.springframework.org/schema/beans/spring-beans.xsd] in classpath: org/springframework/beans/factory/xml/spring-beans-3.1.xsd
23:46:45.253 [main] DEBUG o.s.b.f.xml.PluggableSchemaResolver - Found XML schema [http://www.springframework.org/schema/context/spring-context-3.1.xsd] in classpath: org/springframework/context/config/spring-context-3.1.xsd
23:46:45.261 [main] DEBUG o.s.b.f.xml.PluggableSchemaResolver - Found XML schema [http://www.springframework.org/schema/tool/spring-tool-3.1.xsd] in classpath: org/springframework/beans/factory/xml/spring-tool-3.1.xsd
23:46:45.269 [main] DEBUG o.s.b.f.x.DefaultBeanDefinitionDocumentReader - Loading bean definitions
23:46:45.271 [main] DEBUG o.s.b.f.x.DefaultNamespaceHandlerResolver - Loaded NamespaceHandler mappings: {http://www.springframework.org/schema/p=org.springframework.beans.factory.xml.SimplePropertyNamespaceHandler, http://www.springframework.org/schema/mvc=org.springframework.web.servlet.config.MvcNamespaceHandler, http://www.springframework.org/schema/util=org.springframework.beans.factory.xml.UtilNamespaceHandler, http://www.springframework.org/schema/jee=org.springframework.ejb.config.JeeNamespaceHandler, http://www.springframework.org/schema/aop=org.springframework.aop.config.AopNamespaceHandler, http://www.springframework.org/schema/jdbc=org.springframework.jdbc.config.JdbcNamespaceHandler, http://www.springframework.org/schema/cache=org.springframework.cache.config.CacheNamespaceHandler, http://www.springframework.org/schema/c=org.springframework.beans.factory.xml.SimpleConstructorNamespaceHandler, http://www.springframework.org/schema/tx=org.springframework.transaction.config.TxNamespaceHandler, http://www.springframework.org/schema/task=org.springframework.scheduling.config.TaskNamespaceHandler, http://www.springframework.org/schema/lang=org.springframework.scripting.config.LangNamespaceHandler, http://www.springframework.org/schema/context=org.springframework.context.config.ContextNamespaceHandler}
23:46:45.273 [main] DEBUG o.s.core.env.StandardEnvironment - Initializing new StandardEnvironment
23:46:45.273 [main] DEBUG o.s.core.env.StandardEnvironment - Adding [systemProperties] PropertySource with lowest search precedence
23:46:45.273 [main] DEBUG o.s.core.env.StandardEnvironment - Adding [systemEnvironment] PropertySource with lowest search precedence
23:46:45.273 [main] DEBUG o.s.core.env.StandardEnvironment - Initialized StandardEnvironment with PropertySources [systemProperties,systemEnvironment]
23:46:45.273 [main] INFO  o.s.c.a.ClassPathBeanDefinitionScanner - JSR-250 &apos;javax.annotation.ManagedBean&apos; found and supported for component scanning
23:46:45.273 [main] INFO  o.s.c.a.ClassPathBeanDefinitionScanner - JSR-330 &apos;javax.inject.Named&apos; annotation found and supported for component scanning
23:46:45.274 [main] DEBUG o.s.c.i.s.PathMatchingResourcePatternResolver - Looking for matching resources in directory tree [/Users/hanmoi/git/bigsale/target/classes/com/bigsale]
23:46:45.274 [main] DEBUG o.s.c.i.s.PathMatchingResourcePatternResolver - Searching directory [/Users/hanmoi/git/bigsale/target/classes/com/bigsale] for files matching pattern [/Users/hanmoi/git/bigsale/target/classes/com/bigsale/**/*.class]
23:46:45.275 [main] DEBUG o.s.c.i.s.PathMatchingResourcePatternResolver - Searching directory [/Users/hanmoi/git/bigsale/target/classes/com/bigsale/controller] for files matching pattern [/Users/hanmoi/git/bigsale/target/classes/com/bigsale/**/*.class]
23:46:45.277 [main] DEBUG o.s.c.i.s.PathMatchingResourcePatternResolver - Searching directory [/Users/hanmoi/git/bigsale/target/classes/com/bigsale/controller/user] for files matching pattern [/Users/hanmoi/git/bigsale/target/classes/com/bigsale/**/*.class]
23:46:45.281 [main] DEBUG o.s.c.i.s.PathMatchingResourcePatternResolver - Searching directory [/Users/hanmoi/git/bigsale/target/classes/com/bigsale/model] for files matching pattern [/Users/hanmoi/git/bigsale/target/classes/com/bigsale/**/*.class]
23:46:45.282 [main] DEBUG o.s.c.i.s.PathMatchingResourcePatternResolver - Searching directory [/Users/hanmoi/git/bigsale/target/classes/com/bigsale/orm] for files matching pattern [/Users/hanmoi/git/bigsale/target/classes/com/bigsale/**/*.class]
23:46:45.283 [main] DEBUG o.s.c.i.s.PathMatchingResourcePatternResolver - Searching directory [/Users/hanmoi/git/bigsale/target/classes/com/bigsale/orm/dao] for files matching pattern [/Users/hanmoi/git/bigsale/target/classes/com/bigsale/**/*.class]
23:46:45.285 [main] DEBUG o.s.c.i.s.PathMatchingResourcePatternResolver - Searching directory [/Users/hanmoi/git/bigsale/target/classes/com/bigsale/orm/model] for files matching pattern [/Users/hanmoi/git/bigsale/target/classes/com/bigsale/**/*.class]
23:46:45.288 [main] DEBUG o.s.c.i.s.PathMatchingResourcePatternResolver - Searching directory [/Users/hanmoi/git/bigsale/target/classes/com/bigsale/service] for files matching pattern [/Users/hanmoi/git/bigsale/target/classes/com/bigsale/**/*.class]
23:46:45.291 [main] DEBUG o.s.c.i.s.PathMatchingResourcePatternResolver - Searching directory [/Users/hanmoi/git/bigsale/target/classes/com/bigsale/spikes] for files matching pattern [/Users/hanmoi/git/bigsale/target/classes/com/bigsale/**/*.class]
23:46:45.295 [main] DEBUG o.s.c.i.s.PathMatchingResourcePatternResolver - Resolved location pattern [classpath*:com/bigsale/**/*.class] to resources [file [/Users/hanmoi/git/bigsale/target/classes/com/bigsale/controller/Contact.class], file [/Users/hanmoi/git/bigsale/target/classes/com/bigsale/controller/ContactController.class], file [/Users/hanmoi/git/bigsale/target/classes/com/bigsale/controller/HelloWorldController.class], file [/Users/hanmoi/git/bigsale/target/classes/com/bigsale/controller/user/AdminAddUserFormController.class], file [/Users/hanmoi/git/bigsale/target/classes/com/bigsale/controller/user/AdminController.class], file [/Users/hanmoi/git/bigsale/target/classes/com/bigsale/controller/user/UserController.class], file [/Users/hanmoi/git/bigsale/target/classes/com/bigsale/model/GenericEnumUserType.class], file [/Users/hanmoi/git/bigsale/target/classes/com/bigsale/orm/dao/AbstractRepository.class], file [/Users/hanmoi/git/bigsale/target/classes/com/bigsale/orm/dao/Repository.class], file [/Users/hanmoi/git/bigsale/target/classes/com/bigsale/orm/dao/UserRepository.class], file [/Users/hanmoi/git/bigsale/target/classes/com/bigsale/orm/model/Address.class], file [/Users/hanmoi/git/bigsale/target/classes/com/bigsale/orm/model/User$1.class], file [/Users/hanmoi/git/bigsale/target/classes/com/bigsale/orm/model/User$UserLevel.class], file [/Users/hanmoi/git/bigsale/target/classes/com/bigsale/orm/model/User$UserType.class], file [/Users/hanmoi/git/bigsale/target/classes/com/bigsale/orm/model/User.class], file [/Users/hanmoi/git/bigsale/target/classes/com/bigsale/service/UserService.class], file [/Users/hanmoi/git/bigsale/target/classes/com/bigsale/service/UserServiceImpl.class], file [/Users/hanmoi/git/bigsale/target/classes/com/bigsale/spikes/HelloController.class], file [/Users/hanmoi/git/bigsale/target/classes/com/bigsale/spikes/HelloSpring.class], file [/Users/hanmoi/git/bigsale/target/classes/com/bigsale/spikes/HelloSpringAnnotation.class], file [/Users/hanmoi/git/bigsale/target/classes/com/bigsale/spikes/SimpleGetServlet.class]]
23:46:45.297 [main] DEBUG o.s.c.a.ClassPathBeanDefinitionScanner - Identified candidate component class: file [/Users/hanmoi/git/bigsale/target/classes/com/bigsale/controller/ContactController.class]
23:46:45.298 [main] DEBUG o.s.c.a.ClassPathBeanDefinitionScanner - Identified candidate component class: file [/Users/hanmoi/git/bigsale/target/classes/com/bigsale/controller/HelloWorldController.class]
23:46:45.300 [main] DEBUG o.s.c.a.ClassPathBeanDefinitionScanner - Identified candidate component class: file [/Users/hanmoi/git/bigsale/target/classes/com/bigsale/controller/user/AdminAddUserFormController.class]
23:46:45.301 [main] DEBUG o.s.c.a.ClassPathBeanDefinitionScanner - Identified candidate component class: file [/Users/hanmoi/git/bigsale/target/classes/com/bigsale/controller/user/AdminController.class]
23:46:45.302 [main] DEBUG o.s.c.a.ClassPathBeanDefinitionScanner - Identified candidate component class: file [/Users/hanmoi/git/bigsale/target/classes/com/bigsale/controller/user/UserController.class]
23:46:45.304 [main] DEBUG o.s.c.a.ClassPathBeanDefinitionScanner - Identified candidate component class: file [/Users/hanmoi/git/bigsale/target/classes/com/bigsale/orm/dao/UserRepository.class]
23:46:45.325 [main] DEBUG o.s.c.a.ClassPathBeanDefinitionScanner - Identified candidate component class: file [/Users/hanmoi/git/bigsale/target/classes/com/bigsale/service/UserServiceImpl.class]
23:46:45.326 [main] DEBUG o.s.c.a.ClassPathBeanDefinitionScanner - Identified candidate component class: file [/Users/hanmoi/git/bigsale/target/classes/com/bigsale/spikes/HelloSpring.class]
23:46:45.328 [main] DEBUG o.s.c.a.ClassPathBeanDefinitionScanner - Identified candidate component class: file [/Users/hanmoi/git/bigsale/target/classes/com/bigsale/spikes/HelloSpringAnnotation.class]
23:46:45.331 [main] DEBUG o.s.b.f.x.DefaultBeanDefinitionDocumentReader - Imported 14 bean definitions from relative location [webmvc-context.xml]
23:46:45.331 [main] INFO  o.s.b.f.xml.XmlBeanDefinitionReader - Loading XML bean definitions from class path resource [hibernate.xml]
23:46:45.333 [main] DEBUG o.s.b.f.xml.DefaultDocumentLoader - Using JAXP provider [com.sun.org.apache.xerces.internal.jaxp.DocumentBuilderFactoryImpl]
23:46:45.335 [main] DEBUG o.s.b.f.xml.PluggableSchemaResolver - Found XML schema [http://www.springframework.org/schema/beans/spring-beans.xsd] in classpath: org/springframework/beans/factory/xml/spring-beans-3.1.xsd
23:46:45.363 [main] DEBUG o.s.b.f.x.DefaultBeanDefinitionDocumentReader - Loading bean definitions
23:46:45.364 [main] DEBUG o.s.b.f.x.BeanDefinitionParserDelegate - Neither XML &apos;id&apos; nor &apos;name&apos; specified - using generated bean name [org.springframework.beans.factory.config.PropertyPlaceholderConfigurer#0]
23:46:45.364 [main] DEBUG o.s.b.f.x.BeanDefinitionParserDelegate - No XML &apos;id&apos; specified - using &apos;sessionFactory&apos; as bean name and [] as aliases
23:46:45.365 [main] DEBUG o.s.b.f.x.BeanDefinitionParserDelegate - No XML &apos;id&apos; specified - using &apos;dataSource&apos; as bean name and [] as aliases
23:46:45.367 [main] DEBUG o.s.b.f.x.BeanDefinitionParserDelegate - No XML &apos;id&apos; specified - using &apos;transactionManager&apos; as bean name and [] as aliases
23:46:45.368 [main] DEBUG o.s.b.f.x.DefaultBeanDefinitionDocumentReader - Imported 3 bean definitions from relative location [hibernate.xml]
23:46:45.368 [main] DEBUG o.s.b.f.xml.XmlBeanDefinitionReader - Loaded 17 bean definitions from location pattern [/web-application-context.xml]
23:46:45.368 [main] DEBUG o.s.core.env.StandardEnvironment - Initializing new StandardEnvironment
23:46:45.369 [main] DEBUG o.s.core.env.StandardEnvironment - Adding [systemProperties] PropertySource with lowest search precedence
23:46:45.369 [main] DEBUG o.s.core.env.StandardEnvironment - Adding [systemEnvironment] PropertySource with lowest search precedence
23:46:45.369 [main] DEBUG o.s.core.env.StandardEnvironment - Initialized StandardEnvironment with PropertySources [systemProperties,systemEnvironment]
23:46:45.370 [main] INFO  o.s.b.f.s.DefaultListableBeanFactory - Overriding bean definition for bean &apos;adminAddUserFormController&apos;: replacing [Generic bean: class [com.bigsale.controller.user.AdminAddUserFormController]; scope=singleton; abstract=false; lazyInit=false; autowireMode=0; dependencyCheck=0; autowireCandidate=true; primary=false; factoryBeanName=null; factoryMethodName=null; initMethodName=null; destroyMethodName=null; defined in file [/Users/hanmoi/git/bigsale/target/classes/com/bigsale/controller/user/AdminAddUserFormController.class]] with [Generic bean: class [com.bigsale.controller.user.AdminAddUserFormController]; scope=singleton; abstract=false; lazyInit=false; autowireMode=0; dependencyCheck=0; autowireCandidate=true; primary=false; factoryBeanName=null; factoryMethodName=null; initMethodName=null; destroyMethodName=null]
23:46:45.370 [main] DEBUG ConfigurableDispatcherServlet$1 - Bean factory for Root WebApplicationContext: org.springframework.beans.factory.support.DefaultListableBeanFactory@58ae3b45: defining beans [contactController,helloWorldController,adminAddUserFormController,/admin,userController,userRepository,userService,helloSpring,helloSpringAnnotation,org.springframework.context.annotation.internalConfigurationAnnotationProcessor,org.springframework.context.annotation.internalAutowiredAnnotationProcessor,org.springframework.context.annotation.internalRequiredAnnotationProcessor,org.springframework.context.annotation.internalCommonAnnotationProcessor,org.springframework.context.annotation.internalPersistenceAnnotationProcessor,org.springframework.beans.factory.config.PropertyPlaceholderConfigurer#0,sessionFactory,transactionManager]; root of factory hierarchy
23:46:45.373 [main] DEBUG o.s.b.f.s.DefaultListableBeanFactory - Creating shared instance of singleton bean &apos;org.springframework.context.annotation.internalConfigurationAnnotationProcessor&apos;
23:46:45.373 [main] DEBUG o.s.b.f.s.DefaultListableBeanFactory - Creating instance of bean &apos;org.springframework.context.annotation.internalConfigurationAnnotationProcessor&apos;
23:46:45.373 [main] DEBUG o.s.b.f.s.DefaultListableBeanFactory - Eagerly caching bean &apos;org.springframework.context.annotation.internalConfigurationAnnotationProcessor&apos; to allow for resolving potential circular references
23:46:45.373 [main] DEBUG o.s.b.f.s.DefaultListableBeanFactory - Finished creating instance of bean &apos;org.springframework.context.annotation.internalConfigurationAnnotationProcessor&apos;
23:46:45.406 [main] DEBUG o.s.b.f.s.DefaultListableBeanFactory - Creating shared instance of singleton bean &apos;org.springframework.beans.factory.config.PropertyPlaceholderConfigurer#0&apos;
23:46:45.406 [main] DEBUG o.s.b.f.s.DefaultListableBeanFactory - Creating instance of bean &apos;org.springframework.beans.factory.config.PropertyPlaceholderConfigurer#0&apos;
23:46:45.406 [main] DEBUG o.s.b.f.s.DefaultListableBeanFactory - Eagerly caching bean &apos;org.springframework.beans.factory.config.PropertyPlaceholderConfigurer#0&apos; to allow for resolving potential circular references
23:46:45.406 [main] DEBUG o.s.b.f.s.DefaultListableBeanFactory - Finished creating instance of bean &apos;org.springframework.beans.factory.config.PropertyPlaceholderConfigurer#0&apos;
23:46:45.406 [main] INFO  o.s.b.f.c.PropertyPlaceholderConfigurer - Loading properties file from ServletContext resource [/database.properties]
23:46:45.410 [main] DEBUG o.s.b.f.s.DefaultListableBeanFactory - Creating shared instance of singleton bean &apos;org.springframework.context.annotation.internalAutowiredAnnotationProcessor&apos;
23:46:45.410 [main] DEBUG o.s.b.f.s.DefaultListableBeanFactory - Creating instance of bean &apos;org.springframework.context.annotation.internalAutowiredAnnotationProcessor&apos;
23:46:45.411 [main] INFO  o.s.b.f.a.AutowiredAnnotationBeanPostProcessor - JSR-330 &apos;javax.inject.Inject&apos; annotation found and supported for autowiring
23:46:45.411 [main] DEBUG o.s.b.f.s.DefaultListableBeanFactory - Eagerly caching bean &apos;org.springframework.context.annotation.internalAutowiredAnnotationProcessor&apos; to allow for resolving potential circular references
23:46:45.411 [main] DEBUG o.s.b.f.s.DefaultListableBeanFactory - Finished creating instance of bean &apos;org.springframework.context.annotation.internalAutowiredAnnotationProcessor&apos;
23:46:45.411 [main] DEBUG o.s.b.f.s.DefaultListableBeanFactory - Creating shared instance of singleton bean &apos;org.springframework.context.annotation.internalRequiredAnnotationProcessor&apos;
23:46:45.411 [main] DEBUG o.s.b.f.s.DefaultListableBeanFactory - Creating instance of bean &apos;org.springframework.context.annotation.internalRequiredAnnotationProcessor&apos;
23:46:45.411 [main] DEBUG o.s.b.f.s.DefaultListableBeanFactory - Eagerly caching bean &apos;org.springframework.context.annotation.internalRequiredAnnotationProcessor&apos; to allow for resolving potential circular references
23:46:45.411 [main] DEBUG o.s.b.f.s.DefaultListableBeanFactory - Finished creating instance of bean &apos;org.springframework.context.annotation.internalRequiredAnnotationProcessor&apos;
23:46:45.412 [main] DEBUG o.s.b.f.s.DefaultListableBeanFactory - Creating shared instance of singleton bean &apos;org.springframework.context.annotation.internalCommonAnnotationProcessor&apos;
23:46:45.412 [main] DEBUG o.s.b.f.s.DefaultListableBeanFactory - Creating instance of bean &apos;org.springframework.context.annotation.internalCommonAnnotationProcessor&apos;
23:46:45.412 [main] DEBUG o.s.b.f.s.DefaultListableBeanFactory - Eagerly caching bean &apos;org.springframework.context.annotation.internalCommonAnnotationProcessor&apos; to allow for resolving potential circular references
23:46:45.412 [main] DEBUG o.s.b.f.s.DefaultListableBeanFactory - Finished creating instance of bean &apos;org.springframework.context.annotation.internalCommonAnnotationProcessor&apos;
23:46:45.412 [main] DEBUG o.s.b.f.s.DefaultListableBeanFactory - Creating shared instance of singleton bean &apos;org.springframework.context.annotation.internalPersistenceAnnotationProcessor&apos;
23:46:45.412 [main] DEBUG o.s.b.f.s.DefaultListableBeanFactory - Creating instance of bean &apos;org.springframework.context.annotation.internalPersistenceAnnotationProcessor&apos;
23:46:45.412 [main] DEBUG o.s.b.f.s.DefaultListableBeanFactory - Eagerly caching bean &apos;org.springframework.context.annotation.internalPersistenceAnnotationProcessor&apos; to allow for resolving potential circular references
23:46:45.412 [main] DEBUG o.s.b.f.s.DefaultListableBeanFactory - Finished creating instance of bean &apos;org.springframework.context.annotation.internalPersistenceAnnotationProcessor&apos;
23:46:45.413 [main] DEBUG o.s.b.f.s.DefaultListableBeanFactory - Creating shared instance of singleton bean &apos;org.springframework.context.annotation.ConfigurationClassPostProcessor$ImportAwareBeanPostProcessor#0&apos;
23:46:45.413 [main] DEBUG o.s.b.f.s.DefaultListableBeanFactory - Creating instance of bean &apos;org.springframework.context.annotation.ConfigurationClassPostProcessor$ImportAwareBeanPostProcessor#0&apos;
23:46:45.413 [main] DEBUG o.s.b.f.s.DefaultListableBeanFactory - Eagerly caching bean &apos;org.springframework.context.annotation.ConfigurationClassPostProcessor$ImportAwareBeanPostProcessor#0&apos; to allow for resolving potential circular references
23:46:45.413 [main] DEBUG o.s.b.f.s.DefaultListableBeanFactory - Finished creating instance of bean &apos;org.springframework.context.annotation.ConfigurationClassPostProcessor$ImportAwareBeanPostProcessor#0&apos;
23:46:45.413 [main] DEBUG ConfigurableDispatcherServlet$1 - Unable to locate MessageSource with name &apos;messageSource&apos;: using default [org.springframework.context.support.DelegatingMessageSource@192cea05]
23:46:45.413 [main] DEBUG ConfigurableDispatcherServlet$1 - Unable to locate ApplicationEventMulticaster with name &apos;applicationEventMulticaster&apos;: using default [org.springframework.context.event.SimpleApplicationEventMulticaster@53b7fb2c]
23:46:45.413 [main] DEBUG o.s.u.c.s.UiApplicationContextUtils - Unable to locate ThemeSource with name &apos;themeSource&apos;: using default [org.springframework.ui.context.support.ResourceBundleThemeSource@53cb30a4]
23:46:45.416 [main] INFO  o.s.b.f.s.DefaultListableBeanFactory - Pre-instantiating singletons in org.springframework.beans.factory.support.DefaultListableBeanFactory@58ae3b45: defining beans [contactController,helloWorldController,adminAddUserFormController,/admin,userController,userRepository,userService,helloSpring,helloSpringAnnotation,org.springframework.context.annotation.internalConfigurationAnnotationProcessor,org.springframework.context.annotation.internalAutowiredAnnotationProcessor,org.springframework.context.annotation.internalRequiredAnnotationProcessor,org.springframework.context.annotation.internalCommonAnnotationProcessor,org.springframework.context.annotation.internalPersistenceAnnotationProcessor,org.springframework.beans.factory.config.PropertyPlaceholderConfigurer#0,sessionFactory,transactionManager,org.springframework.context.annotation.ConfigurationClassPostProcessor$ImportAwareBeanPostProcessor#0]; root of factory hierarchy
23:46:45.416 [main] DEBUG o.s.b.f.s.DefaultListableBeanFactory - Creating shared instance of singleton bean &apos;contactController&apos;
23:46:45.416 [main] DEBUG o.s.b.f.s.DefaultListableBeanFactory - Creating instance of bean &apos;contactController&apos;
23:46:45.418 [main] DEBUG o.s.b.f.s.DefaultListableBeanFactory - Eagerly caching bean &apos;contactController&apos; to allow for resolving potential circular references
23:46:45.418 [main] DEBUG o.s.b.f.s.DefaultListableBeanFactory - Finished creating instance of bean &apos;contactController&apos;
23:46:45.418 [main] DEBUG o.s.b.f.s.DefaultListableBeanFactory - Creating shared instance of singleton bean &apos;helloWorldController&apos;
23:46:45.418 [main] DEBUG o.s.b.f.s.DefaultListableBeanFactory - Creating instance of bean &apos;helloWorldController&apos;
23:46:45.419 [main] DEBUG o.s.b.f.s.DefaultListableBeanFactory - Eagerly caching bean &apos;helloWorldController&apos; to allow for resolving potential circular references
23:46:45.419 [main] DEBUG o.s.b.f.s.DefaultListableBeanFactory - Finished creating instance of bean &apos;helloWorldController&apos;
23:46:45.419 [main] DEBUG o.s.b.f.s.DefaultListableBeanFactory - Creating shared instance of singleton bean &apos;adminAddUserFormController&apos;
23:46:45.420 [main] DEBUG o.s.b.f.s.DefaultListableBeanFactory - Creating instance of bean &apos;adminAddUserFormController&apos;
23:46:45.421 [main] DEBUG o.s.b.f.s.DefaultListableBeanFactory - Eagerly caching bean &apos;adminAddUserFormController&apos; to allow for resolving potential circular references
23:46:45.421 [main] DEBUG o.s.b.f.s.DefaultListableBeanFactory - Finished creating instance of bean &apos;adminAddUserFormController&apos;
23:46:45.422 [main] DEBUG o.s.b.f.s.DefaultListableBeanFactory - Creating shared instance of singleton bean &apos;/admin&apos;
23:46:45.422 [main] DEBUG o.s.b.f.s.DefaultListableBeanFactory - Creating instance of bean &apos;/admin&apos;
23:46:45.422 [main] DEBUG o.s.b.f.s.DefaultListableBeanFactory - Eagerly caching bean &apos;/admin&apos; to allow for resolving potential circular references
23:46:45.422 [main] DEBUG o.s.b.f.s.DefaultListableBeanFactory - Finished creating instance of bean &apos;/admin&apos;
23:46:45.423 [main] DEBUG o.s.b.f.s.DefaultListableBeanFactory - Creating shared instance of singleton bean &apos;userController&apos;
23:46:45.423 [main] DEBUG o.s.b.f.s.DefaultListableBeanFactory - Creating instance of bean &apos;userController&apos;
23:46:45.424 [main] DEBUG o.s.b.f.s.DefaultListableBeanFactory - Eagerly caching bean &apos;userController&apos; to allow for resolving potential circular references
23:46:45.424 [main] DEBUG o.s.b.f.s.DefaultListableBeanFactory - Finished creating instance of bean &apos;userController&apos;
23:46:45.424 [main] DEBUG o.s.b.f.s.DefaultListableBeanFactory - Creating shared instance of singleton bean &apos;userRepository&apos;
23:46:45.424 [main] DEBUG o.s.b.f.s.DefaultListableBeanFactory - Creating instance of bean &apos;userRepository&apos;
23:46:45.426 [main] DEBUG o.s.b.f.annotation.InjectionMetadata - Found injected element on class [com.bigsale.orm.dao.UserRepository]: AutowiredMethodElement for public void com.bigsale.orm.dao.UserRepository.setSessionFactory(org.hibernate.SessionFactory)
23:46:45.426 [main] DEBUG o.s.b.f.s.DefaultListableBeanFactory - Eagerly caching bean &apos;userRepository&apos; to allow for resolving potential circular references
23:46:45.426 [main] DEBUG o.s.b.f.annotation.InjectionMetadata - Processing injected method of bean &apos;userRepository&apos;: AutowiredMethodElement for public void com.bigsale.orm.dao.UserRepository.setSessionFactory(org.hibernate.SessionFactory)
23:46:45.428 [main] DEBUG o.s.b.f.s.DefaultListableBeanFactory - Creating shared instance of singleton bean &apos;sessionFactory&apos;
23:46:45.428 [main] DEBUG o.s.b.f.s.DefaultListableBeanFactory - Creating instance of bean &apos;sessionFactory&apos;
23:46:45.431 [main] DEBUG o.s.b.f.s.DefaultListableBeanFactory - Eagerly caching bean &apos;sessionFactory&apos; to allow for resolving potential circular references
23:46:45.433 [main] DEBUG o.s.b.f.s.DefaultListableBeanFactory - Creating instance of bean &apos;dataSource&apos;
23:46:45.465 [main] DEBUG o.s.core.env.StandardEnvironment - Initializing new StandardEnvironment
23:46:45.465 [main] DEBUG o.s.core.env.StandardEnvironment - Adding [systemProperties] PropertySource with lowest search precedence
23:46:45.465 [main] DEBUG o.s.core.env.StandardEnvironment - Adding [systemEnvironment] PropertySource with lowest search precedence
23:46:45.465 [main] DEBUG o.s.core.env.StandardEnvironment - Initialized StandardEnvironment with PropertySources [systemProperties,systemEnvironment]
23:46:45.466 [main] DEBUG o.s.core.env.StandardEnvironment - Initializing new StandardEnvironment
23:46:45.466 [main] DEBUG o.s.core.env.StandardEnvironment - Adding [systemProperties] PropertySource with lowest search precedence
23:46:45.466 [main] DEBUG o.s.core.env.StandardEnvironment - Adding [systemEnvironment] PropertySource with lowest search precedence
23:46:45.466 [main] DEBUG o.s.core.env.StandardEnvironment - Initialized StandardEnvironment with PropertySources [systemProperties,systemEnvironment]
23:46:45.467 [main] DEBUG o.s.core.env.StandardEnvironment - Initializing new StandardEnvironment
23:46:45.467 [main] DEBUG o.s.core.env.StandardEnvironment - Adding [systemProperties] PropertySource with lowest search precedence
23:46:45.467 [main] DEBUG o.s.core.env.StandardEnvironment - Adding [systemEnvironment] PropertySource with lowest search precedence
23:46:45.467 [main] DEBUG o.s.core.env.StandardEnvironment - Initialized StandardEnvironment with PropertySources [systemProperties,systemEnvironment]
23:46:45.468 [main] DEBUG o.s.core.env.StandardEnvironment - Initializing new StandardEnvironment
23:46:45.468 [main] DEBUG o.s.core.env.StandardEnvironment - Adding [systemProperties] PropertySource with lowest search precedence
23:46:45.468 [main] DEBUG o.s.core.env.StandardEnvironment - Adding [systemEnvironment] PropertySource with lowest search precedence
23:46:45.468 [main] DEBUG o.s.core.env.StandardEnvironment - Initialized StandardEnvironment with PropertySources [systemProperties,systemEnvironment]
23:46:45.469 [main] DEBUG o.s.core.env.StandardEnvironment - Initializing new StandardEnvironment
23:46:45.469 [main] DEBUG o.s.core.env.StandardEnvironment - Adding [systemProperties] PropertySource with lowest search precedence
23:46:45.469 [main] DEBUG o.s.core.env.StandardEnvironment - Adding [systemEnvironment] PropertySource with lowest search precedence
23:46:45.470 [main] DEBUG o.s.core.env.StandardEnvironment - Initialized StandardEnvironment with PropertySources [systemProperties,systemEnvironment]
23:46:45.471 [main] DEBUG o.s.b.f.s.DefaultListableBeanFactory - Finished creating instance of bean &apos;dataSource&apos;
23:46:45.473 [main] DEBUG o.s.b.f.s.DefaultListableBeanFactory - Invoking afterPropertiesSet() on bean with name &apos;sessionFactory&apos;
23:46:45.473 [main] DEBUG o.h.i.f.DefaultIdentifierGeneratorFactory - Registering IdentifierGenerator strategy [uuid] -&gt; [class org.hibernate.id.UUIDHexGenerator]
23:46:45.473 [main] DEBUG o.h.i.f.DefaultIdentifierGeneratorFactory - Registering IdentifierGenerator strategy [hilo] -&gt; [class org.hibernate.id.TableHiLoGenerator]
23:46:45.473 [main] DEBUG o.h.i.f.DefaultIdentifierGeneratorFactory - Registering IdentifierGenerator strategy [assigned] -&gt; [class org.hibernate.id.Assigned]
23:46:45.473 [main] DEBUG o.h.i.f.DefaultIdentifierGeneratorFactory - Registering IdentifierGenerator strategy [identity] -&gt; [class org.hibernate.id.IdentityGenerator]
23:46:45.473 [main] DEBUG o.h.i.f.DefaultIdentifierGeneratorFactory - Registering IdentifierGenerator strategy [select] -&gt; [class org.hibernate.id.SelectGenerator]
23:46:45.474 [main] DEBUG o.h.i.f.DefaultIdentifierGeneratorFactory - Registering IdentifierGenerator strategy [sequence] -&gt; [class org.hibernate.id.SequenceGenerator]
23:46:45.474 [main] DEBUG o.h.i.f.DefaultIdentifierGeneratorFactory - Registering IdentifierGenerator strategy [seqhilo] -&gt; [class org.hibernate.id.SequenceHiLoGenerator]
23:46:45.474 [main] DEBUG o.h.i.f.DefaultIdentifierGeneratorFactory - Registering IdentifierGenerator strategy [increment] -&gt; [class org.hibernate.id.IncrementGenerator]
23:46:45.474 [main] DEBUG o.h.i.f.DefaultIdentifierGeneratorFactory - Registering IdentifierGenerator strategy [foreign] -&gt; [class org.hibernate.id.ForeignGenerator]
23:46:45.474 [main] DEBUG o.h.i.f.DefaultIdentifierGeneratorFactory - Registering IdentifierGenerator strategy [guid] -&gt; [class org.hibernate.id.GUIDGenerator]
23:46:45.474 [main] DEBUG o.h.i.f.DefaultIdentifierGeneratorFactory - Registering IdentifierGenerator strategy [uuid.hex] -&gt; [class org.hibernate.id.UUIDHexGenerator]
23:46:45.474 [main] DEBUG o.h.i.f.DefaultIdentifierGeneratorFactory - Registering IdentifierGenerator strategy [sequence-identity] -&gt; [class org.hibernate.id.SequenceIdentityGenerator]
23:46:45.474 [main] DEBUG o.h.i.f.DefaultIdentifierGeneratorFactory - Registering IdentifierGenerator strategy [enhanced-sequence] -&gt; [class org.hibernate.id.enhanced.SequenceStyleGenerator]
23:46:45.474 [main] DEBUG o.h.i.f.DefaultIdentifierGeneratorFactory - Registering IdentifierGenerator strategy [enhanced-table] -&gt; [class org.hibernate.id.enhanced.TableGenerator]
23:46:45.474 [main] DEBUG o.h.cfg.AnnotationConfiguration - Execute first pass mapping processing
23:46:45.475 [main] DEBUG o.h.cfg.AnnotationConfiguration - Process hbm files
23:46:45.475 [main] DEBUG o.h.cfg.AnnotationConfiguration - Process annotated classes
23:46:45.475 [main] INFO  org.hibernate.cfg.AnnotationBinder - Binding entity from annotated class: com.bigsale.orm.model.User
23:46:45.475 [main] DEBUG org.hibernate.cfg.Ejb3Column - Binding column: Ejb3DiscriminatorColumn{logicalColumnName&apos;DTYPE&apos;, discriminatorTypeName=&apos;string&apos;}
23:46:45.475 [main] DEBUG org.hibernate.cfg.AnnotationBinder - no value specified for &apos;javax.persistence.sharedCache.mode&apos;; using UNSPECIFIED
23:46:45.475 [main] DEBUG o.h.cfg.annotations.EntityBinder - Import with entity name User
23:46:45.475 [main] INFO  o.h.cfg.annotations.EntityBinder - Bind entity com.bigsale.orm.model.User on table USER
23:46:45.480 [main] DEBUG org.hibernate.cfg.Ejb3Column - Binding column: Ejb3Column{table=org.hibernate.mapping.Table(USER), mappingColumn=USER_ID, insertable=true, updatable=true, unique=true}
23:46:45.480 [main] DEBUG o.h.cfg.annotations.PropertyBinder - binding property userId with lazy=false
23:46:45.480 [main] DEBUG o.h.c.annotations.SimpleValueBinder - building SimpleValue for userId
23:46:45.481 [main] DEBUG o.h.cfg.annotations.PropertyBinder - Building property userId
23:46:45.481 [main] DEBUG org.hibernate.cfg.Ejb3Column - Binding column: Ejb3JoinColumn{logicalColumnName=&apos;address_id&apos;, referencedColumn=&apos;&apos;, mappedBy=&apos;&apos;}
23:46:45.481 [main] DEBUG org.hibernate.cfg.Ejb3Column - Binding column: Ejb3Column{table=org.hibernate.mapping.Table(USER), mappingColumn=address, insertable=true, updatable=true, unique=false}
23:46:45.481 [main] DEBUG o.h.cfg.annotations.PropertyBinder - Building property address
23:46:45.481 [main] DEBUG org.hibernate.cfg.Ejb3Column - Binding column: Ejb3Column{table=org.hibernate.mapping.Table(USER), mappingColumn=DATE_CREATED, insertable=true, updatable=true, unique=false}
23:46:45.482 [main] DEBUG o.h.cfg.annotations.PropertyBinder - binding property dateCreated with lazy=false
23:46:45.482 [main] DEBUG o.h.c.annotations.SimpleValueBinder - building SimpleValue for dateCreated
23:46:45.482 [main] DEBUG o.h.cfg.annotations.PropertyBinder - Building property dateCreated
23:46:45.482 [main] DEBUG org.hibernate.cfg.Ejb3Column - Binding column: Ejb3Column{table=org.hibernate.mapping.Table(USER), mappingColumn=EMAIL, insertable=true, updatable=true, unique=false}
23:46:45.482 [main] DEBUG o.h.cfg.annotations.PropertyBinder - binding property email with lazy=false
23:46:45.482 [main] DEBUG o.h.c.annotations.SimpleValueBinder - building SimpleValue for email
23:46:45.482 [main] DEBUG o.h.cfg.annotations.PropertyBinder - Building property email
23:46:45.483 [main] DEBUG org.hibernate.cfg.Ejb3Column - Binding column: Ejb3Column{table=org.hibernate.mapping.Table(USER), mappingColumn=FST_NAME, insertable=true, updatable=true, unique=false}
23:46:45.483 [main] DEBUG o.h.cfg.annotations.PropertyBinder - binding property firstName with lazy=false
23:46:45.483 [main] DEBUG o.h.c.annotations.SimpleValueBinder - building SimpleValue for firstName
23:46:45.483 [main] DEBUG o.h.cfg.annotations.PropertyBinder - Building property firstName
23:46:45.483 [main] DEBUG org.hibernate.cfg.Ejb3Column - Binding column: Ejb3Column{table=org.hibernate.mapping.Table(USER), mappingColumn=LST_NAME, insertable=true, updatable=true, unique=false}
23:46:45.483 [main] DEBUG o.h.cfg.annotations.PropertyBinder - binding property lastName with lazy=false
23:46:45.483 [main] DEBUG o.h.c.annotations.SimpleValueBinder - building SimpleValue for lastName
23:46:45.484 [main] DEBUG o.h.cfg.annotations.PropertyBinder - Building property lastName
23:46:45.484 [main] DEBUG org.hibernate.cfg.Ejb3Column - Binding column: Ejb3Column{table=org.hibernate.mapping.Table(USER), mappingColumn=USER_PASSWORD, insertable=true, updatable=true, unique=false}
23:46:45.484 [main] DEBUG o.h.cfg.annotations.PropertyBinder - binding property password with lazy=false
23:46:45.484 [main] DEBUG o.h.c.annotations.SimpleValueBinder - building SimpleValue for password
23:46:45.484 [main] DEBUG o.h.cfg.annotations.PropertyBinder - Building property password
23:46:45.484 [main] DEBUG org.hibernate.cfg.Ejb3Column - Binding column: Ejb3Column{table=org.hibernate.mapping.Table(USER), mappingColumn=USER_LEVEL, insertable=true, updatable=true, unique=false}
23:46:45.485 [main] DEBUG o.h.cfg.annotations.PropertyBinder - binding property userLevel with lazy=false
23:46:45.485 [main] DEBUG o.h.c.annotations.SimpleValueBinder - building SimpleValue for userLevel
23:46:45.485 [main] DEBUG o.h.cfg.annotations.PropertyBinder - Building property userLevel
23:46:45.485 [main] DEBUG org.hibernate.cfg.Ejb3Column - Binding column: Ejb3Column{table=org.hibernate.mapping.Table(USER), mappingColumn=USER_TYPE, insertable=true, updatable=true, unique=false}
23:46:45.485 [main] DEBUG o.h.cfg.annotations.PropertyBinder - binding property userType with lazy=false
23:46:45.485 [main] DEBUG o.h.c.annotations.SimpleValueBinder - building SimpleValue for userType
23:46:45.485 [main] DEBUG o.h.cfg.annotations.PropertyBinder - Building property userType
23:46:45.486 [main] INFO  org.hibernate.cfg.AnnotationBinder - Binding entity from annotated class: com.bigsale.orm.model.Address
23:46:45.486 [main] DEBUG org.hibernate.cfg.Ejb3Column - Binding column: Ejb3DiscriminatorColumn{logicalColumnName&apos;DTYPE&apos;, discriminatorTypeName=&apos;string&apos;}
23:46:45.486 [main] DEBUG org.hibernate.cfg.AnnotationBinder - no value specified for &apos;javax.persistence.sharedCache.mode&apos;; using UNSPECIFIED
23:46:45.486 [main] DEBUG o.h.cfg.annotations.EntityBinder - Import with entity name Address
23:46:45.486 [main] INFO  o.h.cfg.annotations.EntityBinder - Bind entity com.bigsale.orm.model.Address on table address
23:46:45.489 [main] DEBUG org.hibernate.cfg.Ejb3Column - Binding column: Ejb3Column{table=org.hibernate.mapping.Table(address), mappingColumn=ADDR_ID, insertable=true, updatable=true, unique=true}
23:46:45.489 [main] DEBUG o.h.cfg.annotations.PropertyBinder - binding property addrId with lazy=false
23:46:45.489 [main] DEBUG o.h.c.annotations.SimpleValueBinder - building SimpleValue for addrId
23:46:45.489 [main] DEBUG o.h.cfg.annotations.PropertyBinder - Building property addrId
23:46:45.490 [main] DEBUG org.hibernate.cfg.Ejb3Column - Binding column: Ejb3Column{table=org.hibernate.mapping.Table(address), mappingColumn=ADDR_CITY, insertable=true, updatable=true, unique=false}
23:46:45.490 [main] DEBUG o.h.cfg.annotations.PropertyBinder - binding property city with lazy=false
23:46:45.490 [main] DEBUG o.h.c.annotations.SimpleValueBinder - building SimpleValue for city
23:46:45.490 [main] DEBUG o.h.cfg.annotations.PropertyBinder - Building property city
23:46:45.490 [main] DEBUG org.hibernate.cfg.Ejb3Column - Binding column: Ejb3Column{table=org.hibernate.mapping.Table(address), mappingColumn=ADDR_STATE, insertable=true, updatable=true, unique=false}
23:46:45.491 [main] DEBUG o.h.cfg.annotations.PropertyBinder - binding property state with lazy=false
23:46:45.491 [main] DEBUG o.h.c.annotations.SimpleValueBinder - building SimpleValue for state
23:46:45.491 [main] DEBUG o.h.cfg.annotations.PropertyBinder - Building property state
23:46:45.491 [main] DEBUG org.hibernate.cfg.Ejb3Column - Binding column: Ejb3Column{table=org.hibernate.mapping.Table(address), mappingColumn=ADDR_STREET, insertable=true, updatable=true, unique=false}
23:46:45.491 [main] DEBUG o.h.cfg.annotations.PropertyBinder - binding property street with lazy=false
23:46:45.491 [main] DEBUG o.h.c.annotations.SimpleValueBinder - building SimpleValue for street
23:46:45.491 [main] DEBUG o.h.cfg.annotations.PropertyBinder - Building property street
23:46:45.492 [main] DEBUG org.hibernate.cfg.Ejb3Column - Binding column: Ejb3JoinColumn{logicalColumnName=&apos;ADDR_ID&apos;, referencedColumn=&apos;&apos;, mappedBy=&apos;&apos;}
23:46:45.492 [main] DEBUG org.hibernate.cfg.Ejb3Column - Binding column: Ejb3Column{table=org.hibernate.mapping.Table(address), mappingColumn=users, insertable=true, updatable=true, unique=false}
23:46:45.492 [main] DEBUG org.hibernate.cfg.Ejb3Column - Binding column: Ejb3Column{table=org.hibernate.mapping.Table(address), mappingColumn=USER_IDX, insertable=true, updatable=true, unique=false}
23:46:45.492 [main] DEBUG org.hibernate.cfg.Ejb3Column - Binding column: Ejb3Column{table=org.hibernate.mapping.Table(address), mappingColumn=element, insertable=true, updatable=true, unique=false}
23:46:45.492 [main] DEBUG org.hibernate.cfg.Ejb3Column - Binding column: Ejb3Column{table=org.hibernate.mapping.Table(address), mappingColumn=users_KEY, insertable=true, updatable=true, unique=false}
23:46:45.492 [main] DEBUG org.hibernate.cfg.Ejb3Column - Binding column: Ejb3JoinColumn{logicalColumnName=&apos;users_KEY&apos;, referencedColumn=&apos;null&apos;, mappedBy=&apos;null&apos;}
23:46:45.493 [main] DEBUG org.hibernate.cfg.Ejb3Column - Binding column: Ejb3JoinColumn{logicalColumnName=&apos;null&apos;, referencedColumn=&apos;null&apos;, mappedBy=&apos;&apos;}
23:46:45.493 [main] DEBUG org.hibernate.cfg.Ejb3Column - Binding column: Ejb3JoinColumn{logicalColumnName=&apos;null&apos;, referencedColumn=&apos;null&apos;, mappedBy=&apos;&apos;}
23:46:45.493 [main] DEBUG o.h.cfg.annotations.CollectionBinder - Collection role: com.bigsale.orm.model.Address.users
23:46:45.493 [main] DEBUG o.h.cfg.annotations.PropertyBinder - Building property users
23:46:45.493 [main] DEBUG org.hibernate.cfg.Ejb3Column - Binding column: Ejb3Column{table=org.hibernate.mapping.Table(address), mappingColumn=ADDR_ZIPCODE, insertable=true, updatable=true, unique=false}
23:46:45.493 [main] DEBUG o.h.cfg.annotations.PropertyBinder - binding property zipcode with lazy=false
23:46:45.494 [main] DEBUG o.h.c.annotations.SimpleValueBinder - building SimpleValue for zipcode
23:46:45.494 [main] DEBUG o.h.cfg.annotations.PropertyBinder - Building property zipcode
23:46:45.494 [main] DEBUG o.h.c.annotations.SimpleValueBinder - setting SimpleValue typeName for userId
23:46:45.494 [main] DEBUG o.h.c.annotations.SimpleValueBinder - setting SimpleValue typeName for dateCreated
23:46:45.494 [main] DEBUG o.h.c.annotations.SimpleValueBinder - setting SimpleValue typeName for email
23:46:45.494 [main] DEBUG o.h.c.annotations.SimpleValueBinder - setting SimpleValue typeName for firstName
23:46:45.494 [main] DEBUG o.h.c.annotations.SimpleValueBinder - setting SimpleValue typeName for lastName
23:46:45.494 [main] DEBUG o.h.c.annotations.SimpleValueBinder - setting SimpleValue typeName for password
23:46:45.494 [main] DEBUG o.h.c.annotations.SimpleValueBinder - setting SimpleValue typeName for userLevel
23:46:45.494 [main] DEBUG o.h.c.annotations.SimpleValueBinder - setting SimpleValue typeName for userType
23:46:45.494 [main] DEBUG o.h.c.annotations.SimpleValueBinder - setting SimpleValue typeName for addrId
23:46:45.494 [main] DEBUG o.h.c.annotations.SimpleValueBinder - setting SimpleValue typeName for city
23:46:45.495 [main] DEBUG o.h.c.annotations.SimpleValueBinder - setting SimpleValue typeName for state
23:46:45.495 [main] DEBUG o.h.c.annotations.SimpleValueBinder - setting SimpleValue typeName for street
23:46:45.495 [main] DEBUG o.h.c.annotations.SimpleValueBinder - setting SimpleValue typeName for zipcode
23:46:45.495 [main] DEBUG o.h.cfg.AnnotationConfiguration - processing fk mappings (*ToOne and JoinedSubclass)
23:46:45.495 [main] DEBUG org.hibernate.cfg.Configuration - processing extends queue
23:46:45.495 [main] DEBUG org.hibernate.cfg.Configuration - processing collection mappings
23:46:45.495 [main] DEBUG o.hibernate.cfg.CollectionSecondPass - Second pass for collection: com.bigsale.orm.model.Address.users
23:46:45.495 [main] DEBUG o.h.cfg.annotations.CollectionBinder - Binding a OneToMany: com.bigsale.orm.model.Address.users through a foreign key
23:46:45.495 [main] INFO  o.h.cfg.annotations.CollectionBinder - Mapping collection: com.bigsale.orm.model.Address.users -&gt; USER
23:46:45.496 [main] DEBUG o.hibernate.cfg.CollectionSecondPass - Mapped collection key: ADDR_ID, one-to-many: com.bigsale.orm.model.User
23:46:45.496 [main] DEBUG org.hibernate.cfg.Configuration - processing native query and ResultSetMapping mappings
23:46:45.496 [main] DEBUG org.hibernate.cfg.Configuration - processing association property references
23:46:45.496 [main] DEBUG org.hibernate.cfg.Configuration - processing foreign key constraints
23:46:45.496 [main] DEBUG org.hibernate.cfg.Configuration - resolving reference to class: com.bigsale.orm.model.Address
23:46:45.496 [main] DEBUG org.hibernate.cfg.Configuration - resolving reference to class: com.bigsale.orm.model.Address
23:46:45.497 [main] INFO  o.h.cfg.AnnotationConfiguration - Hibernate Validator not found: ignoring
23:46:45.498 [main] DEBUG o.s.b.f.s.DefaultListableBeanFactory - Retrieved dependent beans for bean &apos;dataSource&apos;: [sessionFactory]
23:46:45.498 [main] DEBUG o.s.b.f.s.DisposableBeanAdapter - Invoking destroy method &apos;close&apos; on bean with name &apos;dataSource&apos;
23:46:45.499 [main] INFO  o.s.b.f.s.DefaultListableBeanFactory - Destroying singletons in org.springframework.beans.factory.support.DefaultListableBeanFactory@58ae3b45: defining beans [contactController,helloWorldController,adminAddUserFormController,/admin,userController,userRepository,userService,helloSpring,helloSpringAnnotation,org.springframework.context.annotation.internalConfigurationAnnotationProcessor,org.springframework.context.annotation.internalAutowiredAnnotationProcessor,org.springframework.context.annotation.internalRequiredAnnotationProcessor,org.springframework.context.annotation.internalCommonAnnotationProcessor,org.springframework.context.annotation.internalPersistenceAnnotationProcessor,org.springframework.beans.factory.config.PropertyPlaceholderConfigurer#0,sessionFactory,transactionManager,org.springframework.context.annotation.ConfigurationClassPostProcessor$ImportAwareBeanPostProcessor#0]; root of factory hierarchy
23:46:45.502 [main] ERROR ConfigurableDispatcherServlet - Context initialization failed
org.springframework.beans.factory.BeanCreationException: Error creating bean with name &apos;userRepository&apos;: Injection of autowired dependencies failed; nested exception is org.springframework.beans.factory.BeanCreationException: Could not autowire method: public void com.bigsale.orm.dao.UserRepository.setSessionFactory(org.hibernate.SessionFactory); nested exception is org.springframework.beans.factory.BeanCreationException: Error creating bean with name &apos;sessionFactory&apos; defined in class path resource [hibernate.xml]: Invocation of init method failed; nested exception is java.lang.ClassFormatError: Absent Code attribute in method that is not native or abstract in class file javax/validation/Validation
	at org.springframework.beans.factory.annotation.AutowiredAnnotationBeanPostProcessor.postProcessPropertyValues(AutowiredAnnotationBeanPostProcessor.java:287) ~[spring-beans-3.1.2.RELEASE.jar:3.1.2.RELEASE]
	at org.springframework.beans.factory.support.AbstractAutowireCapableBeanFactory.populateBean(AbstractAutowireCapableBeanFactory.java:1106) ~[spring-beans-3.1.2.RELEASE.jar:3.1.2.RELEASE]
	at org.springframework.beans.factory.support.AbstractAutowireCapableBeanFactory.doCreateBean(AbstractAutowireCapableBeanFactory.java:517) ~[spring-beans-3.1.2.RELEASE.jar:3.1.2.RELEASE]
	at org.springframework.beans.factory.support.AbstractAutowireCapableBeanFactory.createBean(AbstractAutowireCapableBeanFactory.java:456) ~[spring-beans-3.1.2.RELEASE.jar:3.1.2.RELEASE]
	at org.springframework.beans.factory.support.AbstractBeanFactory$1.getObject(AbstractBeanFactory.java:294) ~[spring-beans-3.1.2.RELEASE.jar:3.1.2.RELEASE]
	at org.springframework.beans.factory.support.DefaultSingletonBeanRegistry.getSingleton(DefaultSingletonBeanRegistry.java:225) ~[spring-beans-3.1.2.RELEASE.jar:3.1.2.RELEASE]
	at org.springframework.beans.factory.support.AbstractBeanFactory.doGetBean(AbstractBeanFactory.java:291) ~[spring-beans-3.1.2.RELEASE.jar:3.1.2.RELEASE]
	at org.springframework.beans.factory.support.AbstractBeanFactory.getBean(AbstractBeanFactory.java:193) ~[spring-beans-3.1.2.RELEASE.jar:3.1.2.RELEASE]
	at org.springframework.beans.factory.support.DefaultListableBeanFactory.preInstantiateSingletons(DefaultListableBeanFactory.java:609) ~[spring-beans-3.1.2.RELEASE.jar:3.1.2.RELEASE]
	at org.springframework.context.support.AbstractApplicationContext.finishBeanFactoryInitialization(AbstractApplicationContext.java:918) ~[spring-context-3.1.2.RELEASE.jar:3.1.2.RELEASE]
	at org.springframework.context.support.AbstractApplicationContext.refresh(AbstractApplicationContext.java:469) ~[spring-context-3.1.2.RELEASE.jar:3.1.2.RELEASE]
	at ConfigurableDispatcherServlet.createWebApplicationContext(ConfigurableDispatcherServlet.java:78) ~[test-classes/:na]
	at org.springframework.web.servlet.FrameworkServlet.createWebApplicationContext(FrameworkServlet.java:645) ~[spring-webmvc-3.1.2.RELEASE.jar:3.1.2.RELEASE]
	at org.springframework.web.servlet.FrameworkServlet.initWebApplicationContext(FrameworkServlet.java:508) ~[spring-webmvc-3.1.2.RELEASE.jar:3.1.2.RELEASE]
	at org.springframework.web.servlet.FrameworkServlet.initServletBean(FrameworkServlet.java:449) ~[spring-webmvc-3.1.2.RELEASE.jar:3.1.2.RELEASE]
	at org.springframework.web.servlet.HttpServletBean.init(HttpServletBean.java:133) [spring-webmvc-3.1.2.RELEASE.jar:3.1.2.RELEASE]
	at javax.servlet.GenericServlet.init(GenericServlet.java:241) [servlet-api-2.5.jar:2.5]
	at AbstractDispatcherServletTest.buildDispatcherServlet(AbstractDispatcherServletTest.java:89) [test-classes/:na]
	at AbstractDispatcherServletTest.runService(AbstractDispatcherServletTest.java:95) [test-classes/:na]
	at AdminAddUserFormControllerTest.shallReturnViewAndResultProperly_AfterAddingBuyer(AdminAddUserFormControllerTest.java:29) [test-classes/:na]
	at sun.reflect.NativeMethodAccessorImpl.invoke0(Native Method) ~[na:1.7.0_05]
	at sun.reflect.NativeMethodAccessorImpl.invoke(NativeMethodAccessorImpl.java:57) ~[na:1.7.0_05]
	at sun.reflect.DelegatingMethodAccessorImpl.invoke(DelegatingMethodAccessorImpl.java:43) ~[na:1.7.0_05]
	at java.lang.reflect.Method.invoke(Method.java:601) ~[na:1.7.0_05]
	at org.junit.runners.model.FrameworkMethod$1.runReflectiveCall(FrameworkMethod.java:44) [junit-dep-4.8.1.jar:na]
	at org.junit.internal.runners.model.ReflectiveCallable.run(ReflectiveCallable.java:15) [junit-dep-4.8.1.jar:na]
	at org.junit.runners.model.FrameworkMethod.invokeExplosively(FrameworkMethod.java:41) [junit-dep-4.8.1.jar:na]
	at org.junit.internal.runners.statements.InvokeMethod.evaluate(InvokeMethod.java:20) [junit-dep-4.8.1.jar:na]
	at org.junit.internal.runners.statements.RunAfters.evaluate(RunAfters.java:31) [junit-dep-4.8.1.jar:na]
	at org.junit.runners.BlockJUnit4ClassRunner.runChild(BlockJUnit4ClassRunner.java:76) [junit-dep-4.8.1.jar:na]
	at org.junit.runners.BlockJUnit4ClassRunner.runChild(BlockJUnit4ClassRunner.java:50) [junit-dep-4.8.1.jar:na]
	at org.junit.runners.ParentRunner$3.run(ParentRunner.java:193) [junit-dep-4.8.1.jar:na]
	at org.junit.runners.ParentRunner$1.schedule(ParentRunner.java:52) [junit-dep-4.8.1.jar:na]
	at org.junit.runners.ParentRunner.runChildren(ParentRunner.java:191) [junit-dep-4.8.1.jar:na]
	at org.junit.runners.ParentRunner.access$000(ParentRunner.java:42) [junit-dep-4.8.1.jar:na]
	at org.junit.runners.ParentRunner$2.evaluate(ParentRunner.java:184) [junit-dep-4.8.1.jar:na]
	at org.junit.runners.ParentRunner.run(ParentRunner.java:236) [junit-dep-4.8.1.jar:na]
	at org.apache.maven.surefire.junit4.JUnit4TestSet.execute(JUnit4TestSet.java:35) [surefire-junit4-2.7.2.jar:2.7.2]
	at org.apache.maven.surefire.junit4.JUnit4Provider.executeTestSet(JUnit4Provider.java:115) [surefire-junit4-2.7.2.jar:2.7.2]
	at org.apache.maven.surefire.junit4.JUnit4Provider.invoke(JUnit4Provider.java:97) [surefire-junit4-2.7.2.jar:2.7.2]
	at sun.reflect.NativeMethodAccessorImpl.invoke0(Native Method) ~[na:1.7.0_05]
	at sun.reflect.NativeMethodAccessorImpl.invoke(NativeMethodAccessorImpl.java:57) ~[na:1.7.0_05]
	at sun.reflect.DelegatingMethodAccessorImpl.invoke(DelegatingMethodAccessorImpl.java:43) ~[na:1.7.0_05]
	at java.lang.reflect.Method.invoke(Method.java:601) ~[na:1.7.0_05]
	at org.apache.maven.surefire.booter.ProviderFactory$ClassLoaderProxy.invoke(ProviderFactory.java:103) [surefire-booter-2.7.2.jar:2.7.2]
	at $Proxy0.invoke(Unknown Source) [na:na]
	at org.apache.maven.surefire.booter.SurefireStarter.invokeProvider(SurefireStarter.java:150) [surefire-booter-2.7.2.jar:2.7.2]
	at org.apache.maven.surefire.booter.SurefireStarter.runSuitesInProcess(SurefireStarter.java:91) [surefire-booter-2.7.2.jar:2.7.2]
	at org.apache.maven.surefire.booter.ForkedBooter.main(ForkedBooter.java:69) [surefire-booter-2.7.2.jar:2.7.2]
Caused by: org.springframework.beans.factory.BeanCreationException: Could not autowire method: public void com.bigsale.orm.dao.UserRepository.setSessionFactory(org.hibernate.SessionFactory); nested exception is org.springframework.beans.factory.BeanCreationException: Error creating bean with name &apos;sessionFactory&apos; defined in class path resource [hibernate.xml]: Invocation of init method failed; nested exception is java.lang.ClassFormatError: Absent Code attribute in method that is not native or abstract in class file javax/validation/Validation
	at org.springframework.beans.factory.annotation.AutowiredAnnotationBeanPostProcessor$AutowiredMethodElement.inject(AutowiredAnnotationBeanPostProcessor.java:593) ~[spring-beans-3.1.2.RELEASE.jar:3.1.2.RELEASE]
	at org.springframework.beans.factory.annotation.InjectionMetadata.inject(InjectionMetadata.java:87) ~[spring-beans-3.1.2.RELEASE.jar:3.1.2.RELEASE]
	at org.springframework.beans.factory.annotation.AutowiredAnnotationBeanPostProcessor.postProcessPropertyValues(AutowiredAnnotationBeanPostProcessor.java:284) ~[spring-beans-3.1.2.RELEASE.jar:3.1.2.RELEASE]
	... 48 common frames omitted
Caused by: org.springframework.beans.factory.BeanCreationException: Error creating bean with name &apos;sessionFactory&apos; defined in class path resource [hibernate.xml]: Invocation of init method failed; nested exception is java.lang.ClassFormatError: Absent Code attribute in method that is not native or abstract in class file javax/validation/Validation
	at org.springframework.beans.factory.support.AbstractAutowireCapableBeanFactory.initializeBean(AbstractAutowireCapableBeanFactory.java:1455) ~[spring-beans-3.1.2.RELEASE.jar:3.1.2.RELEASE]
	at org.springframework.beans.factory.support.AbstractAutowireCapableBeanFactory.doCreateBean(AbstractAutowireCapableBeanFactory.java:519) ~[spring-beans-3.1.2.RELEASE.jar:3.1.2.RELEASE]
	at org.springframework.beans.factory.support.AbstractAutowireCapableBeanFactory.createBean(AbstractAutowireCapableBeanFactory.java:456) ~[spring-beans-3.1.2.RELEASE.jar:3.1.2.RELEASE]
	at org.springframework.beans.factory.support.AbstractBeanFactory$1.getObject(AbstractBeanFactory.java:294) ~[spring-beans-3.1.2.RELEASE.jar:3.1.2.RELEASE]
	at org.springframework.beans.factory.support.DefaultSingletonBeanRegistry.getSingleton(DefaultSingletonBeanRegistry.java:225) ~[spring-beans-3.1.2.RELEASE.jar:3.1.2.RELEASE]
	at org.springframework.beans.factory.support.AbstractBeanFactory.doGetBean(AbstractBeanFactory.java:291) ~[spring-beans-3.1.2.RELEASE.jar:3.1.2.RELEASE]
	at org.springframework.beans.factory.support.AbstractBeanFactory.getBean(AbstractBeanFactory.java:193) ~[spring-beans-3.1.2.RELEASE.jar:3.1.2.RELEASE]
	at org.springframework.beans.factory.support.DefaultListableBeanFactory.findAutowireCandidates(DefaultListableBeanFactory.java:876) ~[spring-beans-3.1.2.RELEASE.jar:3.1.2.RELEASE]
	at org.springframework.beans.factory.support.DefaultListableBeanFactory.doResolveDependency(DefaultListableBeanFactory.java:818) ~[spring-beans-3.1.2.RELEASE.jar:3.1.2.RELEASE]
	at org.springframework.beans.factory.support.DefaultListableBeanFactory.resolveDependency(DefaultListableBeanFactory.java:735) ~[spring-beans-3.1.2.RELEASE.jar:3.1.2.RELEASE]
	at org.springframework.beans.factory.annotation.AutowiredAnnotationBeanPostProcessor$AutowiredMethodElement.inject(AutowiredAnnotationBeanPostProcessor.java:551) ~[spring-beans-3.1.2.RELEASE.jar:3.1.2.RELEASE]
	... 50 common frames omitted
Caused by: java.lang.ClassFormatError: Absent Code attribute in method that is not native or abstract in class file javax/validation/Validation
	at java.lang.ClassLoader.defineClass1(Native Method) ~[na:1.7.0_05]
	at java.lang.ClassLoader.defineClass(ClassLoader.java:791) ~[na:1.7.0_05]
	at java.security.SecureClassLoader.defineClass(SecureClassLoader.java:142) ~[na:1.7.0_05]
	at java.net.URLClassLoader.defineClass(URLClassLoader.java:449) ~[na:1.7.0_05]
	at java.net.URLClassLoader.access$100(URLClassLoader.java:71) ~[na:1.7.0_05]
	at java.net.URLClassLoader$1.run(URLClassLoader.java:361) ~[na:1.7.0_05]
	at java.net.URLClassLoader$1.run(URLClassLoader.java:355) ~[na:1.7.0_05]
	at java.security.AccessController.doPrivileged(Native Method) ~[na:1.7.0_05]
	at java.net.URLClassLoader.findClass(URLClassLoader.java:354) ~[na:1.7.0_05]
	at java.lang.ClassLoader.loadClass(ClassLoader.java:423) ~[na:1.7.0_05]
	at sun.misc.Launcher$AppClassLoader.loadClass(Launcher.java:308) ~[na:1.7.0_05]
	at java.lang.ClassLoader.loadClass(ClassLoader.java:356) ~[na:1.7.0_05]
	at java.lang.Class.forName0(Native Method) ~[na:1.7.0_05]
	at java.lang.Class.forName(Class.java:264) ~[na:1.7.0_05]
	at org.hibernate.util.ReflectHelper.classForName(ReflectHelper.java:170) ~[hibernate-core-3.5.6-Final.jar:3.5.6-Final]
	at org.hibernate.cfg.beanvalidation.BeanValidationActivator.applyDDL(BeanValidationActivator.java:80) ~[hibernate-annotations-3.5.6-Final.jar:3.5.6-Final]
	at org.hibernate.cfg.AnnotationConfiguration.applyBeanValidationConstraintsOnDDL(AnnotationConfiguration.java:477) ~[hibernate-annotations-3.5.6-Final.jar:3.5.6-Final]
	at org.hibernate.cfg.AnnotationConfiguration.applyConstraintsToDDL(AnnotationConfiguration.java:429) ~[hibernate-annotations-3.5.6-Final.jar:3.5.6-Final]
	at org.hibernate.cfg.AnnotationConfiguration.secondPassCompile(AnnotationConfiguration.java:403) ~[hibernate-annotations-3.5.6-Final.jar:3.5.6-Final]
	at org.hibernate.cfg.Configuration.buildMappings(Configuration.java:1206) ~[hibernate-core-3.5.6-Final.jar:3.5.6-Final]
	at org.springframework.orm.hibernate3.LocalSessionFactoryBean.buildSessionFactory(LocalSessionFactoryBean.java:717) ~[spring-orm-3.1.2.RELEASE.jar:3.1.2.RELEASE]
	at org.springframework.orm.hibernate3.AbstractSessionFactoryBean.afterPropertiesSet(AbstractSessionFactoryBean.java:188) ~[spring-orm-3.1.2.RELEASE.jar:3.1.2.RELEASE]
	at org.springframework.beans.factory.support.AbstractAutowireCapableBeanFactory.invokeInitMethods(AbstractAutowireCapableBeanFactory.java:1514) ~[spring-beans-3.1.2.RELEASE.jar:3.1.2.RELEASE]
	at org.springframework.beans.factory.support.AbstractAutowireCapableBeanFactory.initializeBean(AbstractAutowireCapableBeanFactory.java:1452) ~[spring-beans-3.1.2.RELEASE.jar:3.1.2.RELEASE]
	... 60 common frames omitted
</system-out>
  </testcase>
  <testcase time="0.323" classname="AdminAddUserFormControllerTest" name="shallReturnViewAndResultProperly_AfterAddingBuyer">
    <error type="java.lang.NullPointerException">java.lang.NullPointerException
	at AbstractDispatcherServletTest.closeServletContext(AbstractDispatcherServletTest.java:147)
	at sun.reflect.NativeMethodAccessorImpl.invoke0(Native Method)
	at sun.reflect.NativeMethodAccessorImpl.invoke(NativeMethodAccessorImpl.java:57)
	at sun.reflect.DelegatingMethodAccessorImpl.invoke(DelegatingMethodAccessorImpl.java:43)
	at java.lang.reflect.Method.invoke(Method.java:601)
	at org.junit.runners.model.FrameworkMethod$1.runReflectiveCall(FrameworkMethod.java:44)
	at org.junit.internal.runners.model.ReflectiveCallable.run(ReflectiveCallable.java:15)
	at org.junit.runners.model.FrameworkMethod.invokeExplosively(FrameworkMethod.java:41)
	at org.junit.internal.runners.statements.RunAfters.evaluate(RunAfters.java:37)
	at org.junit.runners.BlockJUnit4ClassRunner.runChild(BlockJUnit4ClassRunner.java:76)
	at org.junit.runners.BlockJUnit4ClassRunner.runChild(BlockJUnit4ClassRunner.java:50)
	at org.junit.runners.ParentRunner$3.run(ParentRunner.java:193)
	at org.junit.runners.ParentRunner$1.schedule(ParentRunner.java:52)
	at org.junit.runners.ParentRunner.runChildren(ParentRunner.java:191)
	at org.junit.runners.ParentRunner.access$000(ParentRunner.java:42)
	at org.junit.runners.ParentRunner$2.evaluate(ParentRunner.java:184)
	at org.junit.runners.ParentRunner.run(ParentRunner.java:236)
	at org.apache.maven.surefire.junit4.JUnit4TestSet.execute(JUnit4TestSet.java:35)
	at org.apache.maven.surefire.junit4.JUnit4Provider.executeTestSet(JUnit4Provider.java:115)
	at org.apache.maven.surefire.junit4.JUnit4Provider.invoke(JUnit4Provider.java:97)
	at sun.reflect.NativeMethodAccessorImpl.invoke0(Native Method)
	at sun.reflect.NativeMethodAccessorImpl.invoke(NativeMethodAccessorImpl.java:57)
	at sun.reflect.DelegatingMethodAccessorImpl.invoke(DelegatingMethodAccessorImpl.java:43)
	at java.lang.reflect.Method.invoke(Method.java:601)
	at org.apache.maven.surefire.booter.ProviderFactory$ClassLoaderProxy.invoke(ProviderFactory.java:103)
	at $Proxy0.invoke(Unknown Source)
	at org.apache.maven.surefire.booter.SurefireStarter.invokeProvider(SurefireStarter.java:150)
	at org.apache.maven.surefire.booter.SurefireStarter.runSuitesInProcess(SurefireStarter.java:91)
	at org.apache.maven.surefire.booter.ForkedBooter.main(ForkedBooter.java:69)
</error>
  </testcase>
</testsuite>