<?xml version="1.0" encoding="UTF-8" ?>
<testsuite failures="0" time="0.036" errors="0" skipped="0" tests="1" name="com.bigsale.AppTest">
  <properties>
    <property name="java.runtime.name" value="Java(TM) SE Runtime Environment"/>
    <property name="sun.boot.library.path" value="/Library/Java/JavaVirtualMachines/1.7.0.jdk/Contents/Home/jre/lib"/>
    <property name="java.vm.version" value="23.1-b03"/>
    <property name="user.country.format" value="AU"/>
    <property name="gopherProxySet" value="false"/>
    <property name="java.vm.vendor" value="Oracle Corporation"/>
    <property name="java.vendor.url" value="http://java.oracle.com/"/>
    <property name="path.separator" value=":"/>
    <property name="java.vm.name" value="Java HotSpot(TM) 64-Bit Server VM"/>
    <property name="file.encoding.pkg" value="sun.io"/>
    <property name="user.country" value="US"/>
    <property name="sun.java.launcher" value="SUN_STANDARD"/>
    <property name="sun.os.patch.level" value="unknown"/>
    <property name="java.vm.specification.name" value="Java Virtual Machine Specification"/>
    <property name="user.dir" value="/Users/hanmoi/git/bigsale"/>
    <property name="java.runtime.version" value="1.7.0_05-b06"/>
    <property name="java.awt.graphicsenv" value="sun.awt.CGraphicsEnvironment"/>
    <property name="basedir" value="/Users/hanmoi/git/bigsale"/>
    <property name="java.endorsed.dirs" value="/Library/Java/JavaVirtualMachines/1.7.0.jdk/Contents/Home/jre/lib/endorsed"/>
    <property name="os.arch" value="x86_64"/>
    <property name="surefire.real.class.path" value="/Users/hanmoi/git/bigsale/target/surefire/surefirebooter1986216289600581451.jar"/>
    <property name="java.io.tmpdir" value="/var/folders/6c/5n4pnsb92pbblrdyw_jyfnk40000gn/T/"/>
    <property name="line.separator" value="
"/>
    <property name="java.vm.specification.vendor" value="Oracle Corporation"/>
    <property name="os.name" value="Mac OS X"/>
    <property name="sun.jnu.encoding" value="US-ASCII"/>
    <property name="java.library.path" value="/Applications/IntelliJ IDEA 11.app/Contents/Resources/Java:/System/Library/PrivateFrameworks/JavaApplicationLauncher.framework/Resources:/Users/hanmoi/Library/Java/Extensions:/Library/Java/Extensions:/Network/Library/Java/Extensions:/System/Library/Java/Extensions:/usr/lib/java:."/>
    <property name="surefire.test.class.path" value="/Users/hanmoi/git/bigsale/target/test-classes:/Users/hanmoi/git/bigsale/target/classes:/Users/hanmoi/.m2/repository/junit/junit/4.8.1/junit-4.8.1.jar:/Users/hanmoi/.m2/repository/org/mockito/mockito-all/1.8.5/mockito-all-1.8.5.jar:/Users/hanmoi/.m2/repository/org/springframework/spring-test/3.1.2.RELEASE/spring-test-3.1.2.RELEASE.jar:/Users/hanmoi/.m2/repository/org/springframework/spring-web/3.1.2.RELEASE/spring-web-3.1.2.RELEASE.jar:/Users/hanmoi/.m2/repository/aopalliance/aopalliance/1.0/aopalliance-1.0.jar:/Users/hanmoi/.m2/repository/org/springframework/spring-beans/3.1.2.RELEASE/spring-beans-3.1.2.RELEASE.jar:/Users/hanmoi/.m2/repository/org/springframework/spring-context/3.1.2.RELEASE/spring-context-3.1.2.RELEASE.jar:/Users/hanmoi/.m2/repository/org/springframework/spring-aop/3.1.2.RELEASE/spring-aop-3.1.2.RELEASE.jar:/Users/hanmoi/.m2/repository/org/springframework/spring-core/3.1.2.RELEASE/spring-core-3.1.2.RELEASE.jar:/Users/hanmoi/.m2/repository/commons-logging/commons-logging/1.1.1/commons-logging-1.1.1.jar:/Users/hanmoi/.m2/repository/org/springframework/spring-webmvc/3.1.2.RELEASE/spring-webmvc-3.1.2.RELEASE.jar:/Users/hanmoi/.m2/repository/org/springframework/spring-asm/3.1.2.RELEASE/spring-asm-3.1.2.RELEASE.jar:/Users/hanmoi/.m2/repository/org/springframework/spring-context-support/3.1.2.RELEASE/spring-context-support-3.1.2.RELEASE.jar:/Users/hanmoi/.m2/repository/org/springframework/spring-expression/3.1.2.RELEASE/spring-expression-3.1.2.RELEASE.jar:/Users/hanmoi/.m2/repository/javax/servlet/jstl/1.1.2/jstl-1.1.2.jar:/Users/hanmoi/.m2/repository/taglibs/standard/1.1.2/standard-1.1.2.jar:/Users/hanmoi/.m2/repository/javax/servlet/servlet-api/2.5/servlet-api-2.5.jar:/Users/hanmoi/.m2/repository/org/easytesting/fest-assert/1.4/fest-assert-1.4.jar:/Users/hanmoi/.m2/repository/org/easytesting/fest-util/1.1.6/fest-util-1.1.6.jar:/Users/hanmoi/.m2/repository/org/hibernate/hibernate-core/4.1.6.Final/hibernate-core-4.1.6.Final.jar:/Users/hanmoi/.m2/repository/antlr/antlr/2.7.7/antlr-2.7.7.jar:/Users/hanmoi/.m2/repository/org/jboss/logging/jboss-logging/3.1.0.GA/jboss-logging-3.1.0.GA.jar:/Users/hanmoi/.m2/repository/org/jboss/spec/javax/transaction/jboss-transaction-api_1.1_spec/1.0.0.Final/jboss-transaction-api_1.1_spec-1.0.0.Final.jar:/Users/hanmoi/.m2/repository/dom4j/dom4j/1.6.1/dom4j-1.6.1.jar:/Users/hanmoi/.m2/repository/org/hibernate/javax/persistence/hibernate-jpa-2.0-api/1.0.1.Final/hibernate-jpa-2.0-api-1.0.1.Final.jar:/Users/hanmoi/.m2/repository/org/javassist/javassist/3.15.0-GA/javassist-3.15.0-GA.jar:/Users/hanmoi/.m2/repository/org/hibernate/common/hibernate-commons-annotations/4.0.1.Final/hibernate-commons-annotations-4.0.1.Final.jar:/Users/hanmoi/.m2/repository/org/hibernate/hibernate-annotations/3.5.6-Final/hibernate-annotations-3.5.6-Final.jar:/Users/hanmoi/.m2/repository/org/hibernate/hibernate-commons-annotations/3.2.0.Final/hibernate-commons-annotations-3.2.0.Final.jar:/Users/hanmoi/.m2/repository/org/slf4j/slf4j-api/1.5.8/slf4j-api-1.5.8.jar:/Users/hanmoi/.m2/repository/org/hibernate/hibernate-cglib-repack/2.1_3/hibernate-cglib-repack-2.1_3.jar:/Users/hanmoi/.m2/repository/javax/javaee-api/6.0/javaee-api-6.0.jar:/Users/hanmoi/.m2/repository/org/hibernate/hibernate-validator/4.3.0.Final/hibernate-validator-4.3.0.Final.jar:/Users/hanmoi/.m2/repository/javax/validation/validation-api/1.0.0.GA/validation-api-1.0.0.GA.jar:"/>
    <property name="java.specification.name" value="Java Platform API Specification"/>
    <property name="java.class.version" value="51.0"/>
    <property name="sun.management.compiler" value="HotSpot 64-Bit Tiered Compilers"/>
    <property name="maven.repo.local" value="/Users/hanmoi/.m2/repository"/>
    <property name="os.version" value="10.8.1"/>
    <property name="http.nonProxyHosts" value="local|*.local|169.254/16|*.169.254/16"/>
    <property name="user.home" value="/Users/hanmoi"/>
    <property name="user.timezone" value=""/>
    <property name="java.awt.printerjob" value="sun.lwawt.macosx.CPrinterJob"/>
    <property name="java.specification.version" value="1.7"/>
    <property name="file.encoding" value="US-ASCII"/>
    <property name="user.name" value="hanmoi"/>
    <property name="java.class.path" value="/Users/hanmoi/git/bigsale/target/test-classes:/Users/hanmoi/git/bigsale/target/classes:/Users/hanmoi/.m2/repository/junit/junit/4.8.1/junit-4.8.1.jar:/Users/hanmoi/.m2/repository/org/mockito/mockito-all/1.8.5/mockito-all-1.8.5.jar:/Users/hanmoi/.m2/repository/org/springframework/spring-test/3.1.2.RELEASE/spring-test-3.1.2.RELEASE.jar:/Users/hanmoi/.m2/repository/org/springframework/spring-web/3.1.2.RELEASE/spring-web-3.1.2.RELEASE.jar:/Users/hanmoi/.m2/repository/aopalliance/aopalliance/1.0/aopalliance-1.0.jar:/Users/hanmoi/.m2/repository/org/springframework/spring-beans/3.1.2.RELEASE/spring-beans-3.1.2.RELEASE.jar:/Users/hanmoi/.m2/repository/org/springframework/spring-context/3.1.2.RELEASE/spring-context-3.1.2.RELEASE.jar:/Users/hanmoi/.m2/repository/org/springframework/spring-aop/3.1.2.RELEASE/spring-aop-3.1.2.RELEASE.jar:/Users/hanmoi/.m2/repository/org/springframework/spring-core/3.1.2.RELEASE/spring-core-3.1.2.RELEASE.jar:/Users/hanmoi/.m2/repository/commons-logging/commons-logging/1.1.1/commons-logging-1.1.1.jar:/Users/hanmoi/.m2/repository/org/springframework/spring-webmvc/3.1.2.RELEASE/spring-webmvc-3.1.2.RELEASE.jar:/Users/hanmoi/.m2/repository/org/springframework/spring-asm/3.1.2.RELEASE/spring-asm-3.1.2.RELEASE.jar:/Users/hanmoi/.m2/repository/org/springframework/spring-context-support/3.1.2.RELEASE/spring-context-support-3.1.2.RELEASE.jar:/Users/hanmoi/.m2/repository/org/springframework/spring-expression/3.1.2.RELEASE/spring-expression-3.1.2.RELEASE.jar:/Users/hanmoi/.m2/repository/javax/servlet/jstl/1.1.2/jstl-1.1.2.jar:/Users/hanmoi/.m2/repository/taglibs/standard/1.1.2/standard-1.1.2.jar:/Users/hanmoi/.m2/repository/javax/servlet/servlet-api/2.5/servlet-api-2.5.jar:/Users/hanmoi/.m2/repository/org/easytesting/fest-assert/1.4/fest-assert-1.4.jar:/Users/hanmoi/.m2/repository/org/easytesting/fest-util/1.1.6/fest-util-1.1.6.jar:/Users/hanmoi/.m2/repository/org/hibernate/hibernate-core/4.1.6.Final/hibernate-core-4.1.6.Final.jar:/Users/hanmoi/.m2/repository/antlr/antlr/2.7.7/antlr-2.7.7.jar:/Users/hanmoi/.m2/repository/org/jboss/logging/jboss-logging/3.1.0.GA/jboss-logging-3.1.0.GA.jar:/Users/hanmoi/.m2/repository/org/jboss/spec/javax/transaction/jboss-transaction-api_1.1_spec/1.0.0.Final/jboss-transaction-api_1.1_spec-1.0.0.Final.jar:/Users/hanmoi/.m2/repository/dom4j/dom4j/1.6.1/dom4j-1.6.1.jar:/Users/hanmoi/.m2/repository/org/hibernate/javax/persistence/hibernate-jpa-2.0-api/1.0.1.Final/hibernate-jpa-2.0-api-1.0.1.Final.jar:/Users/hanmoi/.m2/repository/org/javassist/javassist/3.15.0-GA/javassist-3.15.0-GA.jar:/Users/hanmoi/.m2/repository/org/hibernate/common/hibernate-commons-annotations/4.0.1.Final/hibernate-commons-annotations-4.0.1.Final.jar:/Users/hanmoi/.m2/repository/org/hibernate/hibernate-annotations/3.5.6-Final/hibernate-annotations-3.5.6-Final.jar:/Users/hanmoi/.m2/repository/org/hibernate/hibernate-commons-annotations/3.2.0.Final/hibernate-commons-annotations-3.2.0.Final.jar:/Users/hanmoi/.m2/repository/org/slf4j/slf4j-api/1.5.8/slf4j-api-1.5.8.jar:/Users/hanmoi/.m2/repository/org/hibernate/hibernate-cglib-repack/2.1_3/hibernate-cglib-repack-2.1_3.jar:/Users/hanmoi/.m2/repository/javax/javaee-api/6.0/javaee-api-6.0.jar:/Users/hanmoi/.m2/repository/org/hibernate/hibernate-validator/4.3.0.Final/hibernate-validator-4.3.0.Final.jar:/Users/hanmoi/.m2/repository/javax/validation/validation-api/1.0.0.GA/validation-api-1.0.0.GA.jar:"/>
    <property name="java.vm.specification.version" value="1.7"/>
    <property name="sun.arch.data.model" value="64"/>
    <property name="java.home" value="/Library/Java/JavaVirtualMachines/1.7.0.jdk/Contents/Home/jre"/>
    <property name="sun.java.command" value="/Users/hanmoi/git/bigsale/target/surefire/surefirebooter1986216289600581451.jar /Users/hanmoi/git/bigsale/target/surefire/surefire514356008598346828tmp /Users/hanmoi/git/bigsale/target/surefire/surefire8859029816181349240tmp"/>
    <property name="java.specification.vendor" value="Oracle Corporation"/>
    <property name="user.language" value="en"/>
    <property name="awt.toolkit" value="sun.lwawt.macosx.LWCToolkit"/>
    <property name="java.vm.info" value="mixed mode"/>
    <property name="java.version" value="1.7.0_05"/>
    <property name="java.ext.dirs" value="/Users/hanmoi/Library/Java/Extensions:/Library/Java/JavaVirtualMachines/1.7.0.jdk/Contents/Home/jre/lib/ext:/Library/Java/Extensions:/Network/Library/Java/Extensions:/System/Library/Java/Extensions:/usr/lib/java"/>
    <property name="sun.boot.class.path" value="/Library/Java/JavaVirtualMachines/1.7.0.jdk/Contents/Home/jre/lib/resources.jar:/Library/Java/JavaVirtualMachines/1.7.0.jdk/Contents/Home/jre/lib/rt.jar:/Library/Java/JavaVirtualMachines/1.7.0.jdk/Contents/Home/jre/lib/sunrsasign.jar:/Library/Java/JavaVirtualMachines/1.7.0.jdk/Contents/Home/jre/lib/jsse.jar:/Library/Java/JavaVirtualMachines/1.7.0.jdk/Contents/Home/jre/lib/jce.jar:/Library/Java/JavaVirtualMachines/1.7.0.jdk/Contents/Home/jre/lib/charsets.jar:/Library/Java/JavaVirtualMachines/1.7.0.jdk/Contents/Home/jre/lib/jfr.jar:/Library/Java/JavaVirtualMachines/1.7.0.jdk/Contents/Home/jre/lib/JObjC.jar:/Library/Java/JavaVirtualMachines/1.7.0.jdk/Contents/Home/jre/classes"/>
    <property name="java.vendor" value="Oracle Corporation"/>
    <property name="localRepository" value="/Users/hanmoi/.m2/repository"/>
    <property name="file.separator" value="/"/>
    <property name="java.vendor.url.bug" value="http://bugreport.sun.com/bugreport/"/>
    <property name="sun.cpu.endian" value="little"/>
    <property name="sun.io.unicode.encoding" value="UnicodeBig"/>
    <property name="socksNonProxyHosts" value="local|*.local|169.254/16|*.169.254/16"/>
    <property name="ftp.nonProxyHosts" value="local|*.local|169.254/16|*.169.254/16"/>
    <property name="sun.cpu.isalist" value=""/>
  </properties>
  <testcase time="0.001" classname="com.bigsale.AppTest" name="testApp"/>
</testsuite>